This is pdfTeX, Version 3.14159265-2.6-1.40.18 (TeX Live 2017) (preloaded format=pdflatex 2018.3.14)  31 AUG 2018 09:50
entering extended mode
 \write18 enabled.
 %&-line parsing enabled.
**latex_chol_to_sp.tex
(./latex_chol_to_sp.tex
LaTeX2e <2017-04-15>
Babel <3.18> and hyphenation patterns for 84 language(s) loaded.
(/usr/local/texlive/2017/texmf-dist/tex/latex/koma-script/scrbook.cls
Document Class: scrbook 2017/09/07 v3.24 KOMA-Script document class (book)
(/usr/local/texlive/2017/texmf-dist/tex/latex/koma-script/scrkbase.sty
Package: scrkbase 2017/09/07 v3.24 KOMA-Script package (KOMA-Script-dependent basics and keyval usage)
 (/usr/local/texlive/2017/texmf-dist/tex/latex/koma-script/scrbase.sty
Package: scrbase 2017/09/07 v3.24 KOMA-Script package (KOMA-Script-independent basics and keyval usage)
 (/usr/local/texlive/2017/texmf-dist/tex/latex/graphics/keyval.sty
Package: keyval 2014/10/28 v1.15 key=value parser (DPC)
\KV@toks@=\toks14
) (/usr/local/texlive/2017/texmf-dist/tex/latex/koma-script/scrlfile.sty
Package: scrlfile 2017/09/07 v3.24 KOMA-Script package (loading files)
))) (/usr/local/texlive/2017/texmf-dist/tex/latex/koma-script/tocbasic.sty
Package: tocbasic 2017/09/07 v3.24 KOMA-Script package (handling toc-files)
\scr@dte@tocline@numberwidth=\skip41
\scr@dte@tocline@numbox=\box26
)
Package tocbasic Info: omitting babel extension for `toc'
(tocbasic)             because of feature `nobabel' available
(tocbasic)             for `toc' on input line 135.
Package tocbasic Info: omitting babel extension for `lof'
(tocbasic)             because of feature `nobabel' available
(tocbasic)             for `lof' on input line 137.
Package tocbasic Info: omitting babel extension for `lot'
(tocbasic)             because of feature `nobabel' available
(tocbasic)             for `lot' on input line 138.
Package tocbasic Info: defining new hook before heading of `' on input line 1623.
Package scrbook Info: You've used standard option `10pt'.
(scrbook)             This is correct!
(scrbook)             Internally I'm using `fontsize=10pt'.
(scrbook)             If you'd like to set the option with \KOMAoptions,
(scrbook)             you'd have to use `fontsize=10pt' there
(scrbook)             instead of `10pt', too.
Class scrbook Info: File `scrsize10pt.clo' used to setup font sizes on input line 2296.
 (/usr/local/texlive/2017/texmf-dist/tex/latex/koma-script/scrsize10pt.clo
File: scrsize10pt.clo 2017/09/07 v3.24 KOMA-Script font size class option (10pt)
) (/usr/local/texlive/2017/texmf-dist/tex/latex/koma-script/typearea.sty
Package: typearea 2017/09/07 v3.24 KOMA-Script package (type area)
\ta@bcor=\skip42
\ta@div=\count79
\ta@hblk=\skip43
\ta@vblk=\skip44
\ta@temp=\skip45
\footheight=\skip46
Package typearea Info: These are the values describing the layout:
(typearea)             DIV  = 8
(typearea)             BCOR = 0.0pt
(typearea)             \paperwidth      = 597.50793pt
(typearea)              \textwidth      = 373.44246pt
(typearea)              DIV departure   = -4%
(typearea)              \evensidemargin = 77.107pt
(typearea)              \oddsidemargin  = 2.4185pt
(typearea)             \paperheight     = 845.04694pt
(typearea)              \textheight     = 538.0pt
(typearea)              \topmargin      = 0.36087pt
(typearea)              \headheight     = 15.0pt
(typearea)              \headsep        = 18.0pt
(typearea)              \topskip        = 10.0pt
(typearea)              \footskip       = 42.0pt
(typearea)              \baselineskip   = 12.0pt
(typearea)              on input line 1686.
)
\c@part=\count80
\c@chapter=\count81
\c@section=\count82
\c@subsection=\count83
\c@subsubsection=\count84
\c@paragraph=\count85
\c@subparagraph=\count86
\scr@dte@part@maxnumwidth=\skip47
\scr@dte@chapter@maxnumwidth=\skip48
\scr@dte@section@maxnumwidth=\skip49
\scr@dte@subsection@maxnumwidth=\skip50
\scr@dte@subsubsection@maxnumwidth=\skip51
\scr@dte@paragraph@maxnumwidth=\skip52
\scr@dte@subparagraph@maxnumwidth=\skip53
LaTeX Info: Redefining \textsubscript on input line 4966.
\abovecaptionskip=\skip54
\belowcaptionskip=\skip55
\c@pti@nb@sid@b@x=\box27
\c@figure=\count87
\c@table=\count88
Class scrbook Info: Redefining `\numberline' on input line 6142.
\bibindent=\dimen102
) (/usr/local/texlive/2017/texmf-dist/tex/latex/koma-script/scrhack.sty
Package: scrhack 2017/09/07 v3.24 KOMA-Script package 
 (/usr/local/texlive/2017/texmf-dist/tex/latex/xpatch/xpatch.sty (/usr/local/texlive/2017/texmf-dist/tex/latex/l3kernel/expl3.sty
Package: expl3 2018/02/21 L3 programming layer (loader) 
 (/usr/local/texlive/2017/texmf-dist/tex/latex/l3kernel/expl3-code.tex
Package: expl3 2018/02/21 L3 programming layer (code)
\c_max_int=\count89
\l_tmpa_int=\count90
\l_tmpb_int=\count91
\g_tmpa_int=\count92
\g_tmpb_int=\count93
\g__intarray_font_int=\count94
\g__prg_map_int=\count95
\c_log_iow=\count96
\l_iow_line_count_int=\count97
\l__iow_line_target_int=\count98
\l__iow_one_indent_int=\count99
\l__iow_indent_int=\count100
\c_zero_dim=\dimen103
\c_max_dim=\dimen104
\l_tmpa_dim=\dimen105
\l_tmpb_dim=\dimen106
\g_tmpa_dim=\dimen107
\g_tmpb_dim=\dimen108
\c_zero_skip=\skip56
\c_max_skip=\skip57
\l_tmpa_skip=\skip58
\l_tmpb_skip=\skip59
\g_tmpa_skip=\skip60
\g_tmpb_skip=\skip61
\c_zero_muskip=\muskip10
\c_max_muskip=\muskip11
\l_tmpa_muskip=\muskip12
\l_tmpb_muskip=\muskip13
\g_tmpa_muskip=\muskip14
\g_tmpb_muskip=\muskip15
\l_keys_choice_int=\count101
\c__fp_leading_shift_int=\count102
\c__fp_middle_shift_int=\count103
\c__fp_trailing_shift_int=\count104
\c__fp_big_leading_shift_int=\count105
\c__fp_big_middle_shift_int=\count106
\c__fp_big_trailing_shift_int=\count107
\c__fp_Bigg_leading_shift_int=\count108
\c__fp_Bigg_middle_shift_int=\count109
\c__fp_Bigg_trailing_shift_int=\count110
\c__fp_rand_size_int=\count111
\c__fp_rand_four_int=\count112
\c__fp_rand_eight_int=\count113
\l__sort_length_int=\count114
\l__sort_min_int=\count115
\l__sort_top_int=\count116
\l__sort_max_int=\count117
\l__sort_true_max_int=\count118
\l__sort_block_int=\count119
\l__sort_begin_int=\count120
\l__sort_end_int=\count121
\l__sort_A_int=\count122
\l__sort_B_int=\count123
\l__sort_C_int=\count124
\l__tl_build_start_index_int=\count125
\l__tl_build_index_int=\count126
\l__tl_analysis_normal_int=\count127
\l__tl_analysis_index_int=\count128
\l__tl_analysis_nesting_int=\count129
\l__tl_analysis_type_int=\count130
\l__regex_internal_a_int=\count131
\l__regex_internal_b_int=\count132
\l__regex_internal_c_int=\count133
\l__regex_balance_int=\count134
\l__regex_group_level_int=\count135
\l__regex_mode_int=\count136
\c__regex_cs_in_class_mode_int=\count137
\c__regex_cs_mode_int=\count138
\l__regex_catcodes_int=\count139
\l__regex_default_catcodes_int=\count140
\c__regex_catcode_D_int=\count141
\c__regex_catcode_S_int=\count142
\c__regex_catcode_L_int=\count143
\c__regex_catcode_O_int=\count144
\c__regex_catcode_A_int=\count145
\c__regex_all_catcodes_int=\count146
\l__regex_show_lines_int=\count147
\l__regex_min_state_int=\count148
\l__regex_max_state_int=\count149
\l__regex_left_state_int=\count150
\l__regex_right_state_int=\count151
\l__regex_capturing_group_int=\count152
\l__regex_min_pos_int=\count153
\l__regex_max_pos_int=\count154
\l__regex_curr_pos_int=\count155
\l__regex_start_pos_int=\count156
\l__regex_success_pos_int=\count157
\l__regex_curr_char_int=\count158
\l__regex_curr_catcode_int=\count159
\l__regex_last_char_int=\count160
\l__regex_case_changed_char_int=\count161
\l__regex_curr_state_int=\count162
\l__regex_step_int=\count163
\l__regex_min_active_int=\count164
\l__regex_max_active_int=\count165
\l__regex_replacement_csnames_int=\count166
\l__regex_match_count_int=\count167
\l__regex_min_submatch_int=\count168
\l__regex_submatch_int=\count169
\l__regex_zeroth_submatch_int=\count170
\g__regex_trace_regex_int=\count171
\c_empty_box=\box28
\l_tmpa_box=\box29
\l_tmpb_box=\box30
\g_tmpa_box=\box31
\g_tmpb_box=\box32
\l__box_top_dim=\dimen109
\l__box_bottom_dim=\dimen110
\l__box_left_dim=\dimen111
\l__box_right_dim=\dimen112
\l__box_top_new_dim=\dimen113
\l__box_bottom_new_dim=\dimen114
\l__box_left_new_dim=\dimen115
\l__box_right_new_dim=\dimen116
\l__box_internal_box=\box33
\l__coffin_internal_box=\box34
\l__coffin_internal_dim=\dimen117
\l__coffin_offset_x_dim=\dimen118
\l__coffin_offset_y_dim=\dimen119
\l__coffin_x_dim=\dimen120
\l__coffin_y_dim=\dimen121
\l__coffin_x_prime_dim=\dimen122
\l__coffin_y_prime_dim=\dimen123
\c_empty_coffin=\box35
\l__coffin_aligned_coffin=\box36
\l__coffin_aligned_internal_coffin=\box37
\l_tmpa_coffin=\box38
\l_tmpb_coffin=\box39
\l__coffin_display_coffin=\box40
\l__coffin_display_coord_coffin=\box41
\l__coffin_display_pole_coffin=\box42
\l__coffin_display_offset_dim=\dimen124
\l__coffin_display_x_dim=\dimen125
\l__coffin_display_y_dim=\dimen126
\l__coffin_bounding_shift_dim=\dimen127
\l__coffin_left_corner_dim=\dimen128
\l__coffin_right_corner_dim=\dimen129
\l__coffin_bottom_corner_dim=\dimen130
\l__coffin_top_corner_dim=\dimen131
\l__coffin_scaled_total_height_dim=\dimen132
\l__coffin_scaled_width_dim=\dimen133
) (/usr/local/texlive/2017/texmf-dist/tex/latex/l3kernel/l3pdfmode.def
File: l3pdfmode.def 2017/03/18 v L3 Experimental driver: PDF mode
\l__driver_color_stack_int=\count172
\l__driver_tmp_box=\box43
))
Package: xpatch 2012/10/02 v0.3 Extending etoolbox patching commands
 (/usr/local/texlive/2017/texmf-dist/tex/latex/l3packages/xparse/xparse.sty
Package: xparse 2018/02/21 L3 Experimental document command parser
\l__xparse_current_arg_int=\count173
\g__xparse_grabber_int=\count174
\l__xparse_m_args_int=\count175
\l__xparse_mandatory_args_int=\count176
\l__xparse_v_nesting_int=\count177
) (/usr/local/texlive/2017/texmf-dist/tex/latex/etoolbox/etoolbox.sty
Package: etoolbox 2018/02/11 v2.5e e-TeX tools for LaTeX (JAW)
\etb@tempcnta=\count178
)
.................................................
. LaTeX info: "xparse/define-command"
. 
. Defining command \xpatchcmd with sig. '' on line 125.
.................................................
.................................................
. LaTeX info: "xparse/define-command"
. 
. Defining command \xpretocmd with sig. '' on line 126.
.................................................
.................................................
. LaTeX info: "xparse/define-command"
. 
. Defining command \xapptocmd with sig. '' on line 127.
.................................................
.................................................
. LaTeX info: "xparse/define-command"
. 
. Defining command \xshowcmd with sig. '' on line 128.
.................................................
.................................................
. LaTeX info: "xparse/define-command"
. 
. Defining command \xpatchbibmacro with sig. 'm' on line 131.
.................................................
.................................................
. LaTeX info: "xparse/define-command"
. 
. Defining command \xpretobibmacro with sig. 'm' on line 133.
.................................................
.................................................
. LaTeX info: "xparse/define-command"
. 
. Defining command \xapptobibmacro with sig. 'm' on line 135.
.................................................
.................................................
. LaTeX info: "xparse/define-command"
. 
. Defining command \xshowbibmacro with sig. 'm' on line 137.
.................................................
.................................................
. LaTeX info: "xparse/define-command"
. 
. Defining command \xpatchfieldformat with sig. 'O{*}m' on line 139.
.................................................
.................................................
. LaTeX info: "xparse/define-command"
. 
. Defining command \xpretofieldformat with sig. 'O{*}m' on line 141.
.................................................
.................................................
. LaTeX info: "xparse/define-command"
. 
. Defining command \xapptofieldformat with sig. 'O{*}m' on line 143.
.................................................
.................................................
. LaTeX info: "xparse/define-command"
. 
. Defining command \xshowfieldformat with sig. 'O{*}m' on line 145.
.................................................
.................................................
. LaTeX info: "xparse/define-command"
. 
. Defining command \xpatchnameformat with sig. 'O{*}m' on line 147.
.................................................
.................................................
. LaTeX info: "xparse/define-command"
. 
. Defining command \xpretonameformat with sig. 'O{*}m' on line 149.
.................................................
.................................................
. LaTeX info: "xparse/define-command"
. 
. Defining command \xapptonameformat with sig. 'O{*}m' on line 151.
.................................................
.................................................
. LaTeX info: "xparse/define-command"
. 
. Defining command \xshownameformat with sig. 'O{*}m' on line 153.
.................................................
.................................................
. LaTeX info: "xparse/define-command"
. 
. Defining command \xpatchlistformat with sig. 'O{*}m' on line 155.
.................................................
.................................................
. LaTeX info: "xparse/define-command"
. 
. Defining command \xpretolistformat with sig. 'O{*}m' on line 157.
.................................................
.................................................
. LaTeX info: "xparse/define-command"
. 
. Defining command \xapptolistformat with sig. 'O{*}m' on line 159.
.................................................
.................................................
. LaTeX info: "xparse/define-command"
. 
. Defining command \xshowlistformat with sig. 'O{*}m' on line 161.
.................................................
.................................................
. LaTeX info: "xparse/define-command"
. 
. Defining command \xpatchindexfieldformat with sig. 'O{*}m' on line 163.
.................................................
.................................................
. LaTeX info: "xparse/define-command"
. 
. Defining command \xpretoindexfieldformat with sig. 'O{*}m' on line 165.
.................................................
.................................................
. LaTeX info: "xparse/define-command"
. 
. Defining command \xapptoindexfieldformat with sig. 'O{*}m' on line 167.
.................................................
.................................................
. LaTeX info: "xparse/define-command"
. 
. Defining command \xshowindexfieldformat with sig. 'O{*}m' on line 169.
.................................................
.................................................
. LaTeX info: "xparse/define-command"
. 
. Defining command \xpatchindexnameformat with sig. 'O{*}m' on line 171.
.................................................
.................................................
. LaTeX info: "xparse/define-command"
. 
. Defining command \xpretoindexnameformat with sig. 'O{*}m' on line 173.
.................................................
.................................................
. LaTeX info: "xparse/define-command"
. 
. Defining command \xapptoindexnameformat with sig. 'O{*}m' on line 175.
.................................................
.................................................
. LaTeX info: "xparse/define-command"
. 
. Defining command \xshowindexnameformat with sig. 'O{*}m' on line 177.
.................................................
.................................................
. LaTeX info: "xparse/define-command"
. 
. Defining command \xpatchindexlistformat with sig. 'O{*}m' on line 179.
.................................................
.................................................
. LaTeX info: "xparse/define-command"
. 
. Defining command \xpretoindexlistformat with sig. 'O{*}m' on line 181.
.................................................
.................................................
. LaTeX info: "xparse/define-command"
. 
. Defining command \xappindextolistformat with sig. 'O{*}m' on line 183.
.................................................
.................................................
. LaTeX info: "xparse/define-command"
. 
. Defining command \xshowindexlistformat with sig. 'O{*}m' on line 185.
.................................................
.................................................
. LaTeX info: "xparse/define-command"
. 
. Defining command \xpatchbibdriver with sig. 'm' on line 187.
.................................................
.................................................
. LaTeX info: "xparse/define-command"
. 
. Defining command \xpretobibdriver with sig. 'm' on line 189.
.................................................
.................................................
. LaTeX info: "xparse/define-command"
. 
. Defining command \xapptobibdriver with sig. 'm' on line 191.
.................................................
.................................................
. LaTeX info: "xparse/define-command"
. 
. Defining command \xshowbibdriver with sig. 'm' on line 193.
.................................................
)) (/usr/local/texlive/2017/texmf-dist/tex/latex/base/fontenc.sty
Package: fontenc 2017/04/05 v2.0i Standard LaTeX package
 (/usr/local/texlive/2017/texmf-dist/tex/latex/base/t1enc.def
File: t1enc.def 2017/04/05 v2.0i Standard LaTeX file
LaTeX Font Info:    Redeclaring font encoding T1 on input line 48.
)) (/usr/local/texlive/2017/texmf-dist/tex/latex/base/inputenc.sty
Package: inputenc 2015/03/17 v1.2c Input encoding file
\inpenc@prehook=\toks15
\inpenc@posthook=\toks16
 (/usr/local/texlive/2017/texmf-dist/tex/latex/base/utf8.def
File: utf8.def 2017/01/28 v1.1t UTF-8 support for inputenc
Now handling font encoding OML ...
... no UTF-8 mapping file for font encoding OML
Now handling font encoding T1 ...
... processing UTF-8 mapping file for font encoding T1
 (/usr/local/texlive/2017/texmf-dist/tex/latex/base/t1enc.dfu
File: t1enc.dfu 2017/01/28 v1.1t UTF-8 support for inputenc
   defining Unicode char U+00A0 (decimal 160)
   defining Unicode char U+00A1 (decimal 161)
   defining Unicode char U+00A3 (decimal 163)
   defining Unicode char U+00AB (decimal 171)
   defining Unicode char U+00AD (decimal 173)
   defining Unicode char U+00BB (decimal 187)
   defining Unicode char U+00BF (decimal 191)
   defining Unicode char U+00C0 (decimal 192)
   defining Unicode char U+00C1 (decimal 193)
   defining Unicode char U+00C2 (decimal 194)
   defining Unicode char U+00C3 (decimal 195)
   defining Unicode char U+00C4 (decimal 196)
   defining Unicode char U+00C5 (decimal 197)
   defining Unicode char U+00C6 (decimal 198)
   defining Unicode char U+00C7 (decimal 199)
   defining Unicode char U+00C8 (decimal 200)
   defining Unicode char U+00C9 (decimal 201)
   defining Unicode char U+00CA (decimal 202)
   defining Unicode char U+00CB (decimal 203)
   defining Unicode char U+00CC (decimal 204)
   defining Unicode char U+00CD (decimal 205)
   defining Unicode char U+00CE (decimal 206)
   defining Unicode char U+00CF (decimal 207)
   defining Unicode char U+00D0 (decimal 208)
   defining Unicode char U+00D1 (decimal 209)
   defining Unicode char U+00D2 (decimal 210)
   defining Unicode char U+00D3 (decimal 211)
   defining Unicode char U+00D4 (decimal 212)
   defining Unicode char U+00D5 (decimal 213)
   defining Unicode char U+00D6 (decimal 214)
   defining Unicode char U+00D8 (decimal 216)
   defining Unicode char U+00D9 (decimal 217)
   defining Unicode char U+00DA (decimal 218)
   defining Unicode char U+00DB (decimal 219)
   defining Unicode char U+00DC (decimal 220)
   defining Unicode char U+00DD (decimal 221)
   defining Unicode char U+00DE (decimal 222)
   defining Unicode char U+00DF (decimal 223)
   defining Unicode char U+00E0 (decimal 224)
   defining Unicode char U+00E1 (decimal 225)
   defining Unicode char U+00E2 (decimal 226)
   defining Unicode char U+00E3 (decimal 227)
   defining Unicode char U+00E4 (decimal 228)
   defining Unicode char U+00E5 (decimal 229)
   defining Unicode char U+00E6 (decimal 230)
   defining Unicode char U+00E7 (decimal 231)
   defining Unicode char U+00E8 (decimal 232)
   defining Unicode char U+00E9 (decimal 233)
   defining Unicode char U+00EA (decimal 234)
   defining Unicode char U+00EB (decimal 235)
   defining Unicode char U+00EC (decimal 236)
   defining Unicode char U+00ED (decimal 237)
   defining Unicode char U+00EE (decimal 238)
   defining Unicode char U+00EF (decimal 239)
   defining Unicode char U+00F0 (decimal 240)
   defining Unicode char U+00F1 (decimal 241)
   defining Unicode char U+00F2 (decimal 242)
   defining Unicode char U+00F3 (decimal 243)
   defining Unicode char U+00F4 (decimal 244)
   defining Unicode char U+00F5 (decimal 245)
   defining Unicode char U+00F6 (decimal 246)
   defining Unicode char U+00F8 (decimal 248)
   defining Unicode char U+00F9 (decimal 249)
   defining Unicode char U+00FA (decimal 250)
   defining Unicode char U+00FB (decimal 251)
   defining Unicode char U+00FC (decimal 252)
   defining Unicode char U+00FD (decimal 253)
   defining Unicode char U+00FE (decimal 254)
   defining Unicode char U+00FF (decimal 255)
   defining Unicode char U+0100 (decimal 256)
   defining Unicode char U+0101 (decimal 257)
   defining Unicode char U+0102 (decimal 258)
   defining Unicode char U+0103 (decimal 259)
   defining Unicode char U+0104 (decimal 260)
   defining Unicode char U+0105 (decimal 261)
   defining Unicode char U+0106 (decimal 262)
   defining Unicode char U+0107 (decimal 263)
   defining Unicode char U+0108 (decimal 264)
   defining Unicode char U+0109 (decimal 265)
   defining Unicode char U+010A (decimal 266)
   defining Unicode char U+010B (decimal 267)
   defining Unicode char U+010C (decimal 268)
   defining Unicode char U+010D (decimal 269)
   defining Unicode char U+010E (decimal 270)
   defining Unicode char U+010F (decimal 271)
   defining Unicode char U+0110 (decimal 272)
   defining Unicode char U+0111 (decimal 273)
   defining Unicode char U+0112 (decimal 274)
   defining Unicode char U+0113 (decimal 275)
   defining Unicode char U+0114 (decimal 276)
   defining Unicode char U+0115 (decimal 277)
   defining Unicode char U+0116 (decimal 278)
   defining Unicode char U+0117 (decimal 279)
   defining Unicode char U+0118 (decimal 280)
   defining Unicode char U+0119 (decimal 281)
   defining Unicode char U+011A (decimal 282)
   defining Unicode char U+011B (decimal 283)
   defining Unicode char U+011C (decimal 284)
   defining Unicode char U+011D (decimal 285)
   defining Unicode char U+011E (decimal 286)
   defining Unicode char U+011F (decimal 287)
   defining Unicode char U+0120 (decimal 288)
   defining Unicode char U+0121 (decimal 289)
   defining Unicode char U+0122 (decimal 290)
   defining Unicode char U+0123 (decimal 291)
   defining Unicode char U+0124 (decimal 292)
   defining Unicode char U+0125 (decimal 293)
   defining Unicode char U+0128 (decimal 296)
   defining Unicode char U+0129 (decimal 297)
   defining Unicode char U+012A (decimal 298)
   defining Unicode char U+012B (decimal 299)
   defining Unicode char U+012C (decimal 300)
   defining Unicode char U+012D (decimal 301)
   defining Unicode char U+012E (decimal 302)
   defining Unicode char U+012F (decimal 303)
   defining Unicode char U+0130 (decimal 304)
   defining Unicode char U+0131 (decimal 305)
   defining Unicode char U+0132 (decimal 306)
   defining Unicode char U+0133 (decimal 307)
   defining Unicode char U+0134 (decimal 308)
   defining Unicode char U+0135 (decimal 309)
   defining Unicode char U+0136 (decimal 310)
   defining Unicode char U+0137 (decimal 311)
   defining Unicode char U+0139 (decimal 313)
   defining Unicode char U+013A (decimal 314)
   defining Unicode char U+013B (decimal 315)
   defining Unicode char U+013C (decimal 316)
   defining Unicode char U+013D (decimal 317)
   defining Unicode char U+013E (decimal 318)
   defining Unicode char U+0141 (decimal 321)
   defining Unicode char U+0142 (decimal 322)
   defining Unicode char U+0143 (decimal 323)
   defining Unicode char U+0144 (decimal 324)
   defining Unicode char U+0145 (decimal 325)
   defining Unicode char U+0146 (decimal 326)
   defining Unicode char U+0147 (decimal 327)
   defining Unicode char U+0148 (decimal 328)
   defining Unicode char U+014A (decimal 330)
   defining Unicode char U+014B (decimal 331)
   defining Unicode char U+014C (decimal 332)
   defining Unicode char U+014D (decimal 333)
   defining Unicode char U+014E (decimal 334)
   defining Unicode char U+014F (decimal 335)
   defining Unicode char U+0150 (decimal 336)
   defining Unicode char U+0151 (decimal 337)
   defining Unicode char U+0152 (decimal 338)
   defining Unicode char U+0153 (decimal 339)
   defining Unicode char U+0154 (decimal 340)
   defining Unicode char U+0155 (decimal 341)
   defining Unicode char U+0156 (decimal 342)
   defining Unicode char U+0157 (decimal 343)
   defining Unicode char U+0158 (decimal 344)
   defining Unicode char U+0159 (decimal 345)
   defining Unicode char U+015A (decimal 346)
   defining Unicode char U+015B (decimal 347)
   defining Unicode char U+015C (decimal 348)
   defining Unicode char U+015D (decimal 349)
   defining Unicode char U+015E (decimal 350)
   defining Unicode char U+015F (decimal 351)
   defining Unicode char U+0160 (decimal 352)
   defining Unicode char U+0161 (decimal 353)
   defining Unicode char U+0162 (decimal 354)
   defining Unicode char U+0163 (decimal 355)
   defining Unicode char U+0164 (decimal 356)
   defining Unicode char U+0165 (decimal 357)
   defining Unicode char U+0168 (decimal 360)
   defining Unicode char U+0169 (decimal 361)
   defining Unicode char U+016A (decimal 362)
   defining Unicode char U+016B (decimal 363)
   defining Unicode char U+016C (decimal 364)
   defining Unicode char U+016D (decimal 365)
   defining Unicode char U+016E (decimal 366)
   defining Unicode char U+016F (decimal 367)
   defining Unicode char U+0170 (decimal 368)
   defining Unicode char U+0171 (decimal 369)
   defining Unicode char U+0172 (decimal 370)
   defining Unicode char U+0173 (decimal 371)
   defining Unicode char U+0174 (decimal 372)
   defining Unicode char U+0175 (decimal 373)
   defining Unicode char U+0176 (decimal 374)
   defining Unicode char U+0177 (decimal 375)
   defining Unicode char U+0178 (decimal 376)
   defining Unicode char U+0179 (decimal 377)
   defining Unicode char U+017A (decimal 378)
   defining Unicode char U+017B (decimal 379)
   defining Unicode char U+017C (decimal 380)
   defining Unicode char U+017D (decimal 381)
   defining Unicode char U+017E (decimal 382)
   defining Unicode char U+01CD (decimal 461)
   defining Unicode char U+01CE (decimal 462)
   defining Unicode char U+01CF (decimal 463)
   defining Unicode char U+01D0 (decimal 464)
   defining Unicode char U+01D1 (decimal 465)
   defining Unicode char U+01D2 (decimal 466)
   defining Unicode char U+01D3 (decimal 467)
   defining Unicode char U+01D4 (decimal 468)
   defining Unicode char U+01E2 (decimal 482)
   defining Unicode char U+01E3 (decimal 483)
   defining Unicode char U+01E6 (decimal 486)
   defining Unicode char U+01E7 (decimal 487)
   defining Unicode char U+01E8 (decimal 488)
   defining Unicode char U+01E9 (decimal 489)
   defining Unicode char U+01EA (decimal 490)
   defining Unicode char U+01EB (decimal 491)
   defining Unicode char U+01F0 (decimal 496)
   defining Unicode char U+01F4 (decimal 500)
   defining Unicode char U+01F5 (decimal 501)
   defining Unicode char U+0218 (decimal 536)
   defining Unicode char U+0219 (decimal 537)
   defining Unicode char U+021A (decimal 538)
   defining Unicode char U+021B (decimal 539)
   defining Unicode char U+0232 (decimal 562)
   defining Unicode char U+0233 (decimal 563)
   defining Unicode char U+1E02 (decimal 7682)
   defining Unicode char U+1E03 (decimal 7683)
   defining Unicode char U+200C (decimal 8204)
   defining Unicode char U+2010 (decimal 8208)
   defining Unicode char U+2011 (decimal 8209)
   defining Unicode char U+2012 (decimal 8210)
   defining Unicode char U+2013 (decimal 8211)
   defining Unicode char U+2014 (decimal 8212)
   defining Unicode char U+2015 (decimal 8213)
   defining Unicode char U+2018 (decimal 8216)
   defining Unicode char U+2019 (decimal 8217)
   defining Unicode char U+201A (decimal 8218)
   defining Unicode char U+201C (decimal 8220)
   defining Unicode char U+201D (decimal 8221)
   defining Unicode char U+201E (decimal 8222)
   defining Unicode char U+2030 (decimal 8240)
   defining Unicode char U+2031 (decimal 8241)
   defining Unicode char U+2039 (decimal 8249)
   defining Unicode char U+203A (decimal 8250)
   defining Unicode char U+2423 (decimal 9251)
   defining Unicode char U+1E20 (decimal 7712)
   defining Unicode char U+1E21 (decimal 7713)
)
Now handling font encoding OT1 ...
... processing UTF-8 mapping file for font encoding OT1
 (/usr/local/texlive/2017/texmf-dist/tex/latex/base/ot1enc.dfu
File: ot1enc.dfu 2017/01/28 v1.1t UTF-8 support for inputenc
   defining Unicode char U+00A0 (decimal 160)
   defining Unicode char U+00A1 (decimal 161)
   defining Unicode char U+00A3 (decimal 163)
   defining Unicode char U+00AD (decimal 173)
   defining Unicode char U+00B8 (decimal 184)
   defining Unicode char U+00BF (decimal 191)
   defining Unicode char U+00C5 (decimal 197)
   defining Unicode char U+00C6 (decimal 198)
   defining Unicode char U+00D8 (decimal 216)
   defining Unicode char U+00DF (decimal 223)
   defining Unicode char U+00E6 (decimal 230)
   defining Unicode char U+00EC (decimal 236)
   defining Unicode char U+00ED (decimal 237)
   defining Unicode char U+00EE (decimal 238)
   defining Unicode char U+00EF (decimal 239)
   defining Unicode char U+00F8 (decimal 248)
   defining Unicode char U+0131 (decimal 305)
   defining Unicode char U+0141 (decimal 321)
   defining Unicode char U+0142 (decimal 322)
   defining Unicode char U+0152 (decimal 338)
   defining Unicode char U+0153 (decimal 339)
   defining Unicode char U+0174 (decimal 372)
   defining Unicode char U+0175 (decimal 373)
   defining Unicode char U+0176 (decimal 374)
   defining Unicode char U+0177 (decimal 375)
   defining Unicode char U+0218 (decimal 536)
   defining Unicode char U+0219 (decimal 537)
   defining Unicode char U+021A (decimal 538)
   defining Unicode char U+021B (decimal 539)
   defining Unicode char U+2013 (decimal 8211)
   defining Unicode char U+2014 (decimal 8212)
   defining Unicode char U+2018 (decimal 8216)
   defining Unicode char U+2019 (decimal 8217)
   defining Unicode char U+201C (decimal 8220)
   defining Unicode char U+201D (decimal 8221)
)
Now handling font encoding OMS ...
... processing UTF-8 mapping file for font encoding OMS
 (/usr/local/texlive/2017/texmf-dist/tex/latex/base/omsenc.dfu
File: omsenc.dfu 2017/01/28 v1.1t UTF-8 support for inputenc
   defining Unicode char U+00A7 (decimal 167)
   defining Unicode char U+00B6 (decimal 182)
   defining Unicode char U+00B7 (decimal 183)
   defining Unicode char U+2020 (decimal 8224)
   defining Unicode char U+2021 (decimal 8225)
   defining Unicode char U+2022 (decimal 8226)
)
Now handling font encoding OMX ...
... no UTF-8 mapping file for font encoding OMX
Now handling font encoding U ...
... no UTF-8 mapping file for font encoding U
   defining Unicode char U+00A9 (decimal 169)
   defining Unicode char U+00AA (decimal 170)
   defining Unicode char U+00AE (decimal 174)
   defining Unicode char U+00BA (decimal 186)
   defining Unicode char U+02C6 (decimal 710)
   defining Unicode char U+02DC (decimal 732)
   defining Unicode char U+200C (decimal 8204)
   defining Unicode char U+2026 (decimal 8230)
   defining Unicode char U+2122 (decimal 8482)
   defining Unicode char U+2423 (decimal 9251)
))
   defining Unicode char U+28C (decimal 652)
 (/usr/local/texlive/2017/texmf-dist/tex/latex/microtype/microtype.sty
Package: microtype 2018/01/14 v2.7a Micro-typographical refinements (RS)
\MT@toks=\toks17
\MT@count=\count179
LaTeX Info: Redefining \textls on input line 793.
\MT@outer@kern=\dimen134
LaTeX Info: Redefining \textmicrotypecontext on input line 1339.
\MT@listname@count=\count180
 (/usr/local/texlive/2017/texmf-dist/tex/latex/microtype/microtype-pdftex.def
File: microtype-pdftex.def 2018/01/14 v2.7a Definitions specific to pdftex (RS)
LaTeX Info: Redefining \lsstyle on input line 913.
LaTeX Info: Redefining \lslig on input line 913.
\MT@outer@space=\skip62
)
Package microtype Info: Loading configuration file microtype.cfg.
 (/usr/local/texlive/2017/texmf-dist/tex/latex/microtype/microtype.cfg
File: microtype.cfg 2018/01/14 v2.7a microtype main configuration file (RS)
)) (/usr/local/texlive/2017/texmf-dist/tex/latex/tools/indentfirst.sty
Package: indentfirst 1995/11/23 v1.03 Indent first paragraph (DPC)
)

Class scrbook Warning: Usage of package `parskip' together
(scrbook)              with a KOMA-Script class is not recommended.
(scrbook)              I'd suggest to use option
(scrbook)              `parskip' with one of it's several values.
(scrbook)              Nevertheless, using requested
(scrbook)              package `parskip' on input line 19.

(/usr/local/texlive/2017/texmf-dist/tex/latex/parskip/parskip.sty
Package: parskip 2001/04/09 non-zero parskip adjustments
) (/usr/local/texlive/2017/texmf-dist/tex/latex/tools/multicol.sty
Package: multicol 2017/04/11 v1.8q multicolumn formatting (FMi)
\c@tracingmulticols=\count181
\mult@box=\box44
\multicol@leftmargin=\dimen135
\c@unbalance=\count182
\c@collectmore=\count183
\doublecol@number=\count184
\multicoltolerance=\count185
\multicolpretolerance=\count186
\full@width=\dimen136
\page@free=\dimen137
\premulticols=\dimen138
\postmulticols=\dimen139
\multicolsep=\skip63
\multicolbaselineskip=\skip64
\partial@page=\box45
\last@line=\box46
\maxbalancingoverflow=\dimen140
\mult@rightbox=\box47
\mult@grightbox=\box48
\mult@gfirstbox=\box49
\mult@firstbox=\box50
\@tempa=\box51
\@tempa=\box52
\@tempa=\box53
\@tempa=\box54
\@tempa=\box55
\@tempa=\box56
\@tempa=\box57
\@tempa=\box58
\@tempa=\box59
\@tempa=\box60
\@tempa=\box61
\@tempa=\box62
\@tempa=\box63
\@tempa=\box64
\@tempa=\box65
\@tempa=\box66
\@tempa=\box67
\c@columnbadness=\count187
\c@finalcolumnbadness=\count188
\last@try=\dimen141
\multicolovershoot=\dimen142
\multicolundershoot=\dimen143
\mult@nat@firstbox=\box68
\colbreak@box=\box69
\mc@col@check@num=\count189
) (./latex_chol_to_sp.aux)
\openout1 = `latex_chol_to_sp.aux'.

LaTeX Font Info:    Checking defaults for OML/cmm/m/it on input line 69.
LaTeX Font Info:    ... okay on input line 69.
LaTeX Font Info:    Checking defaults for T1/cmr/m/n on input line 69.
LaTeX Font Info:    ... okay on input line 69.
LaTeX Font Info:    Checking defaults for OT1/cmr/m/n on input line 69.
LaTeX Font Info:    ... okay on input line 69.
LaTeX Font Info:    Checking defaults for OMS/cmsy/m/n on input line 69.
LaTeX Font Info:    ... okay on input line 69.
LaTeX Font Info:    Checking defaults for OMX/cmex/m/n on input line 69.
LaTeX Font Info:    ... okay on input line 69.
LaTeX Font Info:    Checking defaults for U/cmr/m/n on input line 69.
LaTeX Font Info:    ... okay on input line 69.
LaTeX Info: Redefining \microtypecontext on input line 69.
Package microtype Info: Generating PDF output.
Package microtype Info: Character protrusion enabled (level 2).
Package microtype Info: Using default protrusion set `alltext'.
Package microtype Info: Automatic font expansion enabled (level 2),
(microtype)             stretch: 20, shrink: 20, step: 1, non-selected.
Package microtype Info: Using default expansion set `basictext'.
Package microtype Info: No adjustment of tracking.
Package microtype Info: No adjustment of interword spacing.
Package microtype Info: No adjustment of character kerning.
 (/usr/local/texlive/2017/texmf-dist/tex/latex/microtype/mt-cmr.cfg
File: mt-cmr.cfg 2013/05/19 v2.2 microtype config. file: Computer Modern Roman (RS)
)
LaTeX Font Info:    Try loading font information for T1+cmss on input line 71.
 (/usr/local/texlive/2017/texmf-dist/tex/latex/base/t1cmss.fd
File: t1cmss.fd 2014/09/29 v2.5h Standard LaTeX font definitions
)
Package microtype Info: Loading generic protrusion settings for font family
(microtype)             `cmss' (encoding: T1).
(microtype)             For optimal results, create family-specific settings.
(microtype)             See the microtype manual for details.
Package tocbasic Info: character protrusion at toc deactivated on input line 71.
 (./latex_chol_to_sp.toc
LaTeX Font Info:    External font `cmex10' loaded for size
(Font)              <7> on input line 2.
LaTeX Font Info:    External font `cmex10' loaded for size
(Font)              <5> on input line 2.
)
\tf@toc=\write3
\openout3 = `latex_chol_to_sp.toc'.

 [1


{/usr/local/texlive/2017/texmf-var/fonts/map/pdftex/updmap/pdftex.map}]
chapter without number

Underfull \hbox (badness 5954) in paragraph at lines 217--226
[]\T1/cmr/bx/n/10 ak'ñañ \T1/cmr/m/it/10 (+20) vt \T1/cmr/m/n/10 (+20) limpiar (\T1/cmr/m/it/10 (+20) sem-bra-dos\T1/cmr/m/n/10 (+20) ) \T1/cmr/bx/n/10 Mi
 []

[2

] [3]
Underfull \hbox (badness 7451) in paragraph at lines 472--476
[]\T1/cmr/bx/n/10 ajsubty'añ \T1/cmr/m/n/10 (+20) (\T1/cmr/m/it/10 (+20) Sab.\T1/cmr/m/n/10 (+20) ) \T1/cmr/m/it/10 (+20) s \T1/cmr/m/n/10 (+20) orador, pred-i-
 []


Underfull \hbox (badness 6675) in paragraph at lines 508--514
\T1/cmr/bx/n/10 kña'tyañ. \T1/cmr/m/n/10 (+20) Digo lo que es-toy pen-
 []

[4]
Underfull \hbox (badness 10000) in paragraph at lines 632--639
[]\T1/cmr/bx/n/10 am \T1/cmr/m/it/10 (+20) s \T1/cmr/m/n/10 (+20) 1. araña 2. tarán-tula (\T1/cmr/m/it/10 (+20) ve-
 []

[5]
Underfull \hbox (badness 5189) in paragraph at lines 774--780
[]\T1/cmr/bx/n/10 *asiñ \T1/cmr/m/it/10 (+20) vt \T1/cmr/m/n/10 (+20) juguetear (\T1/cmr/m/it/10 (+20) con un ob-jeto\T1/cmr/m/n/10 (+20) )
 []


Underfull \hbox (badness 5022) in paragraph at lines 810--815
[]\T1/cmr/bx/n/10 awokolik \T1/cmr/m/it/10 (+20) part \T1/cmr/m/n/10 (+20) por fa-vor \T1/cmr/bx/n/10 Awoko-lik
 []


Underfull \hbox (badness 10000) in paragraph at lines 864--869
[]\T1/cmr/bx/n/10 äch'uñiyel \T1/cmr/m/it/10 (+20) vi \T1/cmr/m/n/10 (+20) rechi-nar \T1/cmr/bx/n/10 Mu' tyi
 []


Underfull \hbox (badness 10000) in paragraph at lines 909--914
[]\T1/cmr/bx/n/10 *äts'mil \T1/cmr/m/it/10 (+20) s \T1/cmr/m/n/10 (+20) condi-mento \T1/cmr/bx/n/10 Ma'añik
 []

[6]
Underfull \hbox (badness 6526) in paragraph at lines 1003--1017
[]\T1/cmr/bx/n/10 bajche' \T1/cmr/m/it/10 (+20) adv \T1/cmr/m/n/10 (+20) 1. como \T1/cmr/bx/n/10 Tsa' imele
 []

[7]
Underfull \hbox (badness 5460) in paragraph at lines 1140--1145
[]\T1/cmr/bx/n/10 bayakña \T1/cmr/m/it/10 (+20) adj \T1/cmr/m/n/10 (+20) muy gordo \T1/cmr/bx/n/10 Bayakña
 []

[8]
Underfull \hbox (badness 7012) in paragraph at lines 1405--1410
[]\T1/cmr/bx/n/10 bäñäkña \T1/cmr/m/it/10 (+20) adv Se rela-ciona con el
 []


Underfull \hbox (badness 10000) in paragraph at lines 1435--1439
[]\T1/cmr/bx/n/10 bäk'eñ bäk'eñ jax \T1/cmr/m/n/10 (+20) temeroso
 []


Underfull \hbox (badness 10000) in paragraph at lines 1435--1439
\T1/cmr/m/n/10 (+20) Parece que ese hom-bre es algo
 []

[9]
Underfull \hbox (badness 10000) in paragraph at lines 1513--1517
[]\T1/cmr/bx/n/10 bejts'em \T1/cmr/m/it/10 (+20) adj \T1/cmr/m/n/10 (+20) pasado (\T1/cmr/m/it/10 (+20) de-spués del
 []


Underfull \hbox (badness 6675) in paragraph at lines 1583--1588
[]\T1/cmr/bx/n/10 bets'uña \T1/cmr/m/it/10 (+20) adv Se rela-ciona con el
 []

[10]
Underfull \hbox (badness 10000) in paragraph at lines 1636--1644
\T1/cmr/bx/n/10 ibik' laj k'äb \T1/cmr/m/n/10 (+20) coyun-tura (\T1/cmr/m/it/10 (+20) de la
 []


Underfull \hbox (badness 10000) in paragraph at lines 1665--1668
[]\T1/cmr/bx/n/10 bik'tyi chä'tye' \T1/cmr/m/n/10 (+20) chicoza-pote (\T1/cmr/m/it/10 (+20) ár-
 []


Underfull \hbox (badness 10000) in paragraph at lines 1741--1745
[]\T1/cmr/bx/n/10 Bits'ol \T1/cmr/m/it/10 (+20) s \T1/cmr/m/n/10 (+20) Ar-boleda de Coc-sán
 []

[11]
Underfull \hbox (badness 7907) in paragraph at lines 1857--1861
[]\T1/cmr/bx/n/10 Boloñajaw \T1/cmr/m/it/10 (+20) s \T1/cmr/m/n/10 (+20) Nueve Es-píri-tus (\T1/cmr/m/it/10 (+20) lu-
 []


Underfull \hbox (badness 10000) in paragraph at lines 1952--1958
\T1/cmr/bx/n/10 jiñi postye. \T1/cmr/m/n/10 (+20) Ar-ran-que-mos ese
 []


Underfull \hbox (badness 10000) in paragraph at lines 1977--1982
[]\T1/cmr/bx/n/10 bo'tyek' \T1/cmr/m/it/10 (+20) vt \T1/cmr/m/n/10 (+20) patear \T1/cmr/bx/n/10 Jiñi mu-latsa'
 []

[12]
Underfull \hbox (badness 7099) in paragraph at lines 2104--2108
[]\T1/cmr/bx/n/10 bujlux \T1/cmr/m/it/10 (+20) adj \T1/cmr/m/n/10 (+20) sub-de-sar-rol-lado (\T1/cmr/m/it/10 (+20) gra-nos,
 []

[13]
Underfull \hbox (badness 6396) in paragraph at lines 2208--2213
[]\T1/cmr/bx/n/10 buty' \T1/cmr/m/it/10 (+20) vt \T1/cmr/m/n/10 (+20) llenar \T1/cmr/bx/n/10 Mi lak-buty' tyi
 []


Underfull \hbox (badness 5008) in paragraph at lines 2226--2237
[]\T1/cmr/bx/n/10 buty'ukña \T1/cmr/m/it/10 (+20) adj \T1/cmr/m/n/10 (+20) 1. re-bal-sando \T1/cmr/bx/n/10 Weñ
 []

[14]
Underfull \hbox (badness 10000) in paragraph at lines 2339--2345
[]\T1/cmr/bx/n/10 kajkaña \T1/cmr/m/it/10 (+20) adv Se rela-ciona con el
 []

[15]
Underfull \hbox (badness 10000) in paragraph at lines 2609--2615
\T1/cmr/bx/n/10 ikäjchil cha'añ ima-jts aläl. \T1/cmr/m/n/10 (+20) No
 []

[16]
Underfull \hbox (badness 10000) in paragraph at lines 2721--2726
[]\T1/cmr/bx/n/10 käräkña \T1/cmr/m/it/10 (+20) adj \T1/cmr/m/n/10 (+20) gruñendo \T1/cmr/bx/n/10 Käräkña
 []


Underfull \hbox (badness 10000) in paragraph at lines 2721--2726
\T1/cmr/bx/n/10 ibik jiñiba-jlum. \T1/cmr/m/n/10 (+20) El jaguar está
 []

[17]
Underfull \hbox (badness 7433) in paragraph at lines 2873--2876
[]\T1/cmr/bx/n/10 kolkolña \T1/cmr/m/it/10 (+20) adv Se rela-ciona con el
 []


Underfull \hbox (badness 10000) in paragraph at lines 2907--2912
[]\T1/cmr/bx/n/10 *kolemal \T1/cmr/m/it/10 (+20) s \T1/cmr/m/n/10 (+20) niñez \T1/cmr/bx/n/10 Che'äch yi-lal
 []


Underfull \hbox (badness 5119) in paragraph at lines 2924--2927
[]\T1/cmr/bx/n/10 kolem päm \T1/cmr/m/n/10 (+20) tucán, pico de canoa
 []


Underfull \hbox (badness 10000) in paragraph at lines 2954--2959
[]\T1/cmr/bx/n/10 kolol \T1/cmr/m/it/10 (+20) adj \T1/cmr/m/n/10 (+20) monte lev-an-tado \T1/cmr/bx/n/10 Kolol
 []

[18]
Overfull \hbox (7.66899pt too wide) in paragraph at lines 3048--3059
[]\T1/cmr/bx/n/10 komkatsa' \T1/cmr/m/n/10 (-20) 1. \T1/cmr/m/it/10 (-20) part \T1/cmr/m/n/10 (-20) quisiera \T1/cmr/bx/n/10 Komkatsa'bäk'
 []


Underfull \hbox (badness 6078) in paragraph at lines 3082--3092
[]\T1/cmr/bx/n/10 kom'esañ \T1/cmr/m/it/10 (+20) vt \T1/cmr/m/n/10 (+20) 1. acor-tar \T1/cmr/bx/n/10 Yom laj
 []


Underfull \hbox (badness 7522) in paragraph at lines 3117--3122
[]\T1/cmr/bx/n/10 koraläjem \T1/cmr/m/it/10 (+20) adj \T1/cmr/m/n/10 (+20) cer-cado \T1/cmr/bx/n/10 Ko-ralä-jem
 []


Underfull \hbox (badness 10000) in paragraph at lines 3123--3128
\T1/cmr/bx/n/10 tyi ko-räli-jel. \T1/cmr/m/n/10 (+20) Es-toy ha-ciendo un
 []

[19]
Underfull \hbox (badness 10000) in paragraph at lines 3279--3281
[]\T1/cmr/bx/n/10 kukuch yopom \T1/cmr/m/n/10 (+20) tipo de in-secto
 []

[20]
Underfull \hbox (badness 7888) in paragraph at lines 3430--3435
[]\T1/cmr/bx/n/10 *kuxtyälel \T1/cmr/m/it/10 (+20) s \T1/cmr/m/n/10 (+20) vida \T1/cmr/bx/n/10 Ma'añik ikux-
 []


Underfull \hbox (badness 10000) in paragraph at lines 3478--3483
[]\T1/cmr/bx/n/10 k'achal \T1/cmr/m/it/10 (+20) adj \T1/cmr/m/n/10 (+20) tor-cido \T1/cmr/bx/n/10 K'achal jiñi
 []


Underfull \hbox (badness 10000) in paragraph at lines 3516--3523
[]\T1/cmr/bx/n/10 k'ajatyañ \T1/cmr/m/n/10 (+20) (\T1/cmr/m/it/10 (+20) Sab.\T1/cmr/m/n/10 (+20) ) \T1/cmr/m/it/10 (+20) vt \T1/cmr/m/n/10 (+20) acor-dar \T1/cmr/bx/n/10 Mi
 []

[21]
Underfull \hbox (badness 10000) in paragraph at lines 3610--3615
[]\T1/cmr/bx/n/10 k'ajtyesañ \T1/cmr/m/it/10 (+20) vt \T1/cmr/m/n/10 (+20) acor-darse de \T1/cmr/bx/n/10 Woli
 []


Underfull \hbox (badness 6188) in paragraph at lines 3628--3638
\T1/cmr/bx/n/10 ak'ajtyibeñbajche' mi'tyoj ka-jpe'.
 []


Underfull \hbox (badness 10000) in paragraph at lines 3655--3665
[]\T1/cmr/bx/n/10 k'ajtyiñ \T1/cmr/m/it/10 (+20) vt \T1/cmr/m/n/10 (+20) 1. pre-gun-tar \T1/cmr/bx/n/10 Woli
 []


Underfull \hbox (badness 5622) in paragraph at lines 3655--3665
\T1/cmr/bx/n/10 jk'ajtyiñbajche' ma'tyoj juñku-jch
 []

[22]
Underfull \hbox (badness 7308) in paragraph at lines 3726--3731
[]\T1/cmr/bx/n/10 k'am'añ \T1/cmr/m/it/10 (+20) vi \T1/cmr/m/n/10 (+20) en-fer-marse \T1/cmr/bx/n/10 Kabäl mi
 []

[23]
Underfull \hbox (badness 10000) in paragraph at lines 3958--3962
[]\T1/cmr/bx/n/10 K'äñk'ämpa' \T1/cmr/m/it/10 (+20) s \T1/cmr/m/n/10 (+20) Ar-royo Amar-illo
 []


Underfull \hbox (badness 10000) in paragraph at lines 3969--3972
[]\T1/cmr/bx/n/10 k'äñk'äñ max \T1/cmr/m/n/10 (+20) mico de noche
 []


Underfull \hbox (badness 10000) in paragraph at lines 3995--3999
[]\T1/cmr/bx/n/10 k'äñjixil \T1/cmr/m/it/10 (+20) s \T1/cmr/m/n/10 (+20) cule-bra voladora (\T1/cmr/m/it/10 (+20) rep-
 []

[24]
Underfull \hbox (badness 10000) in paragraph at lines 4090--4094
[]\T1/cmr/bx/n/10 k'äskujel \T1/cmr/m/it/10 (+20) vi \T1/cmr/m/n/10 (+20) que-brarse (\T1/cmr/m/it/10 (+20) palo,
 []


Underfull \hbox (badness 10000) in paragraph at lines 4148--4153
\T1/cmr/bx/n/10 jiñi k'ay. \T1/cmr/m/n/10 (+20) Canta bonito esa can-
 []


Underfull \hbox (badness 10000) in paragraph at lines 4169--4174
[]\T1/cmr/bx/n/10 k'ok'añ \T1/cmr/m/it/10 (+20) vi \T1/cmr/m/n/10 (+20) sa-nar \T1/cmr/bx/n/10 Woli ik'ok'añ
 []


Underfull \hbox (badness 10000) in paragraph at lines 4169--4174
\T1/cmr/bx/n/10 jiñi xk'amäjel. \T1/cmr/m/n/10 (+20) El en-fermo está
 []


Underfull \hbox (badness 5431) in paragraph at lines 4228--4233
[]\T1/cmr/bx/n/10 k'ojlañ \T1/cmr/m/it/10 (+20) vt \T1/cmr/m/n/10 (+20) zan-golotear, sacudir \T1/cmr/bx/n/10 Mi
 []

[25] [26]
Underfull \hbox (badness 10000) in paragraph at lines 4434--4438
[]\T1/cmr/bx/n/10 k'o'loch \T1/cmr/m/it/10 (+20) s \T1/cmr/m/n/10 (+20) tipo de hongo (\T1/cmr/m/it/10 (+20) co-
 []


Underfull \hbox (badness 10000) in paragraph at lines 4439--4444
[]\T1/cmr/bx/n/10 k'o'mäkäl \T1/cmr/m/it/10 (+20) adj \T1/cmr/m/n/10 (+20) cer-rado de nubes
 []


Underfull \hbox (badness 8170) in paragraph at lines 4450--4456
\T1/cmr/m/n/10 (+20) po-damos \T1/cmr/bx/n/10 K'o'omejloñlatyi ty-roñel.
 []


Underfull \hbox (badness 7649) in paragraph at lines 4462--4466
[]\T1/cmr/bx/n/10 k'ubujl \T1/cmr/m/it/10 (+20) s \T1/cmr/m/n/10 (+20) za-cuilla, zanate de oro
 []


Underfull \hbox (badness 5231) in paragraph at lines 4496--4501
[]\T1/cmr/bx/n/10 k'uchukña \T1/cmr/m/it/10 (+20) adv Rela-cionado con la
 []


Underfull \hbox (badness 10000) in paragraph at lines 4573--4579
[]\T1/cmr/bx/n/10 k'uñluk'añ \T1/cmr/m/it/10 (+20) adj \T1/cmr/m/n/10 (+20) suave (\T1/cmr/m/it/10 (+20) madera\T1/cmr/m/n/10 (+20) )
 []


Underfull \hbox (badness 10000) in paragraph at lines 4587--4592
\T1/cmr/m/n/10 (+20) averiguar \T1/cmr/bx/n/10 Muk'ix lak-ma-jlel laj
 []

[27]
Underfull \hbox (badness 10000) in paragraph at lines 4654--4658
[]\T1/cmr/bx/n/10 k'utyilañ \T1/cmr/m/it/10 (+20) vt \T1/cmr/m/n/10 (+20) tamu-lar, machu-car
 []


Underfull \hbox (badness 7203) in paragraph at lines 4711--4716
[]\T1/cmr/bx/n/10 *k'uxlel i pusik'al \T1/cmr/m/n/10 (+20) (\T1/cmr/m/it/10 (+20) Sab.\T1/cmr/m/n/10 (+20) ) en-vidia
 []


Underfull \hbox (badness 10000) in paragraph at lines 4724--4731
[]\T1/cmr/bx/n/10 k'uxtyayem \T1/cmr/m/n/10 (+20) (\T1/cmr/m/it/10 (+20) Sab.\T1/cmr/m/n/10 (+20) ) \T1/cmr/m/it/10 (+20) adj \T1/cmr/m/n/10 (+20) triste
 []


Underfull \hbox (badness 5970) in paragraph at lines 4732--4738
[]\T1/cmr/bx/n/10 k'uxuk \T1/cmr/m/it/10 (+20) vt \T1/cmr/m/n/10 (+20) comer (\T1/cmr/m/it/10 (+20) neg-a-tivo\T1/cmr/m/n/10 (+20) ) \T1/cmr/bx/n/10 Mach
 []

[28]
Underfull \hbox (badness 6412) in paragraph at lines 4811--4816
\T1/cmr/bx/n/10 jiñi ibäl ñäk'äl. \T1/cmr/m/n/10 (+20) La co-mida está
 []

[29]
Underfull \hbox (badness 10000) in paragraph at lines 5115--5119
[]\T1/cmr/bx/n/10 chäk ik'lel \T1/cmr/m/n/10 (+20) (\T1/cmr/m/it/10 (+20) Sab.\T1/cmr/m/n/10 (+20) ) norte (\T1/cmr/m/it/10 (+20) mal
 []


Overfull \hbox (7.54356pt too wide) in paragraph at lines 5120--5123
[]\T1/cmr/bx/n/10 chäkjocho chuch \T1/cmr/m/n/10 (-20) ardilla (\T1/cmr/m/it/10 (-20) mamífero\T1/cmr/m/n/10 (-20) ) 
 []

[30]
Underfull \hbox (badness 10000) in paragraph at lines 5231--5237
[]\T1/cmr/bx/n/10 chäkyumañ \T1/cmr/m/it/10 (+20) adj \T1/cmr/m/n/10 (+20) col-orado (\T1/cmr/m/it/10 (+20) líquido\T1/cmr/m/n/10 (+20) )
 []


Underfull \hbox (badness 10000) in paragraph at lines 5231--5237
\T1/cmr/bx/n/10 Chäkyu-mañ jiñi lämälbä ts'ak.
 []


Overfull \hbox (10.76724pt too wide) in paragraph at lines 5260--5265
[]\T1/cmr/bx/n/10 chäk'chäk'ña \T1/cmr/m/it/10 (-20) adv \T1/cmr/m/n/10 (-20) gote-ando \T1/cmr/bx/n/10 Chäk'chäk'ña
 []

[31]
Underfull \hbox (badness 5592) in paragraph at lines 5412--5418
[]\T1/cmr/bx/n/10 chä'chäk' \T1/cmr/m/it/10 (+20) adv \T1/cmr/m/n/10 (+20) varias ve-ces (\T1/cmr/m/it/10 (+20) ac-ción
 []

[32]
Underfull \hbox (badness 10000) in paragraph at lines 5511--5516
[]\T1/cmr/bx/n/10 che'i \T1/cmr/m/it/10 (+20) adv \T1/cmr/m/n/10 (+20) así \T1/cmr/bx/n/10 Che'i mi kaj
 []


Underfull \hbox (badness 10000) in paragraph at lines 5536--5542
[]\T1/cmr/bx/n/10 che'li \T1/cmr/m/it/10 (+20) adv \T1/cmr/m/n/10 (+20) así (\T1/cmr/m/it/10 (+20) seña-lando\T1/cmr/m/n/10 (+20) ) \T1/cmr/bx/n/10 Mach
 []

[33]
Underfull \hbox (badness 10000) in paragraph at lines 5692--5696
[]\T1/cmr/bx/n/10 chiñcho'ak' \T1/cmr/m/n/10 (+20) (\T1/cmr/m/it/10 (+20) Sab.\T1/cmr/m/n/10 (+20) ) \T1/cmr/m/it/10 (+20) s \T1/cmr/m/n/10 (+20) puente de
 []


Underfull \hbox (badness 6758) in paragraph at lines 5759--5764
[]\T1/cmr/bx/n/10 *chobälel \T1/cmr/m/it/10 (+20) s \T1/cmr/m/n/10 (+20) rozadura \T1/cmr/bx/n/10 Mi iñuk'añ
 []

[34]
Underfull \hbox (badness 5939) in paragraph at lines 5899--5903
[]\T1/cmr/bx/n/10 cho' \T1/cmr/m/it/10 (+20) vt \T1/cmr/m/n/10 (+20) descas-carar (\T1/cmr/m/it/10 (+20) plá-tano, fri-jol,
 []


Underfull \hbox (badness 6978) in paragraph at lines 5909--5914
[]\T1/cmr/bx/n/10 *chubä'añ \T1/cmr/m/it/10 (+20) s \T1/cmr/m/n/10 (+20) pos-esión \T1/cmr/bx/n/10 Weñ kabäl
 []

[35]
Underfull \hbox (badness 10000) in paragraph at lines 5944--5950
[]\T1/cmr/bx/n/10 chukochka \T1/cmr/m/it/10 (+20) adv \T1/cmr/m/n/10 (+20) ¾por qué será?
 []

[36]
Underfull \hbox (badness 10000) in paragraph at lines 6130--6136
[]\T1/cmr/bx/n/10 chu'ochka \T1/cmr/m/it/10 (+20) adv \T1/cmr/m/n/10 (+20) ¾por qué será?
 []


Underfull \hbox (badness 10000) in paragraph at lines 6191--6194
[]\T1/cmr/bx/n/10 ch'ajñal \T1/cmr/m/it/10 (+20) s \T1/cmr/m/n/10 (+20) cordón de piel o de
 []


Underfull \hbox (badness 10000) in paragraph at lines 6205--6210
\T1/cmr/bx/n/10 alob cha'añ ma'añik mi iweñ-
 []


Underfull \hbox (badness 6961) in paragraph at lines 6211--6217
[]\T1/cmr/bx/n/10 ch'a'al \T1/cmr/m/it/10 (+20) adv \T1/cmr/m/n/10 (+20) boca ar-riba (\T1/cmr/m/it/10 (+20) acostado\T1/cmr/m/n/10 (+20) )
 []

[37]
Underfull \hbox (badness 10000) in paragraph at lines 6239--6243
[]\T1/cmr/bx/n/10 ch'äbtyesañ \T1/cmr/m/it/10 (+20) vt \T1/cmr/m/n/10 (+20) con-so-lar (\T1/cmr/m/it/10 (+20) a un
 []


Underfull \hbox (badness 5417) in paragraph at lines 6262--6267
\T1/cmr/bx/n/10 jiñi x'ixik. \T1/cmr/m/n/10 (+20) Esa mu-jer sabe hacer
 []


Overfull \hbox (12.80931pt too wide) in paragraph at lines 6284--6288
[]\T1/cmr/bx/n/10 ch'äch'äñtyik \T1/cmr/m/it/10 (-20) adj \T1/cmr/m/n/10 (-20) agu-jer-ada (\T1/cmr/m/it/10 (-20) lámina\T1/cmr/m/n/10 (-20) ) 
 []


Underfull \hbox (badness 10000) in paragraph at lines 6338--6342
[]\T1/cmr/bx/n/10 ch'ämbeñ isujm \T1/cmr/m/n/10 (+20) com-pren-der
 []


Underfull \hbox (badness 10000) in paragraph at lines 6343--6349
\T1/cmr/bx/n/10 Max-tyo komik mi iyäk'eñtyel
 []


Underfull \hbox (badness 10000) in paragraph at lines 6350--6355
[]\T1/cmr/bx/n/10 ch'ämoñel \T1/cmr/m/it/10 (+20) s \T1/cmr/m/n/10 (+20) en-fer-medad mor-tal
 []


Underfull \hbox (badness 10000) in paragraph at lines 6364--6370
[]\T1/cmr/bx/n/10 ch'äñch'äña \T1/cmr/m/it/10 (+20) adv \T1/cmr/m/n/10 (+20) im-pen-sada-mente
 []

[38]
Underfull \hbox (badness 10000) in paragraph at lines 6390--6396
[]\T1/cmr/bx/n/10 ch'äyäkña $[]$ \T1/cmr/m/it/10 (+20) adv \T1/cmr/m/n/10 (+20) pe-ga-josa-mente
 []


Underfull \hbox (badness 5316) in paragraph at lines 6390--6396
\T1/cmr/m/n/10 (+20) La savia del ár-bol gotea pe-ga-josa-
 []


Underfull \hbox (badness 6775) in paragraph at lines 6397--6408
\T1/cmr/bx/n/10 jiñi ch'ityoñ kome ch'äyäkñajax
 []


Underfull \hbox (badness 10000) in paragraph at lines 6409--6415
\T1/cmr/m/n/10 (+20) (\T1/cmr/m/it/10 (+20) tela, lámina\T1/cmr/m/n/10 (+20) ) \T1/cmr/bx/n/10 Ch'ä'ch'äñtyik jiñi
 []


Underfull \hbox (badness 10000) in paragraph at lines 6427--6430
[]\T1/cmr/bx/n/10 ch'ebñolol \T1/cmr/m/it/10 (+20) adj \T1/cmr/m/n/10 (+20) acostado boca ar-
 []


Underfull \hbox (badness 6675) in paragraph at lines 6464--6476
[]\T1/cmr/bx/n/10 ch'eñ \T1/cmr/m/it/10 (+20) s \T1/cmr/m/n/10 (+20) 1. cueva \T1/cmr/bx/n/10 Añ ch'eñ tyi
 []


Underfull \hbox (badness 10000) in paragraph at lines 6464--6476
\T1/cmr/bx/n/10 joloñelba' tsa' ochiyob lakño-j-
 []


Underfull \hbox (badness 10000) in paragraph at lines 6542--6544
[]\T1/cmr/bx/n/10 *ch'ibilel matye'el \T1/cmr/m/n/10 (+20) palma del
 []

[39]
Underfull \hbox (badness 10000) in paragraph at lines 6581--6591
[]\T1/cmr/bx/n/10 *ch'ijikñiyel \T1/cmr/m/it/10 (+20) s \T1/cmr/m/n/10 (+20) 1. soledad \T1/cmr/bx/n/10 Añ
 []


Underfull \hbox (badness 5519) in paragraph at lines 6592--6604
[]\T1/cmr/bx/n/10 ch'ijiyem \T1/cmr/m/it/10 (+20) adj \T1/cmr/m/n/10 (+20) 1. triste \T1/cmr/bx/n/10 Ch'jijiyem
 []

[40] [41]
Underfull \hbox (badness 6252) in paragraph at lines 6881--6896
\T1/cmr/bx/n/10 ch'ityoñ ma'añik mi ich'ujbibeñ
 []


Underfull \hbox (badness 10000) in paragraph at lines 6949--6953
[]\T1/cmr/bx/n/10 ch'ujuña' \T1/cmr/m/it/10 (+20) s \T1/cmr/m/n/10 (+20) luna (\T1/cmr/m/it/10 (+20) lit.: madre
 []


Underfull \hbox (badness 5771) in paragraph at lines 6954--6960
[]\T1/cmr/bx/n/10 ch'ujuña'iñ \T1/cmr/m/it/10 (+20) vt \T1/cmr/m/n/10 (+20) ado-rar (\T1/cmr/m/it/10 (+20) como a la
 []


Underfull \hbox (badness 10000) in paragraph at lines 6954--6960
\T1/cmr/m/it/10 (+20) madre santa\T1/cmr/m/n/10 (+20) ) \T1/cmr/bx/n/10 Kabäl wiñikob mi
 []

[42]
Underfull \hbox (badness 10000) in paragraph at lines 7039--7047
[]\T1/cmr/bx/n/10 ch'uyijel \T1/cmr/m/n/10 (+20) (\T1/cmr/m/it/10 (+20) Tila\T1/cmr/m/n/10 (+20) ) 1. \T1/cmr/m/it/10 (+20) s \T1/cmr/m/n/10 (+20) misa 2. \T1/cmr/m/it/10 (+20) vi
 []

[43]
Underfull \vbox (badness 10000) has occurred while \output is active []

 [44]
Underfull \hbox (badness 7595) in paragraph at lines 7322--7326
[]\T1/cmr/bx/n/10 ik'bäty \T1/cmr/m/it/10 (+20) s \T1/cmr/m/n/10 (+20) ár-bol (\T1/cmr/m/it/10 (+20) sirve para hacer
 []


Underfull \hbox (badness 10000) in paragraph at lines 7327--7332
[]\T1/cmr/bx/n/10 ik'bo'lay \T1/cmr/m/it/10 (+20) s \T1/cmr/m/n/10 (+20) ti-gre fri-jo-lillo (\T1/cmr/m/it/10 (+20) reg.\T1/cmr/m/n/10 (+20) )
 []


Underfull \hbox (badness 5832) in paragraph at lines 7417--7423
[]\T1/cmr/bx/n/10 ik'ty'ojñal \T1/cmr/m/n/10 (+20) (\T1/cmr/m/it/10 (+20) Tila\T1/cmr/m/n/10 (+20) ) \T1/cmr/m/it/10 (+20) adj \T1/cmr/m/n/10 (+20) os-curo \T1/cmr/bx/n/10 Che'
 []


Underfull \hbox (badness 6658) in paragraph at lines 7424--7430
[]\T1/cmr/bx/n/10 ik'uyel \T1/cmr/m/it/10 (+20) s \T1/cmr/m/n/10 (+20) aire (\T1/cmr/m/it/10 (+20) del es-tó-mago\T1/cmr/m/n/10 (+20) ) \T1/cmr/bx/n/10 Añ
 []

[45]
Underfull \hbox (badness 10000) in paragraph at lines 7458--7462
[]\T1/cmr/bx/n/10 *ichañ \T1/cmr/m/it/10 (+20) s \T1/cmr/m/n/10 (+20) tío (\T1/cmr/m/it/10 (+20) her-mano de mi
 []

[46]
Underfull \hbox (badness 10000) in paragraph at lines 7695--7700
[]\T1/cmr/bx/n/10 ixom \T1/cmr/m/it/10 (+20) s \T1/cmr/m/n/10 (+20) ac-ción de des-gra-nar
 []


Underfull \hbox (badness 10000) in paragraph at lines 7701--7705
[]\T1/cmr/bx/n/10 ixtye' \T1/cmr/m/it/10 (+20) s \T1/cmr/m/n/10 (+20) mala-mu-jer, chechén (\T1/cmr/m/it/10 (+20) ár-
 []


Underfull \hbox (badness 10000) in paragraph at lines 7717--7721
[]\T1/cmr/bx/n/10 -ixtyi- \T1/cmr/m/it/10 (+20) Su-fijo que in-dica opinión;
 []


Underfull \hbox (badness 6078) in paragraph at lines 7717--7721
\T1/cmr/m/it/10 (+20) p. ej.: \T1/cmr/bx/n/10 Mach mi lakña'tyañ mi
 []

[47] [48]
Underfull \hbox (badness 10000) in paragraph at lines 7963--7969
[]\T1/cmr/bx/n/10 jal $[]$ \T1/cmr/m/it/10 (+20) adv \T1/cmr/m/n/10 (+20) mu-cho tiempo \T1/cmr/bx/n/10 Jal
 []


Underfull \hbox (badness 7379) in paragraph at lines 7963--7969
\T1/cmr/bx/n/10 tsi'tyojbeyoñ ibety. \T1/cmr/m/n/10 (+20) Di-lató mu-cho
 []


Overfull \hbox (11.60191pt too wide) in paragraph at lines 7984--7989
[]\T1/cmr/bx/n/10 jalaw \T1/cmr/m/n/10 (-20) (\T1/cmr/m/it/10 (-20) Sab.\T1/cmr/m/n/10 (-20) ) \T1/cmr/m/it/10 (-20) s \T1/cmr/m/n/10 (-20) te-pes-cuin-tle (\T1/cmr/m/it/10 (-20) mamífero\T1/cmr/m/n/10 (-20) ) 
 []


Underfull \hbox (badness 10000) in paragraph at lines 8059--8064
[]\T1/cmr/bx/n/10 jamakña \T1/cmr/m/it/10 (+20) adj \T1/cmr/m/n/10 (+20) de-spe-jado \T1/cmr/bx/n/10 Ja-makña
 []

[49]
Underfull \hbox (badness 10000) in paragraph at lines 8141--8146
[]\T1/cmr/bx/n/10 jasäl \T1/cmr/m/it/10 (+20) adj \T1/cmr/m/n/10 (+20) su-fi-ciente \T1/cmr/bx/n/10 Jasäl ts'itya'
 []

[50]
Underfull \hbox (badness 10000) in paragraph at lines 8302--8307
[]\T1/cmr/bx/n/10 jaypochañ \T1/cmr/m/it/10 (+20) adj \T1/cmr/m/n/10 (+20) con mu-cho filo
 []


Underfull \hbox (badness 10000) in paragraph at lines 8302--8307
\T1/cmr/bx/n/10 Jaypochañ kma-chity kome weñ
 []


Underfull \hbox (badness 10000) in paragraph at lines 8302--8307
\T1/cmr/bx/n/10 juk'bil. \T1/cmr/m/n/10 (+20) Mi ma-chete tiene mu-cho
 []


Underfull \hbox (badness 10000) in paragraph at lines 8329--8332
[]\T1/cmr/bx/n/10 ja'al pech \T1/cmr/m/n/10 (+20) garza (\T1/cmr/m/it/10 (+20) lit.: pato de
 []


Underfull \hbox (badness 10000) in paragraph at lines 8333--8336
[]\T1/cmr/bx/n/10 ja'al ts'i' \T1/cmr/m/n/10 (+20) nu-tria (\T1/cmr/m/it/10 (+20) lit.: perro de
 []


Underfull \hbox (badness 10000) in paragraph at lines 8351--8356
[]\T1/cmr/bx/n/10 ja'jabil \T1/cmr/m/it/10 (+20) s \T1/cmr/m/n/10 (+20) cada año \T1/cmr/bx/n/10 Tyi ja'jabil
 []


Underfull \hbox (badness 10000) in paragraph at lines 8389--8394
\T1/cmr/bx/n/10 jäch'bik'. \T1/cmr/m/n/10 (+20) Me está mo-le-stando el
 []

[51] [52] [53]
Underfull \hbox (badness 10000) in paragraph at lines 8901--8905
[]\T1/cmr/bx/n/10 jity'bil \T1/cmr/m/it/10 (+20) adj \T1/cmr/m/n/10 (+20) amar-rado (\T1/cmr/m/it/10 (+20) cerco,
 []

[54]
Underfull \hbox (badness 6236) in paragraph at lines 9033--9039
\T1/cmr/m/n/10 (+20) nos bañamos nos quita-mos nues-tra
 []


Underfull \hbox (badness 7907) in paragraph at lines 9069--9074
\T1/cmr/bx/n/10 lakjochtye-sañ lako-ty-oty che' mi
 []

[55]
Underfull \hbox (badness 6300) in paragraph at lines 9203--9207
[]\T1/cmr/bx/n/10 Jolja' \T1/cmr/m/it/10 (+20) s \T1/cmr/m/n/10 (+20) Cabeza del Ar-royo (\T1/cmr/m/it/10 (+20) colo-
 []

[56]
Underfull \hbox (badness 10000) in paragraph at lines 9271--9275
[]\T1/cmr/bx/n/10 jomojch' \T1/cmr/m/it/10 (+20) s \T1/cmr/m/n/10 (+20) joloche cás-cara del
 []


Underfull \hbox (badness 5847) in paragraph at lines 9327--9332
[]\T1/cmr/bx/n/10 jopjopña \T1/cmr/m/it/10 (+20) adv Se rela-ciona con el
 []

[57]
Underfull \hbox (badness 10000) in paragraph at lines 9451--9456
[]\T1/cmr/bx/n/10 joyxujk \T1/cmr/m/it/10 (+20) adj \T1/cmr/m/n/10 (+20) cuadrado \T1/cmr/bx/n/10 Joyx-ujk
 []

[58]
Underfull \hbox (badness 10000) in paragraph at lines 9682--9686
[]\T1/cmr/bx/n/10 jul \T1/cmr/m/it/10 (+20) vt \T1/cmr/m/n/10 (+20) tirar (\T1/cmr/m/it/10 (+20) con es-copeta, piedra,
 []


Underfull \hbox (badness 10000) in paragraph at lines 9735--9739
[]\T1/cmr/bx/n/10 jultyesañ i pusik'al \T1/cmr/m/n/10 (+20) cor-re-gir \T1/cmr/bx/n/10 Ju-
 []

[59]
Underfull \hbox (badness 10000) in paragraph at lines 9869--9873
[]\T1/cmr/bx/n/10 juy \T1/cmr/m/it/10 (+20) vt \T1/cmr/m/n/10 (+20) mover con palo (\T1/cmr/m/it/10 (+20) atole,
 []


Underfull \hbox (badness 10000) in paragraph at lines 9883--9888
\T1/cmr/m/n/10 (+20) bor-ra-chos es-tán vo-ciferando en la
 []

[60]
Underfull \hbox (badness 10000) in paragraph at lines 9944--9948
[]\T1/cmr/bx/n/10 lajk' \T1/cmr/m/it/10 (+20) s \T1/cmr/m/n/10 (+20) ronda (\T1/cmr/m/it/10 (+20) tipo de hormiga
 []


Underfull \hbox (badness 10000) in paragraph at lines 10019--10023
[]\T1/cmr/bx/n/10 Lajtye'wits \T1/cmr/m/it/10 (+20) s \T1/cmr/m/n/10 (+20) Cerro del Tam-bor
 []


Underfull \hbox (badness 10000) in paragraph at lines 10036--10041
\T1/cmr/bx/n/10 *lamiñajlel oty-oty \T1/cmr/m/n/10 (+20) lámi-nas de la
 []

[61]
Underfull \hbox (badness 5533) in paragraph at lines 10119--10124
[]\T1/cmr/bx/n/10 läk'tyesañ \T1/cmr/m/it/10 (+20) vt \T1/cmr/m/n/10 (+20) ac-er-car \T1/cmr/bx/n/10 Muk'ix kaj
 []

[62]
Underfull \hbox (badness 10000) in paragraph at lines 10330--10333
[]\T1/cmr/bx/n/10 lecho'k'ajk \T1/cmr/m/it/10 (+20) s \T1/cmr/m/n/10 (+20) tenazas para sacar
 []


Underfull \hbox (badness 10000) in paragraph at lines 10363--10367
[]\T1/cmr/bx/n/10 -lejch \T1/cmr/m/it/10 (+20) Su-fijo nu-meral para con-tar
 []

[63] [64]
Underfull \hbox (badness 10000) in paragraph at lines 10645--10649
[]\T1/cmr/bx/n/10 lok \T1/cmr/m/it/10 (+20) vt \T1/cmr/m/n/10 (+20) doblar (\T1/cmr/m/it/10 (+20) alam-bre, palo del-
 []


Underfull \hbox (badness 10000) in paragraph at lines 10671--10677
\T1/cmr/bx/n/10 jkäl ilok'omlelächbajche' kcha'añ.
 []

[65]
Underfull \hbox (badness 10000) in paragraph at lines 10850--10854
[]\T1/cmr/bx/n/10 lotyiya \T1/cmr/m/n/10 (+20) [\T1/cmr/m/it/10 (+20) vari-ante \T1/cmr/m/n/10 (+20) de \T1/cmr/bx/n/10 lo'loya\T1/cmr/m/n/10 (+20) ] en-
 []

[66]
Underfull \hbox (badness 10000) in paragraph at lines 10865--10871
\T1/cmr/bx/n/10 Lo'chijtyik iyok jiñi lakña'. \T1/cmr/m/n/10 (+20) A
 []


Underfull \hbox (badness 10000) in paragraph at lines 10902--10907
[]\T1/cmr/bx/n/10 luk'law \T1/cmr/m/it/10 (+20) adj \T1/cmr/m/n/10 (+20) dé-bil \T1/cmr/bx/n/10 Luk'law jiñi
 []


Underfull \hbox (badness 10000) in paragraph at lines 10963--10967
[]\T1/cmr/bx/n/10 -lujch \T1/cmr/m/it/10 (+20) Su-fijo nu-meral para con-tar
 []

[67]
Underfull \hbox (badness 10000) in paragraph at lines 11082--11088
[]\T1/cmr/bx/n/10 luty'ul \T1/cmr/m/it/10 (+20) adj \T1/cmr/m/n/10 (+20) apre-tada (\T1/cmr/m/it/10 (+20) las pier-nas\T1/cmr/m/n/10 (+20) )
 []


Underfull \hbox (badness 5533) in paragraph at lines 11082--11088
\T1/cmr/bx/n/10 Luty'ul mi iyäk' iyok che' mi
 []


Underfull \hbox (badness 10000) in paragraph at lines 11102--11108
\T1/cmr/bx/n/10 xña'muty che' woli tyi ñumel
 []

[68] [69]
Underfull \hbox (badness 5417) in paragraph at lines 11367--11374
\T1/cmr/m/n/10 (+20) pa-terna 2. partera que atiende un
 []


Underfull \hbox (badness 10000) in paragraph at lines 11441--11444
[]\T1/cmr/bx/n/10 matye' chityam \T1/cmr/m/n/10 (+20) ja-balí de col-lar
 []

[70]
Underfull \hbox (badness 10000) in paragraph at lines 11550--11560
[]\T1/cmr/bx/n/10 mächäkña \T1/cmr/m/it/10 (+20) adv \T1/cmr/m/n/10 (+20) 1. atarde-ciendo
 []


Underfull \hbox (badness 7116) in paragraph at lines 11591--11595
[]\T1/cmr/bx/n/10 mäläl \T1/cmr/m/it/10 (+20) s \T1/cmr/m/n/10 (+20) pupo bar-rigón (\T1/cmr/m/it/10 (+20) pez; viví-
 []

[71]
Underfull \hbox (badness 7613) in paragraph at lines 11651--11657
[]\T1/cmr/bx/n/10 mäyxuñ \T1/cmr/m/it/10 (+20) vt \T1/cmr/m/n/10 (+20) apa-gar (\T1/cmr/m/it/10 (+20) la vista\T1/cmr/m/n/10 (+20) ) \T1/cmr/bx/n/10 Mi
 []


Underfull \hbox (badness 5504) in paragraph at lines 11681--11684
[]\T1/cmr/bx/n/10 meba' ji-jch \T1/cmr/m/n/10 (+20) lan-gosta (\T1/cmr/m/it/10 (+20) tipo que se
 []


Overfull \hbox (4.64944pt too wide) in paragraph at lines 11685--11690
[]\T1/cmr/bx/n/10 meku \T1/cmr/m/it/10 (-20) part \T1/cmr/m/n/10 (-20) ya ves \T1/cmr/bx/n/10 Meku che'ächbajchew'
 []


Underfull \hbox (badness 10000) in paragraph at lines 11697--11702
[]\T1/cmr/bx/n/10 mek' ajtso' \T1/cmr/m/n/10 (+20) (\T1/cmr/m/it/10 (+20) Tila\T1/cmr/m/n/10 (+20) ) \T1/cmr/m/it/10 (+20) s \T1/cmr/m/n/10 (+20) ocelote
 []


Underfull \hbox (badness 10000) in paragraph at lines 11729--11741
\T1/cmr/bx/n/10 mi imel ipusik'al \T1/cmr/m/n/10 (+20) es-tar pre-ocu-
 []

[72]
Underfull \hbox (badness 10000) in paragraph at lines 11873--11876
[]\T1/cmr/bx/n/10 mijts'ity \T1/cmr/m/it/10 (+20) s \T1/cmr/m/n/10 (+20) an-guila, cule-bra de
 []


Underfull \hbox (badness 5189) in paragraph at lines 11939--11942
[]\T1/cmr/bx/n/10 mix \T1/cmr/m/it/10 (+20) part \T1/cmr/m/n/10 (+20) lla-mada que se hace al
 []

[73]
Underfull \hbox (badness 5359) in paragraph at lines 12000--12006
[]\T1/cmr/bx/n/10 moch' $[]$ \T1/cmr/m/it/10 (+20) vt \T1/cmr/m/n/10 (+20) em-puñar (\T1/cmr/m/it/10 (+20) mano\T1/cmr/m/n/10 (+20) ) \T1/cmr/m/it/10 (+20) Var.
 []


Underfull \hbox (badness 5288) in paragraph at lines 12020--12025
[]\T1/cmr/bx/n/10 moch'ye' \T1/cmr/m/it/10 (+20) vt \T1/cmr/m/n/10 (+20) em-puñar (\T1/cmr/m/it/10 (+20) mano\T1/cmr/m/n/10 (+20) ) \T1/cmr/m/it/10 (+20) Var.
 []


Underfull \hbox (badness 7667) in paragraph at lines 12087--12094
\T1/cmr/bx/n/10 imosil \T1/cmr/m/n/10 (+20) su tapadera, su co-bija, su
 []

[74]
Underfull \hbox (badness 10000) in paragraph at lines 12122--12127
[]\T1/cmr/bx/n/10 moskiyel \T1/cmr/m/it/10 (+20) vi \T1/cmr/m/n/10 (+20) taparse \T1/cmr/bx/n/10 Jiñi tsuts
 []


Underfull \hbox (badness 10000) in paragraph at lines 12122--12127
\T1/cmr/bx/n/10 ch'och'okax, ma'añik mik laj
 []


Underfull \hbox (badness 10000) in paragraph at lines 12236--12240
[]\T1/cmr/bx/n/10 much'kiñ \T1/cmr/m/it/10 (+20) vt \T1/cmr/m/n/10 (+20) jun-tar (\T1/cmr/m/it/10 (+20) fri-jol, café,
 []

[75]
Underfull \hbox (badness 10000) in paragraph at lines 12377--12382
[]\T1/cmr/bx/n/10 musmusña \T1/cmr/m/it/10 (+20) adj \T1/cmr/m/n/10 (+20) lloviz-nando \T1/cmr/bx/n/10 Mach
 []

[76]
Underfull \hbox (badness 5245) in paragraph at lines 12439--12443
[]\T1/cmr/bx/n/10 Ñaylum \T1/cmr/m/n/10 (+20) (\T1/cmr/m/it/10 (+20) Sab.\T1/cmr/m/n/10 (+20) ) \T1/cmr/m/it/10 (+20) s \T1/cmr/m/n/10 (+20) nom-bre de colo-
 []


Underfull \hbox (badness 5970) in paragraph at lines 12518--12524
[]\T1/cmr/bx/n/10 *ñij'al \T1/cmr/m/it/10 (+20) s \T1/cmr/m/n/10 (+20) 1. sue-gro del hom-bre 2.
 []

[77]
Underfull \hbox (badness 10000) in paragraph at lines 12677--12682
[]\T1/cmr/bx/n/10 ñajäyem \T1/cmr/m/it/10 (+20) adj \T1/cmr/m/n/10 (+20) olvi-dado \T1/cmr/bx/n/10 Ña-jäyem
 []


Underfull \hbox (badness 10000) in paragraph at lines 12702--12706
[]\T1/cmr/bx/n/10 ñajp'äk \T1/cmr/m/it/10 (+20) s \T1/cmr/m/n/10 (+20) oruga agri-men-sora
 []


Underfull \hbox (badness 10000) in paragraph at lines 12707--12712
\T1/cmr/bx/n/10 kchol. \T1/cmr/m/n/10 (+20) Está lejos donde hice mi
 []

[78]
Underfull \hbox (badness 10000) in paragraph at lines 12770--12774
[]\T1/cmr/bx/n/10 ña'ik' \T1/cmr/m/it/10 (+20) s \T1/cmr/m/n/10 (+20) viento fuerte (\T1/cmr/m/it/10 (+20) madre de
 []


Underfull \hbox (badness 10000) in paragraph at lines 12788--12802
[]\T1/cmr/bx/n/10 ña'tyañ \T1/cmr/m/it/10 (+20) vt \T1/cmr/m/n/10 (+20) 1. pen-sar \T1/cmr/bx/n/10 Yom mi
 []


Underfull \hbox (badness 10000) in paragraph at lines 12814--12819
[]\T1/cmr/bx/n/10 ña'tyäñtyel \T1/cmr/m/it/10 (+20) vi \T1/cmr/m/n/10 (+20) pen-sar \T1/cmr/bx/n/10 Woli
 []


Underfull \hbox (badness 10000) in paragraph at lines 12851--12856
[]\T1/cmr/bx/n/10 ñäkwa'al \T1/cmr/m/it/10 (+20) adj \T1/cmr/m/n/10 (+20) parado e in-cli-nado
 []


Underfull \hbox (badness 7221) in paragraph at lines 12857--12862
\T1/cmr/m/n/10 (+20) Tiene su es-copeta in-cli-nada en la
 []

[79]
Underfull \hbox (badness 6775) in paragraph at lines 12897--12910
\T1/cmr/bx/n/10 ñäjch'el tyi uk'el jiñi aläl. \T1/cmr/m/n/10 (+20) La
 []


Underfull \hbox (badness 10000) in paragraph at lines 12993--12998
[]\T1/cmr/bx/n/10 ñejp'äyel \T1/cmr/m/it/10 (+20) vi \T1/cmr/m/n/10 (+20) madu-rarse \T1/cmr/bx/n/10 Wolix
 []

[80]
Underfull \hbox (badness 10000) in paragraph at lines 13074--13079
[]\T1/cmr/bx/n/10 ñochtyañ \T1/cmr/m/it/10 (+20) vt \T1/cmr/m/n/10 (+20) ac-er-carse \T1/cmr/bx/n/10 Jiñi alob
 []

[81]
Underfull \hbox (badness 5908) in paragraph at lines 13199--13204
[]\T1/cmr/bx/n/10 ñoltyäl \T1/cmr/m/it/10 (+20) vi \T1/cmr/m/n/10 (+20) acostarse \T1/cmr/bx/n/10 Mach yomik
 []


Underfull \hbox (badness 10000) in paragraph at lines 13211--13215
[]\T1/cmr/bx/n/10 ñoñochtye' \T1/cmr/m/it/10 (+20) s \T1/cmr/m/n/10 (+20) trepa-tronco gi-gante
 []

[82] [83]
Underfull \hbox (badness 10000) in paragraph at lines 13537--13547
[]\T1/cmr/bx/n/10 ñuk'esañ \T1/cmr/m/it/10 (+20) vt \T1/cmr/m/n/10 (+20) 1. am-pliar \T1/cmr/bx/n/10 Mi kaj
 []


Underfull \hbox (badness 5203) in paragraph at lines 13620--13625
[]\T1/cmr/bx/n/10 obol \T1/cmr/m/it/10 (+20) adj \T1/cmr/m/n/10 (+20) po-bre \T1/cmr/bx/n/10 ½obol lakbä che'
 []

[84]
Underfull \hbox (badness 10000) in paragraph at lines 13649--13654
[]\T1/cmr/bx/n/10 ok'beñal \T1/cmr/m/it/10 (+20) s \T1/cmr/m/n/10 (+20) pu-drim-iento \T1/cmr/bx/n/10 Añix
 []

[85]
Underfull \hbox (badness 10000) in paragraph at lines 13799--13805
[]\T1/cmr/bx/n/10 ok'isañ \T1/cmr/m/n/10 (+20) (\T1/cmr/m/it/10 (+20) Sab.\T1/cmr/m/n/10 (+20) ) \T1/cmr/m/it/10 (+20) vt \T1/cmr/m/n/10 (+20) jun-tar \T1/cmr/bx/n/10 Mi
 []

[86] [87] [88]
Underfull \hbox (badness 10000) in paragraph at lines 14372--14377
\T1/cmr/bx/n/10 ichol. \T1/cmr/m/n/10 (+20) Su milpa to-davía no está
 []

[89] [90]
Underfull \hbox (badness 10000) in paragraph at lines 14683--14688
[]\T1/cmr/bx/n/10 pepets' \T1/cmr/m/it/10 (+20) adv \T1/cmr/m/n/10 (+20) repeti-da-mente \T1/cmr/bx/n/10 Woli
 []

[91]
Underfull \hbox (badness 6412) in paragraph at lines 14912--14917
[]\T1/cmr/bx/n/10 pits'chokoñ \T1/cmr/m/it/10 (+20) vt \T1/cmr/m/n/10 (+20) desnudar \T1/cmr/bx/n/10 Woli ip-
 []

[92]
Underfull \hbox (badness 6016) in paragraph at lines 15147--15153
[]\T1/cmr/bx/n/10 pojol $[]$ \T1/cmr/m/n/10 (+20) (\T1/cmr/m/it/10 (+20) Sab., Tila\T1/cmr/m/n/10 (+20) ) \T1/cmr/m/it/10 (+20) adj \T1/cmr/m/n/10 (+20) cono-cido
 []


Underfull \hbox (badness 6016) in paragraph at lines 15158--15163
[]\T1/cmr/bx/n/10 pojpobil \T1/cmr/m/it/10 (+20) adj \T1/cmr/m/n/10 (+20) asado \T1/cmr/bx/n/10 Po-jpo-bil jiñi
 []

[93]
Underfull \hbox (badness 7186) in paragraph at lines 15218--15223
[]\T1/cmr/bx/n/10 popok \T1/cmr/m/n/10 (+20) (\T1/cmr/m/it/10 (+20) Sab.\T1/cmr/m/n/10 (+20) ) [\T1/cmr/m/it/10 (+20) vari-ante \T1/cmr/m/n/10 (+20) de \T1/cmr/bx/n/10 pokok\T1/cmr/m/n/10 (+20) ]
 []

[94]
Underfull \hbox (badness 5696) in paragraph at lines 15504--15509
[]\T1/cmr/bx/n/10 puts'el \T1/cmr/m/it/10 (+20) vi \T1/cmr/m/n/10 (+20) huir \T1/cmr/bx/n/10 Woli tyi puts'el
 []

[95]
Underfull \hbox (badness 5231) in paragraph at lines 15553--15559
[]\T1/cmr/bx/n/10 *p'ajomal \T1/cmr/m/it/10 (+20) s \T1/cmr/m/n/10 (+20) lo que no sirve (\T1/cmr/m/it/10 (+20) fri-
 []


Underfull \hbox (badness 10000) in paragraph at lines 15560--15565
[]\T1/cmr/bx/n/10 p'ajoñel \T1/cmr/m/it/10 (+20) s \T1/cmr/m/n/10 (+20) grosería \T1/cmr/bx/n/10 Kabäl woli
 []


Underfull \hbox (badness 5622) in paragraph at lines 15573--15578
\T1/cmr/bx/n/10 *p'akel laj k'äb \T1/cmr/m/n/10 (+20) coyun-tura de la
 []


Underfull \hbox (badness 10000) in paragraph at lines 15651--15656
[]\T1/cmr/bx/n/10 *p'ejwlel \T1/cmr/m/it/10 (+20) s \T1/cmr/m/n/10 (+20) abun-dan-cia \T1/cmr/bx/n/10 Dios
 []


Underfull \hbox (badness 10000) in paragraph at lines 15651--15656
\T1/cmr/bx/n/10 mi iyäk'eñoñlalakp'ejwlel tyi
 []

[96]
Underfull \hbox (badness 10000) in paragraph at lines 15721--15731
[]\T1/cmr/bx/n/10 p'ip' \T1/cmr/m/it/10 (+20) adj \T1/cmr/m/n/10 (+20) 1. arisco \T1/cmr/bx/n/10 P'ip' jiñi
 []

[97]
Underfull \hbox (badness 10000) in paragraph at lines 15919--15925
[]\T1/cmr/bx/n/10 p'ujp'uñ \T1/cmr/m/it/10 (+20) vt \T1/cmr/m/n/10 (+20) re-gar (\T1/cmr/m/it/10 (+20) semilla\T1/cmr/m/n/10 (+20) ) \T1/cmr/bx/n/10 Mi
 []


Underfull \hbox (badness 10000) in paragraph at lines 15984--15989
[]\T1/cmr/bx/n/10 p'ump'uña \T1/cmr/m/it/10 (+20) adv \T1/cmr/m/n/10 (+20) pal-pi-tando \T1/cmr/bx/n/10 Tsäts
 []


Underfull \hbox (badness 6078) in paragraph at lines 15990--15995
[]\T1/cmr/bx/n/10 p'uñtyañ \T1/cmr/m/it/10 (+20) vt \T1/cmr/m/n/10 (+20) tener lás-tima de \T1/cmr/bx/n/10 Mi
 []


Underfull \vbox (badness 10000) has occurred while \output is active []

 [98] [99]
Underfull \hbox (badness 10000) in paragraph at lines 16273--16278
[]\T1/cmr/bx/n/10 k'ejcheñ k'ejcheñ \T1/cmr/m/it/10 (+20) adv \T1/cmr/m/n/10 (+20) co-je-ando
 []

[100]
Underfull \hbox (badness 10000) in paragraph at lines 16296--16301
[]\T1/cmr/bx/n/10 k'elekña \T1/cmr/m/it/10 (+20) adj \T1/cmr/m/n/10 (+20) de-spe-jado \T1/cmr/bx/n/10 K'elekña
 []


Underfull \hbox (badness 5064) in paragraph at lines 16375--16380
[]\T1/cmr/bx/n/10 k'extyiyel \T1/cmr/m/it/10 (+20) vi \T1/cmr/m/n/10 (+20) cam-biarse \T1/cmr/bx/n/10 Tsi'ityajax
 []


Underfull \hbox (badness 5756) in paragraph at lines 16410--16415
[]\T1/cmr/bx/n/10 k'iñil \T1/cmr/m/it/10 (+20) adv \T1/cmr/m/n/10 (+20) de día \T1/cmr/bx/n/10 Tyi k'iñil mi
 []


Underfull \hbox (badness 10000) in paragraph at lines 16410--16415
\T1/cmr/bx/n/10 lakcha'leñ e'tyel. \T1/cmr/m/n/10 (+20) Tra-ba-jamos de
 []


Underfull \hbox (badness 6658) in paragraph at lines 16457--16461
[]\T1/cmr/bx/n/10 k'ixiñ pañimil \T1/cmr/m/n/10 (+20) hacer calor \T1/cmr/bx/n/10 Wolix
 []

[101]
Underfull \hbox (badness 6493) in paragraph at lines 16466--16472
[]\T1/cmr/bx/n/10 k'ixñesañ \T1/cmr/m/it/10 (+20) vt \T1/cmr/m/n/10 (+20) ca-len-tar (\T1/cmr/m/it/10 (+20) poco\T1/cmr/m/n/10 (+20) ) \T1/cmr/bx/n/10 Woli
 []


Underfull \hbox (badness 6110) in paragraph at lines 16466--16472
\T1/cmr/bx/n/10 ik'ixñesañ ja'. \T1/cmr/m/n/10 (+20) Está ca-len-tando el
 []


Underfull \hbox (badness 5490) in paragraph at lines 16542--16556
\T1/cmr/bx/n/10 irus. \T1/cmr/m/n/10 (+20) Hizo una cruz. 2. ídolo \T1/cmr/bx/n/10 Mi
 []

[102] [103]
Underfull \hbox (badness 10000) in paragraph at lines 16799--16805
[]\T1/cmr/bx/n/10 säkpochañ $[]$ \T1/cmr/m/it/10 (+20) adj \T1/cmr/m/n/10 (+20) bien afi-lado
 []


Underfull \hbox (badness 10000) in paragraph at lines 16806--16812
\T1/cmr/bx/n/10 ibujk. \T1/cmr/m/n/10 (+20) Está blanca y limpia su
 []


Underfull \hbox (badness 5504) in paragraph at lines 16936--16942
[]\T1/cmr/bx/n/10 säk'oñel \T1/cmr/m/it/10 (+20) s \T1/cmr/m/n/10 (+20) ac-ción de lavar (\T1/cmr/m/it/10 (+20) maíz\T1/cmr/m/n/10 (+20) )
 []

[104]
Underfull \hbox (badness 10000) in paragraph at lines 16955--16960
[]\T1/cmr/bx/n/10 sälem \T1/cmr/m/it/10 (+20) adj \T1/cmr/m/n/10 (+20) jas-peado \T1/cmr/bx/n/10 Sälem jiñi
 []


Underfull \hbox (badness 10000) in paragraph at lines 16961--16966
[]\T1/cmr/bx/n/10 sämäkña \T1/cmr/m/it/10 (+20) adj \T1/cmr/m/n/10 (+20) on-de-ando \T1/cmr/bx/n/10 Juñ-sujm
 []

[105]
Underfull \hbox (badness 10000) in paragraph at lines 17196--17200
[]\T1/cmr/bx/n/10 serbatyañ \T1/cmr/m/it/10 (+20) s \T1/cmr/m/n/10 (+20) zoy-ate, coy-olito (\T1/cmr/m/it/10 (+20) ar-
 []


Underfull \hbox (badness 10000) in paragraph at lines 17292--17297
\T1/cmr/bx/n/10 isik'bal. \T1/cmr/m/n/10 (+20) Ter-minó de limpiar su
 []

[106]
Underfull \hbox (badness 7649) in paragraph at lines 17342--17347
[]\T1/cmr/bx/n/10 sil \T1/cmr/m/it/10 (+20) vt \T1/cmr/m/n/10 (+20) ra-jar \T1/cmr/bx/n/10 Mi lak-sil tyi ojlil
 []


Underfull \hbox (badness 10000) in paragraph at lines 17410--17415
[]\T1/cmr/bx/n/10 sity'kuyel \T1/cmr/m/it/10 (+20) vi \T1/cmr/m/n/10 (+20) hin-charse \T1/cmr/bx/n/10 Wolix
 []

[107]
Underfull \hbox (badness 10000) in paragraph at lines 17490--17496
[]\T1/cmr/bx/n/10 sokokña \T1/cmr/m/it/10 (+20) adv \T1/cmr/m/n/10 (+20) rui-dosa-mente (\T1/cmr/m/it/10 (+20) an-i-mal
 []


Underfull \hbox (badness 10000) in paragraph at lines 17515--17523
\T1/cmr/bx/n/10 jiñi chij. \T1/cmr/m/n/10 (+20) Se enreda el ix-tle. 2.
 []


Underfull \hbox (badness 10000) in paragraph at lines 17535--17540
\T1/cmr/bx/n/10 jiñi puy. \T1/cmr/m/n/10 (+20) Ese hilo está todo
 []


Underfull \hbox (badness 10000) in paragraph at lines 17546--17551
[]\T1/cmr/bx/n/10 sombäl \T1/cmr/m/it/10 (+20) vi \T1/cmr/m/n/10 (+20) encogerse \T1/cmr/bx/n/10 Woli isom-
 []


Underfull \hbox (badness 5036) in paragraph at lines 17557--17562
[]\T1/cmr/bx/n/10 soñ \T1/cmr/m/it/10 (+20) s \T1/cmr/m/n/10 (+20) baile \T1/cmr/bx/n/10 Mi mu-lañ soñ jiñi
 []


Underfull \hbox (badness 10000) in paragraph at lines 17586--17591
[]\T1/cmr/bx/n/10 sorokña \T1/cmr/m/it/10 (+20) adj \T1/cmr/m/n/10 (+20) bur-bu-jeante \T1/cmr/bx/n/10 Sorokña
 []


Underfull \hbox (badness 10000) in paragraph at lines 17635--17639
[]\T1/cmr/bx/n/10 stselel \T1/cmr/m/it/10 (+20) s \T1/cmr/m/n/10 (+20) carpin-tero real, pi-cotero
 []

[108]
Underfull \hbox (badness 10000) in paragraph at lines 17702--17708
[]\T1/cmr/bx/n/10 sts'u'lel \T1/cmr/m/it/10 (+20) s \T1/cmr/m/n/10 (+20) haragán \T1/cmr/bx/n/10 Sts'u'lel jiñi
 []


Underfull \hbox (badness 5274) in paragraph at lines 17768--17771
[]\T1/cmr/bx/n/10 sujlum \T1/cmr/m/it/10 (+20) s \T1/cmr/m/n/10 (+20) musgo que brota de la
 []


Underfull \hbox (badness 5832) in paragraph at lines 17802--17806
[]\T1/cmr/bx/n/10 -sujtyel \T1/cmr/m/it/10 (+20) Su-fijo nu-meral para con-tar
 []

[109]
Underfull \hbox (badness 10000) in paragraph at lines 17807--17813
\T1/cmr/bx/n/10 Ma'añik tsa' iyäk'eyoñ isu-j-tyib
 []


Underfull \hbox (badness 6141) in paragraph at lines 17879--17884
\T1/cmr/bx/n/10 jty alob. \T1/cmr/m/n/10 (+20) El chamaco está dando
 []

[110]
Underfull \hbox (badness 6708) in paragraph at lines 17934--17939
\T1/cmr/m/n/10 (+20) chamaco le sigue en edad a este
 []


Underfull \hbox (badness 10000) in paragraph at lines 18006--18010
[]\T1/cmr/bx/n/10 tyaloñ \T1/cmr/m/n/10 (+20) [\T1/cmr/m/it/10 (+20) 1$[]$ pers. sing. \T1/cmr/m/n/10 (+20) de \T1/cmr/bx/n/10 ty-ilel\T1/cmr/m/n/10 (+20) ]
 []


Underfull \hbox (badness 5133) in paragraph at lines 18027--18031
[]\T1/cmr/bx/n/10 Tyambäpa' \T1/cmr/m/it/10 (+20) s \T1/cmr/m/n/10 (+20) Ar-royo Hondo (\T1/cmr/m/it/10 (+20) colo-
 []

[111]
Underfull \hbox (badness 10000) in paragraph at lines 18164--18175
[]\T1/cmr/bx/n/10 tya'tya' \T1/cmr/m/it/10 (+20) adj \T1/cmr/m/n/10 (+20) 1. su-cio man-chado
 []


Underfull \hbox (badness 7221) in paragraph at lines 18265--18270
\T1/cmr/m/n/10 (+20) ir sigu-iendo a los hom-bres en el
 []


Underfull \hbox (badness 10000) in paragraph at lines 18283--18289
[]\T1/cmr/bx/n/10 tyäsäkña \T1/cmr/m/it/10 (+20) adj \T1/cmr/m/n/10 (+20) nive-lado (\T1/cmr/m/it/10 (+20) ter-reno\T1/cmr/m/n/10 (+20) )
 []

[112] [113]
Underfull \hbox (badness 10000) in paragraph at lines 18601--18606
[]\T1/cmr/bx/n/10 tyik'oñel \T1/cmr/m/it/10 (+20) s \T1/cmr/m/n/10 (+20) pro-hibi-ción \T1/cmr/bx/n/10 Woli tyi
 []

[114]
Underfull \hbox (badness 10000) in paragraph at lines 18633--18638
[]\T1/cmr/bx/n/10 tyijkañ \T1/cmr/m/it/10 (+20) vt \T1/cmr/m/n/10 (+20) sacudir \T1/cmr/bx/n/10 Woli ity-i-jkañ
 []


Underfull \hbox (badness 7869) in paragraph at lines 18710--18714
[]\T1/cmr/bx/n/10 tyiñtyäl \T1/cmr/m/n/10 (+20) (\T1/cmr/m/it/10 (+20) Sab.\T1/cmr/m/n/10 (+20) ) \T1/cmr/m/it/10 (+20) vi \T1/cmr/m/n/10 (+20) agacharse, in-cli-
 []


Underfull \hbox (badness 10000) in paragraph at lines 18754--18759
\T1/cmr/bx/n/10 jiñi bu'ul. \T1/cmr/m/n/10 (+20) El fri-jol ya está sin
 []

[115]
Underfull \hbox (badness 5681) in paragraph at lines 18882--18886
[]\T1/cmr/bx/n/10 tyojk'ay \T1/cmr/m/it/10 (+20) s \T1/cmr/m/n/10 (+20) cuiche, codor-niz común
 []


Underfull \hbox (badness 10000) in paragraph at lines 18934--18939
[]\T1/cmr/bx/n/10 tyojoñel \T1/cmr/m/it/10 (+20) s \T1/cmr/m/n/10 (+20) im-puesto \T1/cmr/bx/n/10 Mi kaj
 []


Underfull \hbox (badness 10000) in paragraph at lines 18934--18939
\T1/cmr/bx/n/10 ik'ajtyiñtyojoñel. \T1/cmr/m/n/10 (+20) Va a pedir im-
 []


Underfull \hbox (badness 10000) in paragraph at lines 18973--18982
\T1/cmr/m/it/10 (+20) o carta\T1/cmr/m/n/10 (+20) ) \T1/cmr/bx/n/10 Jiñi sekret-yario mi
 []

[116]
Underfull \hbox (badness 10000) in paragraph at lines 18992--19006
\T1/cmr/bx/n/10 *tyomel laj k'äb \T1/cmr/m/n/10 (+20) mús-culo del
 []


Overfull \hbox (15.03282pt too wide) in paragraph at lines 19030--19035
[]\T1/cmr/bx/n/10 tyoñtyek' \T1/cmr/m/it/10 (-20) vt \T1/cmr/m/n/10 (-20) dar patada \T1/cmr/bx/n/10 Tyi'tyoñtyek'eyoñ
 []


Underfull \hbox (badness 7468) in paragraph at lines 19058--19064
\T1/cmr/bx/n/10 Woli'tyop' lumba' mi kaj imel
 []


Underfull \hbox (badness 10000) in paragraph at lines 19091--19096
[]\T1/cmr/bx/n/10 tyots'tyäl \T1/cmr/m/it/10 (+20) vi \T1/cmr/m/n/10 (+20) acostarse \T1/cmr/bx/n/10 Yom
 []

[117]
Underfull \hbox (badness 10000) in paragraph at lines 19148--19153
[]\T1/cmr/bx/n/10 tyreñkipal \T1/cmr/m/it/10 (+20) s esp \T1/cmr/m/n/10 (+20) prin-ci-pal \T1/cmr/bx/n/10 Jiñi
 []


Underfull \hbox (badness 5331) in paragraph at lines 19201--19205
\T1/cmr/m/it/10 (+20) y ca-len-tura; se en-cuen-tra en tierra
 []


Underfull \hbox (badness 10000) in paragraph at lines 19231--19235
[]\T1/cmr/bx/n/10 tyuch'k'iñ \T1/cmr/m/it/10 (+20) s \T1/cmr/m/n/10 (+20) cam-pamocha (\T1/cmr/m/it/10 (+20) in-
 []

[118]
Underfull \hbox (badness 10000) in paragraph at lines 19393--19397
[]\T1/cmr/bx/n/10 -tyuts' \T1/cmr/m/it/10 (+20) Su-fijo nu-meral para con-tar
 []


Underfull \hbox (badness 10000) in paragraph at lines 19416--19420
[]\T1/cmr/bx/n/10 tyuyub \T1/cmr/m/it/10 (+20) s \T1/cmr/m/n/10 (+20) periq-uito de alia-mar-illo
 []

[119]
Underfull \hbox (badness 10000) in paragraph at lines 19480--19485
[]\T1/cmr/bx/n/10 ty'ejty'ej \T1/cmr/m/it/10 (+20) adv \T1/cmr/m/n/10 (+20) palme-ando \T1/cmr/bx/n/10 Woli
 []


Underfull \hbox (badness 10000) in paragraph at lines 19480--19485
\T1/cmr/bx/n/10 ity'ejty'ej jats'beñ ipaty iy-erañ.
 []


Underfull \hbox (badness 10000) in paragraph at lines 19493--19498
[]\T1/cmr/bx/n/10 ty'ichty'ichña \T1/cmr/m/it/10 (+20) adv \T1/cmr/m/n/10 (+20) de pun-til-las
 []


Underfull \hbox (badness 10000) in paragraph at lines 19514--19520
\T1/cmr/bx/n/10 Tsa' ity'ojo we'eläl. \T1/cmr/m/n/10 (+20) Cortó la
 []


Underfull \hbox (badness 10000) in paragraph at lines 19528--19533
[]\T1/cmr/bx/n/10 ty'ojläwel \T1/cmr/m/it/10 (+20) vi \T1/cmr/m/n/10 (+20) mejo-rarse \T1/cmr/bx/n/10 Yom mi
 []


Underfull \hbox (badness 10000) in paragraph at lines 19534--19539
[]\T1/cmr/bx/n/10 *ty'ojläwib \T1/cmr/m/it/10 (+20) s \T1/cmr/m/n/10 (+20) belleza \T1/cmr/bx/n/10 Cha'añ
 []

[120]
Underfull \hbox (badness 10000) in paragraph at lines 19620--19625
[]\T1/cmr/bx/n/10 ty'uchtyañ \T1/cmr/m/it/10 (+20) vt \T1/cmr/m/n/10 (+20) pisar \T1/cmr/bx/n/10 Tsa' uj-tyi
 []

[121]
Underfull \hbox (badness 5548) in paragraph at lines 19863--19869
[]\T1/cmr/bx/n/10 tsäñä wäyel \T1/cmr/m/it/10 (+20) vi \T1/cmr/m/n/10 (+20) dormir sin co-bija
 []

[122]
Underfull \hbox (badness 5802) in paragraph at lines 19938--19943
[]\T1/cmr/bx/n/10 tsäytsäyña \T1/cmr/m/it/10 (+20) adj \T1/cmr/m/n/10 (+20) tacaño \T1/cmr/bx/n/10 Tsäyt-säyña
 []


Underfull \hbox (badness 7832) in paragraph at lines 19952--19957
[]\T1/cmr/bx/n/10 tselekña \T1/cmr/m/it/10 (+20) adv Se rela-ciona con el
 []


Underfull \hbox (badness 5359) in paragraph at lines 19963--19966
[]\T1/cmr/bx/n/10 *tsel muty \T1/cmr/m/it/10 (+20) s \T1/cmr/m/n/10 (+20) cresta de pá-jaro o
 []


Underfull \hbox (badness 10000) in paragraph at lines 19989--19994
[]\T1/cmr/bx/n/10 tse'tyeñtyik \T1/cmr/m/it/10 (+20) adv \T1/cmr/m/n/10 (+20) chis-tosa-mente
 []


Underfull \hbox (badness 5802) in paragraph at lines 20009--20019
[]\T1/cmr/bx/n/10 tsiktyesañ \T1/cmr/m/it/10 (+20) vt \T1/cmr/m/n/10 (+20) 1. declarar \T1/cmr/bx/n/10 Che'äch
 []

[123] [124]
Underfull \hbox (badness 10000) in paragraph at lines 20242--20245
[]\T1/cmr/bx/n/10 tsuk ba-jlum \T1/cmr/m/n/10 (+20) ocelote, tigrillo
 []


Underfull \hbox (badness 10000) in paragraph at lines 20364--20367
[]\T1/cmr/bx/n/10 tsutschoj \T1/cmr/m/it/10 (+20) s \T1/cmr/m/n/10 (+20) hom-bre con mucha
 []

[125]
Underfull \hbox (badness 5985) in paragraph at lines 20428--20432
[]\T1/cmr/bx/n/10 tsu'um \T1/cmr/m/it/10 (+20) s \T1/cmr/m/n/10 (+20) am-ate, mat-a-palo (\T1/cmr/m/it/10 (+20) planta
 []

[126]
Underfull \hbox (badness 10000) in paragraph at lines 20579--20584
[]\T1/cmr/bx/n/10 ts'äktyesañ \T1/cmr/m/it/10 (+20) vt \T1/cmr/m/n/10 (+20) com-ple-tar \T1/cmr/bx/n/10 Tsajñi
 []


Underfull \hbox (badness 10000) in paragraph at lines 20616--20622
[]\T1/cmr/bx/n/10 ts'ämäl \T1/cmr/m/it/10 (+20) adj \T1/cmr/m/n/10 (+20) tran-quilo (\T1/cmr/m/it/10 (+20) agua, río\T1/cmr/m/n/10 (+20) )
 []


Underfull \hbox (badness 10000) in paragraph at lines 20629--20631
[]\T1/cmr/bx/n/10 ts'ämi' chityam \T1/cmr/m/n/10 (+20) bañadero de
 []

[127]
Underfull \hbox (badness 10000) in paragraph at lines 20683--20688
[]\T1/cmr/bx/n/10 ts'äylaw \T1/cmr/m/it/10 (+20) adj \T1/cmr/m/n/10 (+20) chis-peante \T1/cmr/bx/n/10 Ts'äylaw
 []


Underfull \hbox (badness 10000) in paragraph at lines 20701--20706
[]\T1/cmr/bx/n/10 ts'ejchokoñ \T1/cmr/m/it/10 (+20) vt \T1/cmr/m/n/10 (+20) colo-car de lado
 []


Underfull \hbox (badness 6725) in paragraph at lines 20701--20706
\T1/cmr/m/n/10 (+20) Coloca de lado ese tablero en el
 []


Underfull \hbox (badness 10000) in paragraph at lines 20812--20816
[]\T1/cmr/bx/n/10 ts'ijbuñ \T1/cmr/m/n/10 (+20) [\T1/cmr/m/it/10 (+20) vari-ante \T1/cmr/m/n/10 (+20) de \T1/cmr/bx/n/10 ts'ijbañ\T1/cmr/m/n/10 (+20) ] es-
 []


Underfull \hbox (badness 7168) in paragraph at lines 20827--20831
\T1/cmr/m/it/10 (+20) p. ej.: \T1/cmr/bx/n/10 Añ kcha'añ tyi ko-ty-oty
 []

[128]
Underfull \hbox (badness 10000) in paragraph at lines 20880--20884
[]\T1/cmr/bx/n/10 ts'islum \T1/cmr/m/it/10 (+20) s \T1/cmr/m/n/10 (+20) come-jén (\T1/cmr/m/it/10 (+20) hormiga
 []


Underfull \hbox (badness 10000) in paragraph at lines 20956--20961
[]\T1/cmr/bx/n/10 *ts'omtye'lel \T1/cmr/m/it/10 (+20) s \T1/cmr/m/n/10 (+20) cinta de casa
 []


Underfull \hbox (badness 10000) in paragraph at lines 20962--20967
[]\T1/cmr/bx/n/10 ts'opts'opña \T1/cmr/m/it/10 (+20) adv \T1/cmr/m/n/10 (+20) chapote-ando
 []


Underfull \hbox (badness 5802) in paragraph at lines 20981--20986
\T1/cmr/bx/n/10 jiñi ch'ajañ cha'añ ma'añik mi
 []

[129]
Underfull \hbox (badness 10000) in paragraph at lines 20993--20997
[]\T1/cmr/bx/n/10 ts'otyol metyel \T1/cmr/m/n/10 (+20) tor-cido \T1/cmr/bx/n/10 Ts'otyol
 []


Underfull \hbox (badness 5105) in paragraph at lines 21091--21097
[]\T1/cmr/bx/n/10 ts'ujy \T1/cmr/m/it/10 (+20) adj \T1/cmr/m/n/10 (+20) duro (\T1/cmr/m/it/10 (+20) cás-cara de fruta\T1/cmr/m/n/10 (+20) )
 []


Underfull \hbox (badness 10000) in paragraph at lines 21153--21158
[]\T1/cmr/bx/n/10 ts'uychokoñ \T1/cmr/m/it/10 (+20) vt \T1/cmr/m/n/10 (+20) col-gar \T1/cmr/bx/n/10 Yom mi
 []

[130]
Underfull \hbox (badness 6141) in paragraph at lines 21159--21164
[]\T1/cmr/bx/n/10 ts'uye'el \T1/cmr/m/it/10 (+20) adj \T1/cmr/m/n/10 (+20) col-gado de la mano
 []


Underfull \hbox (badness 7685) in paragraph at lines 21159--21164
\T1/cmr/m/n/10 (+20) Ll-eva una cal-abaza col-gada de la
 []


Underfull \hbox (badness 10000) in paragraph at lines 21198--21203
[]\T1/cmr/bx/n/10 ts'u'umiyel \T1/cmr/m/it/10 (+20) vi \T1/cmr/m/n/10 (+20) se-carse \T1/cmr/bx/n/10 Wolix
 []

[131] [132]
Underfull \hbox (badness 6625) in paragraph at lines 21518--21526
[]\T1/cmr/bx/n/10 utsil \T1/cmr/m/n/10 (+20) (\T1/cmr/m/it/10 (+20) Tila\T1/cmr/m/n/10 (+20) ) \T1/cmr/m/it/10 (+20) adj \T1/cmr/m/n/10 (+20) de-spe-jado, abierto
 []


Underfull \hbox (badness 5036) in paragraph at lines 21603--21606
[]\T1/cmr/bx/n/10 uxp'ejk'iñ \T1/cmr/m/it/10 (+20) s \T1/cmr/m/n/10 (+20) miér-coles, me-dia se-m-
 []


Underfull \vbox (badness 10000) has occurred while \output is active []

 [133]
Underfull \hbox (badness 5681) in paragraph at lines 21682--21687
\T1/cmr/bx/n/10 ma'añik lak-tyak'iñ. \T1/cmr/m/n/10 (+20) Se burlan de
 []


Underfull \hbox (badness 10000) in paragraph at lines 21741--21747
[]\T1/cmr/bx/n/10 wamlaw \T1/cmr/m/it/10 (+20) adj \T1/cmr/m/n/10 (+20) tur-bu-lento \T1/cmr/bx/n/10 Ya'baki
 []


Underfull \hbox (badness 10000) in paragraph at lines 21741--21747
\T1/cmr/bx/n/10 wamlaw jiñi ja' mach mej-lik
 []


Underfull \hbox (badness 6094) in paragraph at lines 21801--21806
[]\T1/cmr/bx/n/10 waw \T1/cmr/m/it/10 (+20) s esp \T1/cmr/m/n/10 (+20) guao tres lo-mas (\T1/cmr/m/it/10 (+20) tor-
 []

[134]
Underfull \hbox (badness 10000) in paragraph at lines 21847--21854
[]\T1/cmr/bx/n/10 wa'akñiyel \T1/cmr/m/it/10 (+20) vi \T1/cmr/m/n/10 (+20) pasear \T1/cmr/bx/n/10 Woli ityi
 []


Underfull \hbox (badness 6157) in paragraph at lines 21944--21949
[]\T1/cmr/bx/n/10 wälilañ \T1/cmr/m/it/10 (+20) vt \T1/cmr/m/n/10 (+20) criticar \T1/cmr/bx/n/10 Lakpi'älob mi
 []


Underfull \hbox (badness 10000) in paragraph at lines 21953--21958
[]\T1/cmr/bx/n/10 wäñ \T1/cmr/m/it/10 (+20) adv \T1/cmr/m/n/10 (+20) de an-te-mano \T1/cmr/bx/n/10 Mi iwäñ
 []

[135]
Underfull \hbox (badness 5681) in paragraph at lines 21966--21971
[]\T1/cmr/bx/n/10 wäts'äl \T1/cmr/m/it/10 (+20) adj \T1/cmr/m/n/10 (+20) volteado \T1/cmr/bx/n/10 Wäts'äl jiñi
 []


Underfull \hbox (badness 10000) in paragraph at lines 22039--22044
[]\T1/cmr/bx/n/10 wek'uña \T1/cmr/m/it/10 (+20) adv \T1/cmr/m/n/10 (+20) de cor-ri-ente ráp-ida
 []

[136] [137]
Underfull \hbox (badness 5231) in paragraph at lines 22426--22429
[]\T1/cmr/bx/n/10 wisik'iñ \T1/cmr/m/it/10 (+20) s \T1/cmr/m/n/10 (+20) tipo de planta con es-
 []

[138]
Underfull \hbox (badness 7540) in paragraph at lines 22579--22584
[]\T1/cmr/bx/n/10 wojsiña \T1/cmr/m/it/10 (+20) ve \T1/cmr/m/n/10 (+20) res-pi-rando \T1/cmr/bx/n/10 K'ele, wo-
 []


Underfull \hbox (badness 10000) in paragraph at lines 22592--22597
[]\T1/cmr/bx/n/10 wojtsik'tyik \T1/cmr/m/it/10 (+20) adj \T1/cmr/m/n/10 (+20) ar-ru-gado \T1/cmr/bx/n/10 Wo-jt-
 []

[139]
Underfull \hbox (badness 5260) in paragraph at lines 22629--22635
[]\T1/cmr/bx/n/10 wolts'iñ \T1/cmr/m/it/10 (+20) vt \T1/cmr/m/n/10 (+20) mo-lestar (\T1/cmr/m/it/10 (+20) con pal-abras\T1/cmr/m/n/10 (+20) )
 []


Underfull \hbox (badness 10000) in paragraph at lines 22711--22721
[]\T1/cmr/bx/n/10 wotswotsña \T1/cmr/m/it/10 (+20) adj \T1/cmr/m/n/10 (+20) 1. es-puma-joso
 []

[140]
Underfull \hbox (badness 6477) in paragraph at lines 22754--22759
[]\T1/cmr/bx/n/10 woxokña \T1/cmr/m/it/10 (+20) adv Se rela-ciona con el
 []


Underfull \hbox (badness 10000) in paragraph at lines 22816--22821
[]\T1/cmr/bx/n/10 wujtyañ \T1/cmr/m/it/10 (+20) vt \T1/cmr/m/n/10 (+20) so-plar \T1/cmr/bx/n/10 Tsa' iwu-jtya
 []

[141]
Underfull \hbox (badness 7116) in paragraph at lines 22922--22928
[]\T1/cmr/bx/n/10 wuts' \T1/cmr/m/it/10 (+20) vt \T1/cmr/m/n/10 (+20) lavar (\T1/cmr/m/it/10 (+20) ropa\T1/cmr/m/n/10 (+20) ) \T1/cmr/bx/n/10 Kña' woli
 []


Underfull \hbox (badness 10000) in paragraph at lines 22952--22955
[]\T1/cmr/bx/n/10 xajb \T1/cmr/m/it/10 (+20) s \T1/cmr/m/n/10 (+20) hi-erba para condi-men-tar
 []


Underfull \hbox (badness 10000) in paragraph at lines 23023--23027
[]\T1/cmr/bx/n/10 xäk' \T1/cmr/m/it/10 (+20) vt \T1/cmr/m/n/10 (+20) mezclar (\T1/cmr/m/it/10 (+20) arena, cal, ce-
 []

[142]
Underfull \hbox (badness 10000) in paragraph at lines 23200--23202
[]\T1/cmr/bx/n/10 xkäñä aläl \T1/cmr/m/n/10 (+20) la que cuida una
 []


Underfull \hbox (badness 5475) in paragraph at lines 23247--23251
[]\T1/cmr/bx/n/10 xkuchijel \T1/cmr/m/it/10 (+20) s \T1/cmr/m/n/10 (+20) car-gador (\T1/cmr/m/it/10 (+20) so-bre la es-
 []


Underfull \hbox (badness 10000) in paragraph at lines 23275--23279
[]\T1/cmr/bx/n/10 xk'ajbasajk' \T1/cmr/m/it/10 (+20) s \T1/cmr/m/n/10 (+20) cha-pulín (\T1/cmr/m/it/10 (+20) in-secto
 []

[143]
Underfull \hbox (badness 10000) in paragraph at lines 23280--23284
[]\T1/cmr/bx/n/10 xk'ajk'äy aty \T1/cmr/m/n/10 (+20) mútila mora (\T1/cmr/m/it/10 (+20) tipo
 []


Underfull \hbox (badness 6348) in paragraph at lines 23280--23284
\T1/cmr/m/it/10 (+20) fuerte y tiene alas col-oradas\T1/cmr/m/n/10 (+20) ) \T1/cmr/m/it/10 (+20) Var.
 []


Underfull \hbox (badness 6575) in paragraph at lines 23383--23387
\T1/cmr/m/it/10 (+20) madera col-orada y dura, con fruta
 []

[144]
Underfull \hbox (badness 10000) in paragraph at lines 23530--23534
[]\T1/cmr/bx/n/10 xejty'el \T1/cmr/m/it/10 (+20) vt \T1/cmr/m/n/10 (+20) que-brarse (\T1/cmr/m/it/10 (+20) barro, tor-
 []

[145]
Underfull \hbox (badness 6110) in paragraph at lines 23628--23632
[]\T1/cmr/bx/n/10 xikñi'iñ \T1/cmr/m/it/10 (+20) vt \T1/cmr/m/n/10 (+20) echar pun-tal (\T1/cmr/m/it/10 (+20) para re-
 []


Underfull \hbox (badness 5696) in paragraph at lines 23743--23748
[]\T1/cmr/bx/n/10 xipikña \T1/cmr/m/it/10 (+20) adj \T1/cmr/m/n/10 (+20) en-vuelta \T1/cmr/bx/n/10 Xipikña mi
 []


Underfull \hbox (badness 10000) in paragraph at lines 23785--23790
[]\T1/cmr/bx/n/10 xitytyek' \T1/cmr/m/it/10 (+20) vt \T1/cmr/m/n/10 (+20) em-pu-jar \T1/cmr/bx/n/10 Tsa' ix-i-ty-
 []

[146]
Underfull \hbox (badness 10000) in paragraph at lines 23791--23797
[]\T1/cmr/bx/n/10 xity' \T1/cmr/m/it/10 (+20) adv \T1/cmr/m/n/10 (+20) ráp-i-da-mente (\T1/cmr/m/it/10 (+20) lev-an-tarse,
 []


Underfull \hbox (badness 10000) in paragraph at lines 23854--23858
[]\T1/cmr/bx/n/10 xlemoñel \T1/cmr/m/it/10 (+20) s \T1/cmr/m/n/10 (+20) tomador (\T1/cmr/m/it/10 (+20) de aguar-di-
 []

[147]
Underfull \hbox (badness 10000) in paragraph at lines 24073--24077
[]\T1/cmr/bx/n/10 xotyilañ \T1/cmr/m/it/10 (+20) vt \T1/cmr/m/n/10 (+20) en-rol-lar (\T1/cmr/m/it/10 (+20) alam-bre,
 []

[148]
Underfull \hbox (badness 10000) in paragraph at lines 24167--24171
[]\T1/cmr/bx/n/10 xpapañichim \T1/cmr/m/it/10 (+20) s \T1/cmr/m/n/10 (+20) cam-pana (\T1/cmr/m/it/10 (+20) ar-
 []


Underfull \hbox (badness 10000) in paragraph at lines 24235--24239
[]\T1/cmr/bx/n/10 xpiñtsik \T1/cmr/m/it/10 (+20) s \T1/cmr/m/n/10 (+20) tu-can-cillo col-larejo
 []


Underfull \hbox (badness 10000) in paragraph at lines 24253--24256
[]\T1/cmr/bx/n/10 xpomaros pätyal \T1/cmr/m/n/10 (+20) po-mar-rosa (\T1/cmr/m/it/10 (+20) ár-
 []


Underfull \hbox (badness 7415) in paragraph at lines 24270--24274
[]\T1/cmr/bx/n/10 xpujm \T1/cmr/m/it/10 (+20) s \T1/cmr/m/n/10 (+20) tipo de ár-bol (\T1/cmr/m/it/10 (+20) In-for-ma-
 []

[149]
Underfull \hbox (badness 10000) in paragraph at lines 24374--24377
[]\T1/cmr/bx/n/10 xtye' bu'ul \T1/cmr/m/n/10 (+20) chícharo (\T1/cmr/m/it/10 (+20) tipo de hi-
 []


Underfull \hbox (badness 5637) in paragraph at lines 24383--24386
[]\T1/cmr/bx/n/10 xtyi'jamuty \T1/cmr/m/it/10 (+20) s \T1/cmr/m/n/10 (+20) pá-jaro chico y col-
 []


Underfull \hbox (badness 10000) in paragraph at lines 24397--24401
[]\T1/cmr/bx/n/10 xtyow \T1/cmr/m/it/10 (+20) s \T1/cmr/m/n/10 (+20) gav-ilán ne-gro (\T1/cmr/m/it/10 (+20) de tierra
 []


Underfull \hbox (badness 10000) in paragraph at lines 24411--24415
[]\T1/cmr/bx/n/10 xtyuk'oñel \T1/cmr/m/it/10 (+20) s \T1/cmr/m/n/10 (+20) per-sona que corta
 []


Underfull \hbox (badness 10000) in paragraph at lines 24416--24419
[]\T1/cmr/bx/n/10 xtyuch' k'iñ \T1/cmr/m/it/10 (+20) s \T1/cmr/m/n/10 (+20) in-secto palo, za-
 []


Underfull \hbox (badness 10000) in paragraph at lines 24449--24459
\T1/cmr/bx/n/10 axuk'chokoñ jiñi oy. \T1/cmr/m/n/10 (+20) Debes afir-
 []


Underfull \hbox (badness 10000) in paragraph at lines 24466--24471
[]\T1/cmr/bx/n/10 xuk'ukña \T1/cmr/m/it/10 (+20) adv \T1/cmr/m/n/10 (+20) despa-cio \T1/cmr/bx/n/10 Xuk'ukña
 []


Underfull \hbox (badness 10000) in paragraph at lines 24490--24494
[]\T1/cmr/bx/n/10 xuchijp \T1/cmr/m/it/10 (+20) s \T1/cmr/m/n/10 (+20) guaque-que ne-gro, agutí
 []

[150]
Underfull \hbox (badness 10000) in paragraph at lines 24681--24683
[]\T1/cmr/bx/n/10 xwajch' me' \T1/cmr/m/n/10 (+20) ve-nado col-orado,
 []


Underfull \hbox (badness 8075) in paragraph at lines 24734--24739
[]\T1/cmr/bx/n/10 xwukpik \T1/cmr/m/it/10 (+20) s \T1/cmr/m/n/10 (+20) guard-abar-ranco jilguero
 []

[151]
Underfull \hbox (badness 10000) in paragraph at lines 24765--24768
[]\T1/cmr/bx/n/10 xyäx p'ok \T1/cmr/m/it/10 (+20) s \T1/cmr/m/n/10 (+20) la-gar-tija de color
 []


Underfull \hbox (badness 10000) in paragraph at lines 24806--24809
[]\T1/cmr/bx/n/10 x'ajñel \T1/cmr/m/it/10 (+20) s \T1/cmr/m/n/10 (+20) per-sona que está cor-
 []

[152]
Underfull \hbox (badness 7777) in paragraph at lines 24993--24996
[]\T1/cmr/bx/n/10 *yajlib xwich' \T1/cmr/m/it/10 (+20) s \T1/cmr/m/n/10 (+20) campo de ater-
 []


Underfull \hbox (badness 10000) in paragraph at lines 25048--25051
[]\T1/cmr/bx/n/10 *yajtyi'al \T1/cmr/m/it/10 (+20) s \T1/cmr/m/n/10 (+20) primero, cri-anza
 []

[153] [154]
Underfull \hbox (badness 10000) in paragraph at lines 25360--25379
\T1/cmr/bx/n/10 yäxmojañ \T1/cmr/m/it/10 (+20) adj \T1/cmr/m/n/10 (+20) azul, verde (\T1/cmr/m/it/10 (+20) re-fle-
 []

[155]
Underfull \hbox (badness 10000) in paragraph at lines 25437--25441
[]\T1/cmr/bx/n/10 yäxme' \T1/cmr/m/it/10 (+20) s \T1/cmr/m/n/10 (+20) ve-nado azul (\T1/cmr/m/it/10 (+20) mamífero
 []


Underfull \hbox (badness 8075) in paragraph at lines 25521--25523
[]\T1/cmr/bx/n/10 *yeklib i bäl ñäk'äl \T1/cmr/m/n/10 (+20) mesa para
 []


Underfull \hbox (badness 7308) in paragraph at lines 25587--25591
[]\T1/cmr/bx/n/10 Ye'wits \T1/cmr/m/it/10 (+20) s \T1/cmr/m/n/10 (+20) Abajo del Cerro (\T1/cmr/m/it/10 (+20) colo-
 []

[156]
Underfull \hbox (badness 10000) in paragraph at lines 25629--25634
[]\T1/cmr/bx/n/10 *yik'el lum \T1/cmr/m/n/10 (+20) 1. tierra ne-gra 2.
 []

[157] [158] [159] (./latex_chol_to_sp.aux) ) 
Here is how much of TeX's memory you used:
 13422 strings out of 492982
 261478 string characters out of 6132527
 435282 words of memory out of 5000000
 16787 multiletter control sequences out of 15000+600000
 546963 words of font info for 120 fonts, out of 8000000 for 9000
 1141 hyphenation exceptions out of 8191
 47i,8n,73p,10469b,328s stack positions out of 5000i,500n,10000p,200000b,80000s
{/usr/local/texlive/2017/texmf-dist/fonts/enc/dvips/cm-super/cm-super-t1.enc}</usr/local/texlive/2017/texmf-dist/fonts/type1/public/cm-super/sfbx0700.pfb></usr/local/texlive/2017/texmf-dist/fonts/type1/public/cm-super/sfbx1000.pfb></usr/local/texlive/2017/texmf-dist/fonts/type1/public/cm-super/sfbx2074.pfb></usr/local/texlive/2017/texmf-dist/fonts/type1/public/cm-super/sfbx2488.pfb></usr/local/texlive/2017/texmf-dist/fonts/type1/public/cm-super/sfrm0700.pfb></usr/local/texlive/2017/texmf-dist/fonts/type1/public/cm-super/sfrm1000.pfb></usr/local/texlive/2017/texmf-dist/fonts/type1/public/cm-super/sfsl1000.pfb></usr/local/texlive/2017/texmf-dist/fonts/type1/public/cm-super/sfti0700.pfb></usr/local/texlive/2017/texmf-dist/fonts/type1/public/cm-super/sfti1000.pfb>
Output written on latex_chol_to_sp.pdf (159 pages, 750294 bytes).
PDF statistics:
 554 PDF objects out of 1000 (max. 8388607)
 380 compressed objects within 4 object streams
 0 named destinations out of 1000 (max. 500000)
 15361 words of extra memory for PDF output out of 17280 (max. 10000000)

