This is pdfTeX, Version 3.14159265-2.6-1.40.18 (TeX Live 2017) (preloaded format=pdflatex 2018.3.14)  1 SEP 2018 09:51
entering extended mode
 \write18 enabled.
 %&-line parsing enabled.
**latex_dictionary.tex
(./latex_dictionary.tex
LaTeX2e <2017-04-15>
Babel <3.18> and hyphenation patterns for 84 language(s) loaded.
(/usr/local/texlive/2017/texmf-dist/tex/latex/koma-script/scrreprt.cls
Document Class: scrreprt 2017/09/07 v3.24 KOMA-Script document class (report)
(/usr/local/texlive/2017/texmf-dist/tex/latex/koma-script/scrkbase.sty
Package: scrkbase 2017/09/07 v3.24 KOMA-Script package (KOMA-Script-dependent basics and keyval usage)
 (/usr/local/texlive/2017/texmf-dist/tex/latex/koma-script/scrbase.sty
Package: scrbase 2017/09/07 v3.24 KOMA-Script package (KOMA-Script-independent basics and keyval usage)
 (/usr/local/texlive/2017/texmf-dist/tex/latex/graphics/keyval.sty
Package: keyval 2014/10/28 v1.15 key=value parser (DPC)
\KV@toks@=\toks14
) (/usr/local/texlive/2017/texmf-dist/tex/latex/koma-script/scrlfile.sty
Package: scrlfile 2017/09/07 v3.24 KOMA-Script package (loading files)
))) (/usr/local/texlive/2017/texmf-dist/tex/latex/koma-script/tocbasic.sty
Package: tocbasic 2017/09/07 v3.24 KOMA-Script package (handling toc-files)
\scr@dte@tocline@numberwidth=\skip41
\scr@dte@tocline@numbox=\box26
)
Package tocbasic Info: omitting babel extension for `toc'
(tocbasic)             because of feature `nobabel' available
(tocbasic)             for `toc' on input line 135.
Package tocbasic Info: omitting babel extension for `lof'
(tocbasic)             because of feature `nobabel' available
(tocbasic)             for `lof' on input line 137.
Package tocbasic Info: omitting babel extension for `lot'
(tocbasic)             because of feature `nobabel' available
(tocbasic)             for `lot' on input line 138.
Package tocbasic Info: defining new hook before heading of `' on input line 1627.
Package scrreprt Info: You've used standard option `10pt'.
(scrreprt)             This is correct!
(scrreprt)             Internally I'm using `fontsize=10pt'.
(scrreprt)             If you'd like to set the option with \KOMAoptions,
(scrreprt)             you'd have to use `fontsize=10pt' there
(scrreprt)             instead of `10pt', too.
Class scrreprt Info: File `scrsize10pt.clo' used to setup font sizes on input line 2293.
 (/usr/local/texlive/2017/texmf-dist/tex/latex/koma-script/scrsize10pt.clo
File: scrsize10pt.clo 2017/09/07 v3.24 KOMA-Script font size class option (10pt)
) (/usr/local/texlive/2017/texmf-dist/tex/latex/koma-script/typearea.sty
Package: typearea 2017/09/07 v3.24 KOMA-Script package (type area)
\ta@bcor=\skip42
\ta@div=\count79
\ta@hblk=\skip43
\ta@vblk=\skip44
\ta@temp=\skip45
\footheight=\skip46
Package typearea Info: These are the values describing the layout:
(typearea)             DIV  = 8
(typearea)             BCOR = 0.0pt
(typearea)             \paperwidth      = 597.50793pt
(typearea)              \textwidth      = 373.44246pt
(typearea)              DIV departure   = -4%
(typearea)              \evensidemargin = 39.76274pt
(typearea)              \oddsidemargin  = 39.76274pt
(typearea)             \paperheight     = 845.04694pt
(typearea)              \textheight     = 538.0pt
(typearea)              \topmargin      = 0.36087pt
(typearea)              \headheight     = 15.0pt
(typearea)              \headsep        = 18.0pt
(typearea)              \topskip        = 10.0pt
(typearea)              \footskip       = 42.0pt
(typearea)              \baselineskip   = 12.0pt
(typearea)              on input line 1686.
)
\c@part=\count80
\c@chapter=\count81
\c@section=\count82
\c@subsection=\count83
\c@subsubsection=\count84
\c@paragraph=\count85
\c@subparagraph=\count86
\scr@dte@part@maxnumwidth=\skip47
\scr@dte@chapter@maxnumwidth=\skip48
\scr@dte@section@maxnumwidth=\skip49
\scr@dte@subsection@maxnumwidth=\skip50
\scr@dte@subsubsection@maxnumwidth=\skip51
\scr@dte@paragraph@maxnumwidth=\skip52
\scr@dte@subparagraph@maxnumwidth=\skip53
LaTeX Info: Redefining \textsubscript on input line 4964.
\abovecaptionskip=\skip54
\belowcaptionskip=\skip55
\c@pti@nb@sid@b@x=\box27
\c@figure=\count87
\c@table=\count88
Class scrreprt Info: Redefining `\numberline' on input line 6130.
\bibindent=\dimen102
)

Package typearea Warning: Bad type area settings!
(typearea)                The detected line width is about 34%
(typearea)                larger than the heuristically detected line width.
(typearea)                You should e.g. decrease DIV, increase fontsize
(typearea)                or change papersize.

Package typearea Info: These are the values describing the layout:
(typearea)             DIV  = 15
(typearea)             BCOR = 0.0pt
(typearea)             \paperwidth      = 597.50793pt
(typearea)              \textwidth      = 478.00635pt
(typearea)              DIV departure   = -34%
(typearea)              \evensidemargin = -12.5192pt
(typearea)              \oddsidemargin  = -12.5192pt
(typearea)             \paperheight     = 845.04694pt
(typearea)              \textheight     = 682.0pt
(typearea)              \topmargin      = -48.93353pt
(typearea)              \headheight     = 15.0pt
(typearea)              \headsep        = 18.0pt
(typearea)              \topskip        = 10.0pt
(typearea)              \footskip       = 42.0pt
(typearea)              \baselineskip   = 12.0pt
(typearea)              on input line 7.
(/usr/local/texlive/2017/texmf-dist/tex/latex/koma-script/scrhack.sty
Package: scrhack 2017/09/07 v3.24 KOMA-Script package 
 (/usr/local/texlive/2017/texmf-dist/tex/latex/xpatch/xpatch.sty (/usr/local/texlive/2017/texmf-dist/tex/latex/l3kernel/expl3.sty
Package: expl3 2018/02/21 L3 programming layer (loader) 
 (/usr/local/texlive/2017/texmf-dist/tex/latex/l3kernel/expl3-code.tex
Package: expl3 2018/02/21 L3 programming layer (code)
\c_max_int=\count89
\l_tmpa_int=\count90
\l_tmpb_int=\count91
\g_tmpa_int=\count92
\g_tmpb_int=\count93
\g__intarray_font_int=\count94
\g__prg_map_int=\count95
\c_log_iow=\count96
\l_iow_line_count_int=\count97
\l__iow_line_target_int=\count98
\l__iow_one_indent_int=\count99
\l__iow_indent_int=\count100
\c_zero_dim=\dimen103
\c_max_dim=\dimen104
\l_tmpa_dim=\dimen105
\l_tmpb_dim=\dimen106
\g_tmpa_dim=\dimen107
\g_tmpb_dim=\dimen108
\c_zero_skip=\skip56
\c_max_skip=\skip57
\l_tmpa_skip=\skip58
\l_tmpb_skip=\skip59
\g_tmpa_skip=\skip60
\g_tmpb_skip=\skip61
\c_zero_muskip=\muskip10
\c_max_muskip=\muskip11
\l_tmpa_muskip=\muskip12
\l_tmpb_muskip=\muskip13
\g_tmpa_muskip=\muskip14
\g_tmpb_muskip=\muskip15
\l_keys_choice_int=\count101
\c__fp_leading_shift_int=\count102
\c__fp_middle_shift_int=\count103
\c__fp_trailing_shift_int=\count104
\c__fp_big_leading_shift_int=\count105
\c__fp_big_middle_shift_int=\count106
\c__fp_big_trailing_shift_int=\count107
\c__fp_Bigg_leading_shift_int=\count108
\c__fp_Bigg_middle_shift_int=\count109
\c__fp_Bigg_trailing_shift_int=\count110
\c__fp_rand_size_int=\count111
\c__fp_rand_four_int=\count112
\c__fp_rand_eight_int=\count113
\l__sort_length_int=\count114
\l__sort_min_int=\count115
\l__sort_top_int=\count116
\l__sort_max_int=\count117
\l__sort_true_max_int=\count118
\l__sort_block_int=\count119
\l__sort_begin_int=\count120
\l__sort_end_int=\count121
\l__sort_A_int=\count122
\l__sort_B_int=\count123
\l__sort_C_int=\count124
\l__tl_build_start_index_int=\count125
\l__tl_build_index_int=\count126
\l__tl_analysis_normal_int=\count127
\l__tl_analysis_index_int=\count128
\l__tl_analysis_nesting_int=\count129
\l__tl_analysis_type_int=\count130
\l__regex_internal_a_int=\count131
\l__regex_internal_b_int=\count132
\l__regex_internal_c_int=\count133
\l__regex_balance_int=\count134
\l__regex_group_level_int=\count135
\l__regex_mode_int=\count136
\c__regex_cs_in_class_mode_int=\count137
\c__regex_cs_mode_int=\count138
\l__regex_catcodes_int=\count139
\l__regex_default_catcodes_int=\count140
\c__regex_catcode_D_int=\count141
\c__regex_catcode_S_int=\count142
\c__regex_catcode_L_int=\count143
\c__regex_catcode_O_int=\count144
\c__regex_catcode_A_int=\count145
\c__regex_all_catcodes_int=\count146
\l__regex_show_lines_int=\count147
\l__regex_min_state_int=\count148
\l__regex_max_state_int=\count149
\l__regex_left_state_int=\count150
\l__regex_right_state_int=\count151
\l__regex_capturing_group_int=\count152
\l__regex_min_pos_int=\count153
\l__regex_max_pos_int=\count154
\l__regex_curr_pos_int=\count155
\l__regex_start_pos_int=\count156
\l__regex_success_pos_int=\count157
\l__regex_curr_char_int=\count158
\l__regex_curr_catcode_int=\count159
\l__regex_last_char_int=\count160
\l__regex_case_changed_char_int=\count161
\l__regex_curr_state_int=\count162
\l__regex_step_int=\count163
\l__regex_min_active_int=\count164
\l__regex_max_active_int=\count165
\l__regex_replacement_csnames_int=\count166
\l__regex_match_count_int=\count167
\l__regex_min_submatch_int=\count168
\l__regex_submatch_int=\count169
\l__regex_zeroth_submatch_int=\count170
\g__regex_trace_regex_int=\count171
\c_empty_box=\box28
\l_tmpa_box=\box29
\l_tmpb_box=\box30
\g_tmpa_box=\box31
\g_tmpb_box=\box32
\l__box_top_dim=\dimen109
\l__box_bottom_dim=\dimen110
\l__box_left_dim=\dimen111
\l__box_right_dim=\dimen112
\l__box_top_new_dim=\dimen113
\l__box_bottom_new_dim=\dimen114
\l__box_left_new_dim=\dimen115
\l__box_right_new_dim=\dimen116
\l__box_internal_box=\box33
\l__coffin_internal_box=\box34
\l__coffin_internal_dim=\dimen117
\l__coffin_offset_x_dim=\dimen118
\l__coffin_offset_y_dim=\dimen119
\l__coffin_x_dim=\dimen120
\l__coffin_y_dim=\dimen121
\l__coffin_x_prime_dim=\dimen122
\l__coffin_y_prime_dim=\dimen123
\c_empty_coffin=\box35
\l__coffin_aligned_coffin=\box36
\l__coffin_aligned_internal_coffin=\box37
\l_tmpa_coffin=\box38
\l_tmpb_coffin=\box39
\l__coffin_display_coffin=\box40
\l__coffin_display_coord_coffin=\box41
\l__coffin_display_pole_coffin=\box42
\l__coffin_display_offset_dim=\dimen124
\l__coffin_display_x_dim=\dimen125
\l__coffin_display_y_dim=\dimen126
\l__coffin_bounding_shift_dim=\dimen127
\l__coffin_left_corner_dim=\dimen128
\l__coffin_right_corner_dim=\dimen129
\l__coffin_bottom_corner_dim=\dimen130
\l__coffin_top_corner_dim=\dimen131
\l__coffin_scaled_total_height_dim=\dimen132
\l__coffin_scaled_width_dim=\dimen133
) (/usr/local/texlive/2017/texmf-dist/tex/latex/l3kernel/l3pdfmode.def
File: l3pdfmode.def 2017/03/18 v L3 Experimental driver: PDF mode
\l__driver_color_stack_int=\count172
\l__driver_tmp_box=\box43
))
Package: xpatch 2012/10/02 v0.3 Extending etoolbox patching commands
 (/usr/local/texlive/2017/texmf-dist/tex/latex/l3packages/xparse/xparse.sty
Package: xparse 2018/02/21 L3 Experimental document command parser
\l__xparse_current_arg_int=\count173
\g__xparse_grabber_int=\count174
\l__xparse_m_args_int=\count175
\l__xparse_mandatory_args_int=\count176
\l__xparse_v_nesting_int=\count177
) (/usr/local/texlive/2017/texmf-dist/tex/latex/etoolbox/etoolbox.sty
Package: etoolbox 2018/02/11 v2.5e e-TeX tools for LaTeX (JAW)
\etb@tempcnta=\count178
)
.................................................
. LaTeX info: "xparse/define-command"
. 
. Defining command \xpatchcmd with sig. '' on line 125.
.................................................
.................................................
. LaTeX info: "xparse/define-command"
. 
. Defining command \xpretocmd with sig. '' on line 126.
.................................................
.................................................
. LaTeX info: "xparse/define-command"
. 
. Defining command \xapptocmd with sig. '' on line 127.
.................................................
.................................................
. LaTeX info: "xparse/define-command"
. 
. Defining command \xshowcmd with sig. '' on line 128.
.................................................
.................................................
. LaTeX info: "xparse/define-command"
. 
. Defining command \xpatchbibmacro with sig. 'm' on line 131.
.................................................
.................................................
. LaTeX info: "xparse/define-command"
. 
. Defining command \xpretobibmacro with sig. 'm' on line 133.
.................................................
.................................................
. LaTeX info: "xparse/define-command"
. 
. Defining command \xapptobibmacro with sig. 'm' on line 135.
.................................................
.................................................
. LaTeX info: "xparse/define-command"
. 
. Defining command \xshowbibmacro with sig. 'm' on line 137.
.................................................
.................................................
. LaTeX info: "xparse/define-command"
. 
. Defining command \xpatchfieldformat with sig. 'O{*}m' on line 139.
.................................................
.................................................
. LaTeX info: "xparse/define-command"
. 
. Defining command \xpretofieldformat with sig. 'O{*}m' on line 141.
.................................................
.................................................
. LaTeX info: "xparse/define-command"
. 
. Defining command \xapptofieldformat with sig. 'O{*}m' on line 143.
.................................................
.................................................
. LaTeX info: "xparse/define-command"
. 
. Defining command \xshowfieldformat with sig. 'O{*}m' on line 145.
.................................................
.................................................
. LaTeX info: "xparse/define-command"
. 
. Defining command \xpatchnameformat with sig. 'O{*}m' on line 147.
.................................................
.................................................
. LaTeX info: "xparse/define-command"
. 
. Defining command \xpretonameformat with sig. 'O{*}m' on line 149.
.................................................
.................................................
. LaTeX info: "xparse/define-command"
. 
. Defining command \xapptonameformat with sig. 'O{*}m' on line 151.
.................................................
.................................................
. LaTeX info: "xparse/define-command"
. 
. Defining command \xshownameformat with sig. 'O{*}m' on line 153.
.................................................
.................................................
. LaTeX info: "xparse/define-command"
. 
. Defining command \xpatchlistformat with sig. 'O{*}m' on line 155.
.................................................
.................................................
. LaTeX info: "xparse/define-command"
. 
. Defining command \xpretolistformat with sig. 'O{*}m' on line 157.
.................................................
.................................................
. LaTeX info: "xparse/define-command"
. 
. Defining command \xapptolistformat with sig. 'O{*}m' on line 159.
.................................................
.................................................
. LaTeX info: "xparse/define-command"
. 
. Defining command \xshowlistformat with sig. 'O{*}m' on line 161.
.................................................
.................................................
. LaTeX info: "xparse/define-command"
. 
. Defining command \xpatchindexfieldformat with sig. 'O{*}m' on line 163.
.................................................
.................................................
. LaTeX info: "xparse/define-command"
. 
. Defining command \xpretoindexfieldformat with sig. 'O{*}m' on line 165.
.................................................
.................................................
. LaTeX info: "xparse/define-command"
. 
. Defining command \xapptoindexfieldformat with sig. 'O{*}m' on line 167.
.................................................
.................................................
. LaTeX info: "xparse/define-command"
. 
. Defining command \xshowindexfieldformat with sig. 'O{*}m' on line 169.
.................................................
.................................................
. LaTeX info: "xparse/define-command"
. 
. Defining command \xpatchindexnameformat with sig. 'O{*}m' on line 171.
.................................................
.................................................
. LaTeX info: "xparse/define-command"
. 
. Defining command \xpretoindexnameformat with sig. 'O{*}m' on line 173.
.................................................
.................................................
. LaTeX info: "xparse/define-command"
. 
. Defining command \xapptoindexnameformat with sig. 'O{*}m' on line 175.
.................................................
.................................................
. LaTeX info: "xparse/define-command"
. 
. Defining command \xshowindexnameformat with sig. 'O{*}m' on line 177.
.................................................
.................................................
. LaTeX info: "xparse/define-command"
. 
. Defining command \xpatchindexlistformat with sig. 'O{*}m' on line 179.
.................................................
.................................................
. LaTeX info: "xparse/define-command"
. 
. Defining command \xpretoindexlistformat with sig. 'O{*}m' on line 181.
.................................................
.................................................
. LaTeX info: "xparse/define-command"
. 
. Defining command \xappindextolistformat with sig. 'O{*}m' on line 183.
.................................................
.................................................
. LaTeX info: "xparse/define-command"
. 
. Defining command \xshowindexlistformat with sig. 'O{*}m' on line 185.
.................................................
.................................................
. LaTeX info: "xparse/define-command"
. 
. Defining command \xpatchbibdriver with sig. 'm' on line 187.
.................................................
.................................................
. LaTeX info: "xparse/define-command"
. 
. Defining command \xpretobibdriver with sig. 'm' on line 189.
.................................................
.................................................
. LaTeX info: "xparse/define-command"
. 
. Defining command \xapptobibdriver with sig. 'm' on line 191.
.................................................
.................................................
. LaTeX info: "xparse/define-command"
. 
. Defining command \xshowbibdriver with sig. 'm' on line 193.
.................................................
)) (/usr/local/texlive/2017/texmf-dist/tex/latex/base/fontenc.sty
Package: fontenc 2017/04/05 v2.0i Standard LaTeX package
 (/usr/local/texlive/2017/texmf-dist/tex/latex/base/t1enc.def
File: t1enc.def 2017/04/05 v2.0i Standard LaTeX file
LaTeX Font Info:    Redeclaring font encoding T1 on input line 48.
)) (/usr/local/texlive/2017/texmf-dist/tex/latex/base/inputenc.sty
Package: inputenc 2015/03/17 v1.2c Input encoding file
\inpenc@prehook=\toks15
\inpenc@posthook=\toks16
 (/usr/local/texlive/2017/texmf-dist/tex/latex/base/utf8.def
File: utf8.def 2017/01/28 v1.1t UTF-8 support for inputenc
Now handling font encoding OML ...
... no UTF-8 mapping file for font encoding OML
Now handling font encoding T1 ...
... processing UTF-8 mapping file for font encoding T1
 (/usr/local/texlive/2017/texmf-dist/tex/latex/base/t1enc.dfu
File: t1enc.dfu 2017/01/28 v1.1t UTF-8 support for inputenc
   defining Unicode char U+00A0 (decimal 160)
   defining Unicode char U+00A1 (decimal 161)
   defining Unicode char U+00A3 (decimal 163)
   defining Unicode char U+00AB (decimal 171)
   defining Unicode char U+00AD (decimal 173)
   defining Unicode char U+00BB (decimal 187)
   defining Unicode char U+00BF (decimal 191)
   defining Unicode char U+00C0 (decimal 192)
   defining Unicode char U+00C1 (decimal 193)
   defining Unicode char U+00C2 (decimal 194)
   defining Unicode char U+00C3 (decimal 195)
   defining Unicode char U+00C4 (decimal 196)
   defining Unicode char U+00C5 (decimal 197)
   defining Unicode char U+00C6 (decimal 198)
   defining Unicode char U+00C7 (decimal 199)
   defining Unicode char U+00C8 (decimal 200)
   defining Unicode char U+00C9 (decimal 201)
   defining Unicode char U+00CA (decimal 202)
   defining Unicode char U+00CB (decimal 203)
   defining Unicode char U+00CC (decimal 204)
   defining Unicode char U+00CD (decimal 205)
   defining Unicode char U+00CE (decimal 206)
   defining Unicode char U+00CF (decimal 207)
   defining Unicode char U+00D0 (decimal 208)
   defining Unicode char U+00D1 (decimal 209)
   defining Unicode char U+00D2 (decimal 210)
   defining Unicode char U+00D3 (decimal 211)
   defining Unicode char U+00D4 (decimal 212)
   defining Unicode char U+00D5 (decimal 213)
   defining Unicode char U+00D6 (decimal 214)
   defining Unicode char U+00D8 (decimal 216)
   defining Unicode char U+00D9 (decimal 217)
   defining Unicode char U+00DA (decimal 218)
   defining Unicode char U+00DB (decimal 219)
   defining Unicode char U+00DC (decimal 220)
   defining Unicode char U+00DD (decimal 221)
   defining Unicode char U+00DE (decimal 222)
   defining Unicode char U+00DF (decimal 223)
   defining Unicode char U+00E0 (decimal 224)
   defining Unicode char U+00E1 (decimal 225)
   defining Unicode char U+00E2 (decimal 226)
   defining Unicode char U+00E3 (decimal 227)
   defining Unicode char U+00E4 (decimal 228)
   defining Unicode char U+00E5 (decimal 229)
   defining Unicode char U+00E6 (decimal 230)
   defining Unicode char U+00E7 (decimal 231)
   defining Unicode char U+00E8 (decimal 232)
   defining Unicode char U+00E9 (decimal 233)
   defining Unicode char U+00EA (decimal 234)
   defining Unicode char U+00EB (decimal 235)
   defining Unicode char U+00EC (decimal 236)
   defining Unicode char U+00ED (decimal 237)
   defining Unicode char U+00EE (decimal 238)
   defining Unicode char U+00EF (decimal 239)
   defining Unicode char U+00F0 (decimal 240)
   defining Unicode char U+00F1 (decimal 241)
   defining Unicode char U+00F2 (decimal 242)
   defining Unicode char U+00F3 (decimal 243)
   defining Unicode char U+00F4 (decimal 244)
   defining Unicode char U+00F5 (decimal 245)
   defining Unicode char U+00F6 (decimal 246)
   defining Unicode char U+00F8 (decimal 248)
   defining Unicode char U+00F9 (decimal 249)
   defining Unicode char U+00FA (decimal 250)
   defining Unicode char U+00FB (decimal 251)
   defining Unicode char U+00FC (decimal 252)
   defining Unicode char U+00FD (decimal 253)
   defining Unicode char U+00FE (decimal 254)
   defining Unicode char U+00FF (decimal 255)
   defining Unicode char U+0100 (decimal 256)
   defining Unicode char U+0101 (decimal 257)
   defining Unicode char U+0102 (decimal 258)
   defining Unicode char U+0103 (decimal 259)
   defining Unicode char U+0104 (decimal 260)
   defining Unicode char U+0105 (decimal 261)
   defining Unicode char U+0106 (decimal 262)
   defining Unicode char U+0107 (decimal 263)
   defining Unicode char U+0108 (decimal 264)
   defining Unicode char U+0109 (decimal 265)
   defining Unicode char U+010A (decimal 266)
   defining Unicode char U+010B (decimal 267)
   defining Unicode char U+010C (decimal 268)
   defining Unicode char U+010D (decimal 269)
   defining Unicode char U+010E (decimal 270)
   defining Unicode char U+010F (decimal 271)
   defining Unicode char U+0110 (decimal 272)
   defining Unicode char U+0111 (decimal 273)
   defining Unicode char U+0112 (decimal 274)
   defining Unicode char U+0113 (decimal 275)
   defining Unicode char U+0114 (decimal 276)
   defining Unicode char U+0115 (decimal 277)
   defining Unicode char U+0116 (decimal 278)
   defining Unicode char U+0117 (decimal 279)
   defining Unicode char U+0118 (decimal 280)
   defining Unicode char U+0119 (decimal 281)
   defining Unicode char U+011A (decimal 282)
   defining Unicode char U+011B (decimal 283)
   defining Unicode char U+011C (decimal 284)
   defining Unicode char U+011D (decimal 285)
   defining Unicode char U+011E (decimal 286)
   defining Unicode char U+011F (decimal 287)
   defining Unicode char U+0120 (decimal 288)
   defining Unicode char U+0121 (decimal 289)
   defining Unicode char U+0122 (decimal 290)
   defining Unicode char U+0123 (decimal 291)
   defining Unicode char U+0124 (decimal 292)
   defining Unicode char U+0125 (decimal 293)
   defining Unicode char U+0128 (decimal 296)
   defining Unicode char U+0129 (decimal 297)
   defining Unicode char U+012A (decimal 298)
   defining Unicode char U+012B (decimal 299)
   defining Unicode char U+012C (decimal 300)
   defining Unicode char U+012D (decimal 301)
   defining Unicode char U+012E (decimal 302)
   defining Unicode char U+012F (decimal 303)
   defining Unicode char U+0130 (decimal 304)
   defining Unicode char U+0131 (decimal 305)
   defining Unicode char U+0132 (decimal 306)
   defining Unicode char U+0133 (decimal 307)
   defining Unicode char U+0134 (decimal 308)
   defining Unicode char U+0135 (decimal 309)
   defining Unicode char U+0136 (decimal 310)
   defining Unicode char U+0137 (decimal 311)
   defining Unicode char U+0139 (decimal 313)
   defining Unicode char U+013A (decimal 314)
   defining Unicode char U+013B (decimal 315)
   defining Unicode char U+013C (decimal 316)
   defining Unicode char U+013D (decimal 317)
   defining Unicode char U+013E (decimal 318)
   defining Unicode char U+0141 (decimal 321)
   defining Unicode char U+0142 (decimal 322)
   defining Unicode char U+0143 (decimal 323)
   defining Unicode char U+0144 (decimal 324)
   defining Unicode char U+0145 (decimal 325)
   defining Unicode char U+0146 (decimal 326)
   defining Unicode char U+0147 (decimal 327)
   defining Unicode char U+0148 (decimal 328)
   defining Unicode char U+014A (decimal 330)
   defining Unicode char U+014B (decimal 331)
   defining Unicode char U+014C (decimal 332)
   defining Unicode char U+014D (decimal 333)
   defining Unicode char U+014E (decimal 334)
   defining Unicode char U+014F (decimal 335)
   defining Unicode char U+0150 (decimal 336)
   defining Unicode char U+0151 (decimal 337)
   defining Unicode char U+0152 (decimal 338)
   defining Unicode char U+0153 (decimal 339)
   defining Unicode char U+0154 (decimal 340)
   defining Unicode char U+0155 (decimal 341)
   defining Unicode char U+0156 (decimal 342)
   defining Unicode char U+0157 (decimal 343)
   defining Unicode char U+0158 (decimal 344)
   defining Unicode char U+0159 (decimal 345)
   defining Unicode char U+015A (decimal 346)
   defining Unicode char U+015B (decimal 347)
   defining Unicode char U+015C (decimal 348)
   defining Unicode char U+015D (decimal 349)
   defining Unicode char U+015E (decimal 350)
   defining Unicode char U+015F (decimal 351)
   defining Unicode char U+0160 (decimal 352)
   defining Unicode char U+0161 (decimal 353)
   defining Unicode char U+0162 (decimal 354)
   defining Unicode char U+0163 (decimal 355)
   defining Unicode char U+0164 (decimal 356)
   defining Unicode char U+0165 (decimal 357)
   defining Unicode char U+0168 (decimal 360)
   defining Unicode char U+0169 (decimal 361)
   defining Unicode char U+016A (decimal 362)
   defining Unicode char U+016B (decimal 363)
   defining Unicode char U+016C (decimal 364)
   defining Unicode char U+016D (decimal 365)
   defining Unicode char U+016E (decimal 366)
   defining Unicode char U+016F (decimal 367)
   defining Unicode char U+0170 (decimal 368)
   defining Unicode char U+0171 (decimal 369)
   defining Unicode char U+0172 (decimal 370)
   defining Unicode char U+0173 (decimal 371)
   defining Unicode char U+0174 (decimal 372)
   defining Unicode char U+0175 (decimal 373)
   defining Unicode char U+0176 (decimal 374)
   defining Unicode char U+0177 (decimal 375)
   defining Unicode char U+0178 (decimal 376)
   defining Unicode char U+0179 (decimal 377)
   defining Unicode char U+017A (decimal 378)
   defining Unicode char U+017B (decimal 379)
   defining Unicode char U+017C (decimal 380)
   defining Unicode char U+017D (decimal 381)
   defining Unicode char U+017E (decimal 382)
   defining Unicode char U+01CD (decimal 461)
   defining Unicode char U+01CE (decimal 462)
   defining Unicode char U+01CF (decimal 463)
   defining Unicode char U+01D0 (decimal 464)
   defining Unicode char U+01D1 (decimal 465)
   defining Unicode char U+01D2 (decimal 466)
   defining Unicode char U+01D3 (decimal 467)
   defining Unicode char U+01D4 (decimal 468)
   defining Unicode char U+01E2 (decimal 482)
   defining Unicode char U+01E3 (decimal 483)
   defining Unicode char U+01E6 (decimal 486)
   defining Unicode char U+01E7 (decimal 487)
   defining Unicode char U+01E8 (decimal 488)
   defining Unicode char U+01E9 (decimal 489)
   defining Unicode char U+01EA (decimal 490)
   defining Unicode char U+01EB (decimal 491)
   defining Unicode char U+01F0 (decimal 496)
   defining Unicode char U+01F4 (decimal 500)
   defining Unicode char U+01F5 (decimal 501)
   defining Unicode char U+0218 (decimal 536)
   defining Unicode char U+0219 (decimal 537)
   defining Unicode char U+021A (decimal 538)
   defining Unicode char U+021B (decimal 539)
   defining Unicode char U+0232 (decimal 562)
   defining Unicode char U+0233 (decimal 563)
   defining Unicode char U+1E02 (decimal 7682)
   defining Unicode char U+1E03 (decimal 7683)
   defining Unicode char U+200C (decimal 8204)
   defining Unicode char U+2010 (decimal 8208)
   defining Unicode char U+2011 (decimal 8209)
   defining Unicode char U+2012 (decimal 8210)
   defining Unicode char U+2013 (decimal 8211)
   defining Unicode char U+2014 (decimal 8212)
   defining Unicode char U+2015 (decimal 8213)
   defining Unicode char U+2018 (decimal 8216)
   defining Unicode char U+2019 (decimal 8217)
   defining Unicode char U+201A (decimal 8218)
   defining Unicode char U+201C (decimal 8220)
   defining Unicode char U+201D (decimal 8221)
   defining Unicode char U+201E (decimal 8222)
   defining Unicode char U+2030 (decimal 8240)
   defining Unicode char U+2031 (decimal 8241)
   defining Unicode char U+2039 (decimal 8249)
   defining Unicode char U+203A (decimal 8250)
   defining Unicode char U+2423 (decimal 9251)
   defining Unicode char U+1E20 (decimal 7712)
   defining Unicode char U+1E21 (decimal 7713)
)
Now handling font encoding OT1 ...
... processing UTF-8 mapping file for font encoding OT1
 (/usr/local/texlive/2017/texmf-dist/tex/latex/base/ot1enc.dfu
File: ot1enc.dfu 2017/01/28 v1.1t UTF-8 support for inputenc
   defining Unicode char U+00A0 (decimal 160)
   defining Unicode char U+00A1 (decimal 161)
   defining Unicode char U+00A3 (decimal 163)
   defining Unicode char U+00AD (decimal 173)
   defining Unicode char U+00B8 (decimal 184)
   defining Unicode char U+00BF (decimal 191)
   defining Unicode char U+00C5 (decimal 197)
   defining Unicode char U+00C6 (decimal 198)
   defining Unicode char U+00D8 (decimal 216)
   defining Unicode char U+00DF (decimal 223)
   defining Unicode char U+00E6 (decimal 230)
   defining Unicode char U+00EC (decimal 236)
   defining Unicode char U+00ED (decimal 237)
   defining Unicode char U+00EE (decimal 238)
   defining Unicode char U+00EF (decimal 239)
   defining Unicode char U+00F8 (decimal 248)
   defining Unicode char U+0131 (decimal 305)
   defining Unicode char U+0141 (decimal 321)
   defining Unicode char U+0142 (decimal 322)
   defining Unicode char U+0152 (decimal 338)
   defining Unicode char U+0153 (decimal 339)
   defining Unicode char U+0174 (decimal 372)
   defining Unicode char U+0175 (decimal 373)
   defining Unicode char U+0176 (decimal 374)
   defining Unicode char U+0177 (decimal 375)
   defining Unicode char U+0218 (decimal 536)
   defining Unicode char U+0219 (decimal 537)
   defining Unicode char U+021A (decimal 538)
   defining Unicode char U+021B (decimal 539)
   defining Unicode char U+2013 (decimal 8211)
   defining Unicode char U+2014 (decimal 8212)
   defining Unicode char U+2018 (decimal 8216)
   defining Unicode char U+2019 (decimal 8217)
   defining Unicode char U+201C (decimal 8220)
   defining Unicode char U+201D (decimal 8221)
)
Now handling font encoding OMS ...
... processing UTF-8 mapping file for font encoding OMS
 (/usr/local/texlive/2017/texmf-dist/tex/latex/base/omsenc.dfu
File: omsenc.dfu 2017/01/28 v1.1t UTF-8 support for inputenc
   defining Unicode char U+00A7 (decimal 167)
   defining Unicode char U+00B6 (decimal 182)
   defining Unicode char U+00B7 (decimal 183)
   defining Unicode char U+2020 (decimal 8224)
   defining Unicode char U+2021 (decimal 8225)
   defining Unicode char U+2022 (decimal 8226)
)
Now handling font encoding OMX ...
... no UTF-8 mapping file for font encoding OMX
Now handling font encoding U ...
... no UTF-8 mapping file for font encoding U
   defining Unicode char U+00A9 (decimal 169)
   defining Unicode char U+00AA (decimal 170)
   defining Unicode char U+00AE (decimal 174)
   defining Unicode char U+00BA (decimal 186)
   defining Unicode char U+02C6 (decimal 710)
   defining Unicode char U+02DC (decimal 732)
   defining Unicode char U+200C (decimal 8204)
   defining Unicode char U+2026 (decimal 8230)
   defining Unicode char U+2122 (decimal 8482)
   defining Unicode char U+2423 (decimal 9251)
))
   defining Unicode char U+28C (decimal 652)
 (/usr/local/texlive/2017/texmf-dist/tex/latex/beton/beton.sty
Package: beton 1995/03/05 v1.3

Package: `beton' v1.3 <1995/03/05> (FJ)
LaTeX Info: Redefining \oldstylenums on input line 56.
) (/usr/local/texlive/2017/texmf-dist/tex/latex/microtype/microtype.sty
Package: microtype 2018/01/14 v2.7a Micro-typographical refinements (RS)
\MT@toks=\toks17
\MT@count=\count179
LaTeX Info: Redefining \textls on input line 793.
\MT@outer@kern=\dimen134
LaTeX Info: Redefining \textmicrotypecontext on input line 1339.
\MT@listname@count=\count180
 (/usr/local/texlive/2017/texmf-dist/tex/latex/microtype/microtype-pdftex.def
File: microtype-pdftex.def 2018/01/14 v2.7a Definitions specific to pdftex (RS)
LaTeX Info: Redefining \lsstyle on input line 913.
LaTeX Info: Redefining \lslig on input line 913.
\MT@outer@space=\skip62
)
Package microtype Info: Loading configuration file microtype.cfg.
 (/usr/local/texlive/2017/texmf-dist/tex/latex/microtype/microtype.cfg
File: microtype.cfg 2018/01/14 v2.7a microtype main configuration file (RS)
)) (/usr/local/texlive/2017/texmf-dist/tex/latex/tools/multicol.sty
Package: multicol 2017/04/11 v1.8q multicolumn formatting (FMi)
\c@tracingmulticols=\count181
\mult@box=\box44
\multicol@leftmargin=\dimen135
\c@unbalance=\count182
\c@collectmore=\count183
\doublecol@number=\count184
\multicoltolerance=\count185
\multicolpretolerance=\count186
\full@width=\dimen136
\page@free=\dimen137
\premulticols=\dimen138
\postmulticols=\dimen139
\multicolsep=\skip63
\multicolbaselineskip=\skip64
\partial@page=\box45
\last@line=\box46
\maxbalancingoverflow=\dimen140
\mult@rightbox=\box47
\mult@grightbox=\box48
\mult@gfirstbox=\box49
\mult@firstbox=\box50
\@tempa=\box51
\@tempa=\box52
\@tempa=\box53
\@tempa=\box54
\@tempa=\box55
\@tempa=\box56
\@tempa=\box57
\@tempa=\box58
\@tempa=\box59
\@tempa=\box60
\@tempa=\box61
\@tempa=\box62
\@tempa=\box63
\@tempa=\box64
\@tempa=\box65
\@tempa=\box66
\@tempa=\box67
\c@columnbadness=\count187
\c@finalcolumnbadness=\count188
\last@try=\dimen141
\multicolovershoot=\dimen142
\multicolundershoot=\dimen143
\mult@nat@firstbox=\box68
\colbreak@box=\box69
\mc@col@check@num=\count189
)

Class scrreprt Warning: Usage of package `fancyhdr' together
(scrreprt)              with a KOMA-Script class is not recommended.
(scrreprt)              I'd suggest to use 
(scrreprt)              package `scrlayer' or `scrlayer-scrpage', because
(scrreprt)              they support KOMA-Script classes.
(scrreprt)              With `fancyhdr' several features of class `scrreprt'
(scrreprt)              like options `headsepline', `footsepline' or command
(scrreprt)              `\MakeMarkcase' and the commands `\setkomafont' and
(scrreprt)              `\addtokomafont' for the page style elements need
(scrreprt)              explicite user intervention to work.
(scrreprt)              Nevertheless, using requested
(scrreprt)              package `fancyhdr' on input line 28.

(/usr/local/texlive/2017/texmf-dist/tex/latex/fancyhdr/fancyhdr.sty
Package: fancyhdr 2017/06/30 v3.9a Extensive control of page headers and footers
\f@nch@headwidth=\skip65
\f@nch@O@elh=\skip66
\f@nch@O@erh=\skip67
\f@nch@O@olh=\skip68
\f@nch@O@orh=\skip69
\f@nch@O@elf=\skip70
\f@nch@O@erf=\skip71
\f@nch@O@olf=\skip72
\f@nch@O@orf=\skip73
) (./latex_dictionary.aux)
\openout1 = `latex_dictionary.aux'.

LaTeX Font Info:    Checking defaults for OML/cmm/m/it on input line 69.
LaTeX Font Info:    ... okay on input line 69.
LaTeX Font Info:    Checking defaults for T1/cmr/m/n on input line 69.
LaTeX Font Info:    ... okay on input line 69.
LaTeX Font Info:    Checking defaults for OT1/cmr/m/n on input line 69.
LaTeX Font Info:    ... okay on input line 69.
LaTeX Font Info:    Checking defaults for OMS/cmsy/m/n on input line 69.
LaTeX Font Info:    ... okay on input line 69.
LaTeX Font Info:    Checking defaults for OMX/cmex/m/n on input line 69.
LaTeX Font Info:    ... okay on input line 69.
LaTeX Font Info:    Checking defaults for U/cmr/m/n on input line 69.
LaTeX Font Info:    ... okay on input line 69.
LaTeX Font Info:    Try loading font information for T1+ccr on input line 69.
 (/usr/local/texlive/2017/texmf-dist/tex/latex/ccfonts/t1ccr.fd
File: t1ccr.fd 1999/11/22 v1.0a (WaS)
)
LaTeX Info: Redefining \microtypecontext on input line 69.
Package microtype Info: Generating PDF output.
Package microtype Info: Character protrusion enabled (level 2).
Package microtype Info: Using default protrusion set `alltext'.
Package microtype Info: Automatic font expansion enabled (level 2),
(microtype)             stretch: 20, shrink: 20, step: 1, non-selected.
Package microtype Info: Using default expansion set `basictext'.
Package microtype Info: No adjustment of tracking.
Package microtype Info: No adjustment of interword spacing.
Package microtype Info: No adjustment of character kerning.
Package microtype Info: Loading generic protrusion settings for font family
(microtype)             `ccr' (encoding: T1).
(microtype)             For optimal results, create family-specific settings.
(microtype)             See the microtype manual for details.
LaTeX Font Info:    Try loading font information for T1+cmss on input line 71.
 (/usr/local/texlive/2017/texmf-dist/tex/latex/base/t1cmss.fd
File: t1cmss.fd 2014/09/29 v2.5h Standard LaTeX font definitions
)
Package microtype Info: Loading generic protrusion settings for font family
(microtype)             `cmss' (encoding: T1).
(microtype)             For optimal results, create family-specific settings.
(microtype)             See the microtype manual for details.
LaTeX Font Info:    Font shape `T1/ccr/bx/n' in size <10> not available
(Font)              Font shape `T1/cmr/bx/n' tried instead on input line 71.
 (/usr/local/texlive/2017/texmf-dist/tex/latex/microtype/mt-cmr.cfg
File: mt-cmr.cfg 2013/05/19 v2.2 microtype config. file: Computer Modern Roman (RS)
)
LaTeX Font Info:    Font shape `T1/ccr/bx/n' in size <20.74> not available
(Font)              Font shape `T1/cmr/bx/n' tried instead on input line 71.
Package tocbasic Info: character protrusion at toc deactivated on input line 71.
 (./latex_dictionary.toc
LaTeX Font Info:    Font shape `T1/ccr/bx/n' in size <12> not available
(Font)              Font shape `T1/cmr/bx/n' tried instead on input line 1.
LaTeX Font Info:    External font `cmex10' loaded for size
(Font)              <7> on input line 2.
LaTeX Font Info:    External font `cmex10' loaded for size
(Font)              <5> on input line 2.

Overfull \hbox (4.74501pt too wide) detected at line 34
 \T1/cmr/bx/n/12 132
 []

)
\tf@toc=\write3
\openout3 = `latex_dictionary.toc'.

 [1


{/usr/local/texlive/2017/texmf-var/fonts/map/pdftex/updmap/pdftex.map}]
part I.
Package scrkbase Info: You've told me to use the font selection of the element
(scrkbase)             `partprefix' that is an alias of element `partnumber'
(scrkbase)              on input line 76.
LaTeX Font Info:    Font shape `T1/ccr/bx/n' in size <24.88> not available
(Font)              Font shape `T1/cmr/bx/n' tried instead on input line 76.
[2

]
LaTeX Font Info:    Font shape `T1/ccr/bx/n' in size <14.4> not available
(Font)              Font shape `T1/cmr/bx/n' tried instead on input line 77.
 [3

]
Underfull \hbox (badness 6236) in paragraph at lines 327--332
 []\T1/cmr/bx/n/10 ajkäñ \T1/ccr/m/it/10 (+20) s \T1/ccr/m/n/10 (+20) gemido \T1/cmr/bx/n/10 Woli tyi ajkäñ juñ-tyikil
 []

[4] [5] [6] [7

]
Underfull \hbox (badness 10000) in paragraph at lines 1160--1166
 []\T1/cmr/bx/n/10 ba'ikal \T1/ccr/m/n/10 (+20) (\T1/ccr/m/it/10 (+20) Sab.\T1/ccr/m/n/10 (+20) ) \T1/ccr/m/it/10 (+20) adv \T1/ccr/m/n/10 (+20) don-d-e-quiera \T1/cmr/bx/n/10 Mi choñ
 []

[8

] [9] [10] [11] [12] [13] [14

] [15]
Underfull \hbox (badness 10000) in paragraph at lines 2919--2923
 []\T1/cmr/bx/n/10 kolem matye' chityam \T1/ccr/m/n/10 (+20) tam-bor-cillo ma-rina
 []

[16] [17]
Underfull \hbox (badness 5924) in paragraph at lines 3430--3435
 []\T1/cmr/bx/n/10 *kuxtyälel \T1/ccr/m/it/10 (+20) s \T1/ccr/m/n/10 (+20) vida \T1/cmr/bx/n/10 Ma'añik ikux-tyälel jiñi
 []

[18]
Underfull \hbox (badness 10000) in paragraph at lines 3628--3638
 []\T1/cmr/bx/n/10 k'ajtyibeñ \T1/ccr/m/it/10 (+20) vt \T1/ccr/m/n/10 (+20) 1. pre-gun-tarle \T1/cmr/bx/n/10 Yom mi
 []

[19

] [20]
Underfull \hbox (badness 10000) in paragraph at lines 4035--4040
 []\T1/cmr/bx/n/10 k'äñwechañ \T1/ccr/m/it/10 (+20) adj \T1/ccr/m/n/10 (+20) ob-jeto amar-illo y plano
 []


Overfull \hbox (2.79218pt too wide) in paragraph at lines 4199--4206
 []\T1/cmr/bx/n/10 k'ocholmetyel \T1/ccr/m/it/10 (-20) adj \T1/ccr/m/n/10 (-20) sin-u-oso (\T1/ccr/m/it/10 (-20) camino\T1/ccr/m/n/10 (-20) ) \T1/cmr/bx/n/10 K'ocholmetyel
 []

[21]
Underfull \hbox (badness 5388) in paragraph at lines 4427--4433
 []\T1/cmr/bx/n/10 k'o'chokoñ \T1/ccr/m/it/10 (+20) vt \T1/ccr/m/n/10 (+20) colo-car (\T1/ccr/m/it/10 (+20) ob-jeto es-férico\T1/ccr/m/n/10 (+20) ) \T1/cmr/bx/n/10 Tsa'
 []

[22] [23] [24] [25

] [26]
Underfull \hbox (badness 10000) in paragraph at lines 5428--5434
 []\T1/cmr/bx/n/10 chek'chek'ña \T1/ccr/m/it/10 (+20) adv \T1/ccr/m/n/10 (+20) golpeán-dose (\T1/ccr/m/it/10 (+20) máquina\T1/ccr/m/n/10 (+20) )
 []


Underfull \hbox (badness 10000) in paragraph at lines 5482--5486
 []\T1/cmr/bx/n/10 che'bajche' \T1/ccr/m/n/10 (+20) así como \T1/cmr/bx/n/10 Tsa' imele iy-oty-oty
 []

[27] [28] [29] [30]
Underfull \hbox (badness 6348) in paragraph at lines 6193--6198
 []\T1/cmr/bx/n/10 ch'ajtyañ \T1/ccr/m/it/10 (+20) vt \T1/ccr/m/n/10 (+20) medio asar \T1/cmr/bx/n/10 Mi isäl alam-bre
 []


Underfull \hbox (badness 10000) in paragraph at lines 6362--6368
 []\T1/cmr/bx/n/10 ch'äñch'äña \T1/ccr/m/it/10 (+20) adv \T1/ccr/m/n/10 (+20) im-pen-sada-mente (\T1/ccr/m/it/10 (+20) hablar\T1/ccr/m/n/10 (+20) )
 []

[31

]
LaTeX Font Info:    Font shape `T1/ccr/bx/n' in size <7> not available
(Font)              Font shape `T1/cmr/bx/n' tried instead on input line 6569.
 [32]
Underfull \hbox (badness 10000) in paragraph at lines 6708--6714
 []\T1/cmr/bx/n/10 ch'ixluktyik \T1/ccr/m/it/10 (+20) adj \T1/ccr/m/n/10 (+20) corte alto (\T1/ccr/m/it/10 (+20) veg-etación\T1/ccr/m/n/10 (+20) )
 []


Overfull \hbox (15.28442pt too wide) in paragraph at lines 6771--6776
 []\T1/cmr/bx/n/10 ch'och'oktyesañ \T1/ccr/m/it/10 (-20) vt \T1/ccr/m/n/10 (-20) achicar \T1/cmr/bx/n/10 Yom mi ach'och'oktyesañ
 []


Underfull \hbox (badness 6708) in paragraph at lines 6777--6782
 []\T1/cmr/bx/n/10 ch'och'okiyel \T1/ccr/m/it/10 (+20) vi \T1/ccr/m/n/10 (+20) hac-erse más pe-queño \T1/cmr/bx/n/10 Mux
 []

[33]
Underfull \hbox (badness 7133) in paragraph at lines 6812--6817
 []\T1/cmr/bx/n/10 ch'ojch'oñ \T1/ccr/m/it/10 (+20) vt \T1/ccr/m/n/10 (+20) pi-cotear \T1/cmr/bx/n/10 Jiñi alä muty mi
 []


Underfull \hbox (badness 10000) in paragraph at lines 6818--6823
 []\T1/cmr/bx/n/10 ch'ojiyel \T1/ccr/m/it/10 (+20) vi \T1/ccr/m/n/10 (+20) lev-an-tarse \T1/cmr/bx/n/10 Ik'tyo pañimil mi
 []


Underfull \hbox (badness 7759) in paragraph at lines 6842--6848
 []\T1/cmr/bx/n/10 ch'okiyem \T1/ccr/m/it/10 (+20) adj \T1/ccr/m/n/10 (+20) re-toñado (\T1/ccr/m/it/10 (+20) nue-va-mente\T1/ccr/m/n/10 (+20) ) \T1/cmr/bx/n/10 Cha'
 []


Underfull \hbox (badness 6559) in paragraph at lines 6895--6901
 []\T1/cmr/bx/n/10 ch'ujch'uj \T1/ccr/m/it/10 (+20) adv \T1/ccr/m/n/10 (+20) in-sis-ten-te-mente (\T1/ccr/m/it/10 (+20) mi-rar\T1/ccr/m/n/10 (+20) ) \T1/cmr/bx/n/10 Woli
 []


Underfull \hbox (badness 5726) in paragraph at lines 6959--6978
 []\T1/cmr/bx/n/10 *ch'ujutyaty \T1/ccr/m/it/10 (+20) s \T1/ccr/m/n/10 (+20) 1. Dios (\T1/ccr/m/it/10 (+20) lit.: Padre Santo\T1/ccr/m/n/10 (+20) )
 []


Underfull \hbox (badness 10000) in paragraph at lines 6979--6984
 []\T1/cmr/bx/n/10 ch'ujutyesañ \T1/ccr/m/it/10 (+20) vt \T1/ccr/m/n/10 (+20) ado-rar \T1/cmr/bx/n/10 Tyi wa-jali tsa'
 []


Underfull \hbox (badness 6542) in paragraph at lines 6979--6984
 \T1/cmr/bx/n/10 ich'ujutyesa diostye'. \T1/ccr/m/n/10 (+20) Hace mu-cho tiempo
 []

[34] [35] [36

] [37

] [38

] [39

]
Underfull \hbox (badness 10000) in paragraph at lines 7558--7571
 \T1/cmr/bx/n/10 Woli-jach kiläbeñ ipusik'al cha'añ mik
 []

[40] [41] [42

]
Underfull \hbox (badness 5331) in paragraph at lines 8145--8151
 []\T1/cmr/bx/n/10 jastyiyel \T1/ccr/m/it/10 (+20) vi \T1/ccr/m/n/10 (+20) al-can-zar (\T1/ccr/m/it/10 (+20) al-i-mento, paga, ropa\T1/ccr/m/n/10 (+20) )
 []

[43] [44] [45]
Underfull \hbox (badness 10000) in paragraph at lines 8716--8722
 []\T1/cmr/bx/n/10 jich'chokobil \T1/ccr/m/it/10 (+20) adj \T1/ccr/m/n/10 (+20) col-gado (\T1/ccr/m/it/10 (+20) li-bre-mente\T1/ccr/m/n/10 (+20) )
 []


Underfull \hbox (badness 10000) in paragraph at lines 8723--8729
 []\T1/cmr/bx/n/10 jich'chokoñ \T1/ccr/m/it/10 (+20) vt \T1/ccr/m/n/10 (+20) col-gar (\T1/ccr/m/it/10 (+20) li-bre-mente\T1/ccr/m/n/10 (+20) ) \T1/cmr/bx/n/10 Mi
 []

[46]
Underfull \hbox (badness 7116) in paragraph at lines 9129--9135
 []\T1/cmr/bx/n/10 *jojmäñtyel \T1/ccr/m/it/10 (+20) s \T1/ccr/m/n/10 (+20) gran con-sumo (\T1/ccr/m/it/10 (+20) de al-i-mento\T1/ccr/m/n/10 (+20) )
 []

[47] [48] [49]
Underfull \hbox (badness 10000) in paragraph at lines 9881--9886
 []\T1/cmr/bx/n/10 ju'ju'ña \T1/ccr/m/it/10 (+20) adj \T1/ccr/m/n/10 (+20) vo-ciferando \T1/cmr/bx/n/10 Ju'ju'ñayob jiñi
 []

[50] [51] [52

] [53] [54]
Underfull \hbox (badness 5637) in paragraph at lines 10562--10568
 []\T1/cmr/bx/n/10 lich'k'äbañ \T1/ccr/m/it/10 (+20) vt \T1/ccr/m/n/10 (+20) lla-mar (\T1/ccr/m/it/10 (+20) con la mano\T1/ccr/m/n/10 (+20) ) \T1/cmr/bx/n/10 Woli
 []


Underfull \hbox (badness 10000) in paragraph at lines 10669--10675
 []\T1/cmr/bx/n/10 *lok'omlel \T1/ccr/m/n/10 (+20) (\T1/ccr/m/it/10 (+20) Sab.\T1/ccr/m/n/10 (+20) ) \T1/ccr/m/it/10 (+20) s \T1/ccr/m/n/10 (+20) copia \T1/cmr/bx/n/10 Jiñi bu-jkäl
 []

[55] [56] [57] [58

] [59]
Underfull \hbox (badness 10000) in paragraph at lines 11752--11757
 []\T1/cmr/bx/n/10 meloñel \T1/ccr/m/it/10 (+20) s \T1/ccr/m/n/10 (+20) pro-ceso \T1/cmr/bx/n/10 Tsa' tye-jchi meloñel
 []


Underfull \hbox (badness 10000) in paragraph at lines 11752--11757
 \T1/cmr/bx/n/10 tyi'tyojlelob jiñi wiñikob cha'añ tsa'
 []


Underfull \hbox (badness 10000) in paragraph at lines 11847--11852
 []\T1/cmr/bx/n/10 mich'ikña \T1/ccr/m/it/10 (+20) adj \T1/ccr/m/n/10 (+20) eno-jado \T1/cmr/bx/n/10 Mich'ikña jax mi
 []

[60]
Underfull \hbox (badness 10000) in paragraph at lines 12055--12060
 []\T1/cmr/bx/n/10 momotyña \T1/ccr/m/it/10 (+20) adv \T1/ccr/m/n/10 (+20) agru-pada-mente \T1/cmr/bx/n/10 Mo-mo-tyña
 []

[61]
Underfull \hbox (badness 6775) in paragraph at lines 12209--12214
 []\T1/cmr/bx/n/10 mukuty'añ \T1/ccr/m/it/10 (+20) vi \T1/ccr/m/n/10 (+20) cuchic-hear \T1/cmr/bx/n/10 Mach yomik mi
 []

[62] [63] [64

] [65

]
Underfull \hbox (badness 10000) in paragraph at lines 12889--12894
 []\T1/cmr/bx/n/10 *ñäch'tyilel \T1/ccr/m/it/10 (+20) s \T1/ccr/m/n/10 (+20) paz \T1/cmr/bx/n/10 Dios mi iyäk'eñoñlai
 []

[66] [67] [68]
Underfull \hbox (badness 10000) in paragraph at lines 13552--13562
 []\T1/cmr/bx/n/10 ñuk'esäñtyel \T1/ccr/m/it/10 (+20) vi \T1/ccr/m/n/10 (+20) 1. am-pli-arse \T1/cmr/bx/n/10 Mi kaj tyi
 []

[69] [70

] [71] [72

] [73] [74] [75] [76] [77] [78]
Underfull \hbox (badness 5893) in paragraph at lines 15536--15541
 []\T1/cmr/bx/n/10 p'aj \T1/ccr/m/it/10 (+20) vt \T1/ccr/m/n/10 (+20) malde-cir \T1/cmr/bx/n/10 Mach weñik mi lakp'aj
 []


Overfull \hbox (20.62694pt too wide) in paragraph at lines 15649--15654
 []\T1/cmr/bx/n/10 *p'ejwlel \T1/ccr/m/it/10 (-20) s \T1/ccr/m/n/10 (-20) abun-dan-cia \T1/cmr/bx/n/10 Dios mi iyäk'eñoñlalakp'ejwlel
 []

[79

]
Underfull \hbox (badness 10000) in paragraph at lines 15994--15999
 []\T1/cmr/bx/n/10 p'uñtyäñtyel \T1/ccr/m/it/10 (+20) vi \T1/ccr/m/n/10 (+20) com-pade-cerse \T1/cmr/bx/n/10 Ma'añik mi
 []

[80] [81] [82

] [83] [84

] [85] [86

] [87

] [88] [89] [90] [91]
Underfull \hbox (badness 6625) in paragraph at lines 17894--17900
 []\T1/cmr/bx/n/10 suty'chokoñ \T1/ccr/m/it/10 (+20) vt \T1/ccr/m/n/10 (+20) colo-car (\T1/ccr/m/it/10 (+20) un rollo\T1/ccr/m/n/10 (+20) ) \T1/cmr/bx/n/10 Mi kaj
 []

[92]
Underfull \hbox (badness 7168) in paragraph at lines 17996--18002
 []\T1/cmr/bx/n/10 tyal \T1/ccr/m/n/10 (+20) [\T1/ccr/m/it/10 (+20) 3$[]$ pers. sing. de \T1/cmr/bx/n/10 ty-ilel\T1/ccr/m/n/10 (+20) ] viene \T1/cmr/bx/n/10 Tyal
 []

[93

] [94] [95]
Underfull \hbox (badness 10000) in paragraph at lines 18864--18869
 []\T1/cmr/bx/n/10 tyojbiñ \T1/ccr/m/it/10 (+20) vt \T1/ccr/m/n/10 (+20) apun-tar \T1/cmr/bx/n/10 Tyoj mi lak-ty-o-jbiñ
 []

[96] [97]
Underfull \hbox (badness 10000) in paragraph at lines 19297--19303
 []\T1/cmr/bx/n/10 tyulul \T1/ccr/m/it/10 (+20) adj \T1/ccr/m/n/10 (+20) fi-jos (\T1/ccr/m/it/10 (+20) ojos\T1/ccr/m/n/10 (+20) ) \T1/cmr/bx/n/10 Tyu-lul iwuty mi
 []

[98] [99]
Underfull \hbox (badness 10000) in paragraph at lines 19420--19426
 []\T1/cmr/bx/n/10 ty'ajchel \T1/ccr/m/it/10 (+20) vi \T1/ccr/m/n/10 (+20) de-spe-garse (\T1/ccr/m/it/10 (+20) una parte\T1/ccr/m/n/10 (+20) ) \T1/cmr/bx/n/10 Wolix
 []


Underfull \hbox (badness 5475) in paragraph at lines 19463--19469
 []\T1/cmr/bx/n/10 ty'äty'äña \T1/ccr/m/n/10 (+20) (\T1/ccr/m/it/10 (+20) Tila\T1/ccr/m/n/10 (+20) ) \T1/ccr/m/it/10 (+20) adj \T1/ccr/m/n/10 (+20) tem-b-lando (de miedo)
 []


Underfull \hbox (badness 10000) in paragraph at lines 19499--19504
 []\T1/cmr/bx/n/10 ty'ity'ichñayok \T1/ccr/m/it/10 (+20) adv \T1/ccr/m/n/10 (+20) cam-i-nando de pun-til-las
 []

[100

] [101] [102

] [103]
Underfull \hbox (badness 10000) in paragraph at lines 20338--20353
 []\T1/cmr/bx/n/10 tsuts $[]$ \T1/ccr/m/it/10 (+20) s \T1/ccr/m/n/10 (+20) 1. lana \T1/cmr/bx/n/10 Jiñi tyäñäme' mi
 []

[104] [105]
Underfull \hbox (badness 7925) in paragraph at lines 20460--20466
 []\T1/cmr/bx/n/10 ts'ajts'añ \T1/ccr/m/it/10 (+20) vt \T1/ccr/m/n/10 (+20) re-mo-jar (\T1/ccr/m/it/10 (+20) la cabeza\T1/ccr/m/n/10 (+20) ) \T1/cmr/bx/n/10 Woli-jach
 []


Underfull \hbox (badness 10000) in paragraph at lines 20597--20602
 []\T1/cmr/bx/n/10 ts'älbil \T1/ccr/m/it/10 (+20) adj \T1/ccr/m/n/10 (+20) haci-nado \T1/cmr/bx/n/10 Ts'älbil tyak jiñi
 []


Underfull \hbox (badness 10000) in paragraph at lines 20603--20609
 []\T1/cmr/bx/n/10 ts'ältye'ebil \T1/ccr/m/it/10 (+20) adj \T1/ccr/m/n/10 (+20) en-tari-mado (\T1/ccr/m/it/10 (+20) con pa-los\T1/ccr/m/n/10 (+20) )
 []


Underfull \hbox (badness 5316) in paragraph at lines 20658--20664
 []\T1/cmr/bx/n/10 ts'äplaw \T1/ccr/m/it/10 (+20) adv \T1/ccr/m/n/10 (+20) cayendo (\T1/ccr/m/it/10 (+20) unas cuan-tas go-tas\T1/ccr/m/n/10 (+20) )
 []

[106

] [107] [108] [109] [110

] [111] [112

] [113] [114] [115] [116]
Underfull \hbox (badness 10000) in paragraph at lines 22810--22815
 []\T1/cmr/bx/n/10 wujtyañ \T1/ccr/m/it/10 (+20) vt \T1/ccr/m/n/10 (+20) so-plar \T1/cmr/bx/n/10 Tsa' iwu-jtya lok'el
 []


Underfull \hbox (badness 10000) in paragraph at lines 22886--22891
 []\T1/cmr/bx/n/10 wutschokoñ \T1/ccr/m/it/10 (+20) vt \T1/ccr/m/n/10 (+20) poner agachado \T1/cmr/bx/n/10 Yom mi
 []

[117] [118

] [119] [120]
Underfull \hbox (badness 7362) in paragraph at lines 23779--23784
 []\T1/cmr/bx/n/10 xitytyek' \T1/ccr/m/it/10 (+20) vt \T1/ccr/m/n/10 (+20) em-pu-jar \T1/cmr/bx/n/10 Tsa' ix-i-ty-tyek'e jiñi
 []

[121] [122] [123] [124] [125] [126

] [127

] [128] [129] [130] [131]
part II.
Package scrkbase Info: You've told me to use the font selection of the element
(scrkbase)             `partprefix' that is an alias of element `partnumber'
(scrkbase)              on input line 26000.
[132

] [133] [134] [135] [136] [137] [138] [139] [140] [141] [142] [143] [144] [145] [146]
Underfull \hbox (badness 6775) in paragraph at lines 30602--30613
 \T1/cmr/bx/n/10 curarse \T1/ccr/m/n/10 (+20) ts'äkäñtyel, la-jmel wu-j-ty-iñ-tyel (\T1/ccr/m/it/10 (+20) por
 []

[147] [148]
Underfull \hbox (badness 10000) in paragraph at lines 31280--31305
 \T1/cmr/bx/n/10 doblado \T1/ccr/m/n/10 (+20) lit-slit-sña (\T1/ccr/m/it/10 (+20) man-era\T1/ccr/m/n/10 (+20) ) luxul (\T1/ccr/m/it/10 (+20) rodilla,
 []

[149] [150] [151] [152] [153] [154]
Underfull \hbox (badness 5533) in paragraph at lines 33012--33016
 []\T1/cmr/bx/n/10 guaqueque ne-gro \T1/ccr/m/it/10 (+20) m \T1/ccr/m/n/10 (+20) ujchib, xuchijp (\T1/ccr/m/it/10 (+20) agutí;
 []

[155]
Underfull \hbox (badness 10000) in paragraph at lines 33455--33475
 \T1/cmr/bx/n/10 tipo de hongo \T1/ccr/m/n/10 (+20) k'o'loch (\T1/ccr/m/it/10 (+20) co-mestible\T1/ccr/m/n/10 (+20) )
 []

[156] [157] [158] [159] [160] [161] [162] [163]
Underfull \hbox (badness 10000) in paragraph at lines 35971--35979
 []\T1/cmr/bx/n/10 ocelote \T1/ccr/m/it/10 (+20) m \T1/ccr/m/n/10 (+20) 1. ik'sajp, tsuk-ba-jlum, ik'bo'lay
 []

[164] [165] [166] [167] [168] [169] [170] [171] [172] [173]
Underfull \hbox (badness 10000) in paragraph at lines 39120--39142
 \T1/cmr/bx/n/10 sentarse \T1/ccr/m/n/10 (+20) buchtyäl ñak-tyäl (\T1/ccr/m/it/10 (+20) Sab.\T1/ccr/m/n/10 (+20) ) tso-ty-tyäl
 []

[174] [175] [176] [177] [178] [179] [180] [181] (./latex_dictionary.aux) ) 
Here is how much of TeX's memory you used:
 13604 strings out of 492982
 263950 string characters out of 6132527
 425033 words of memory out of 5000000
 16961 multiletter control sequences out of 15000+600000
 550344 words of font info for 123 fonts, out of 8000000 for 9000
 1141 hyphenation exceptions out of 8191
 47i,11n,73p,10469b,391s stack positions out of 5000i,500n,10000p,200000b,80000s
{/usr/local/texlive/2017/texmf-dist/fonts/enc/dvips/cm-super/cm-super-t1.enc}</usr/local/texlive/2017/texmf-dist/fonts/type1/public/cm-super/sfbx0700.pfb></usr/local/texlive/2017/texmf-dist/fonts/type1/public/cm-super/sfbx1000.pfb></usr/local/texlive/2017/texmf-dist/fonts/type1/public/cm-super/sfbx1200.pfb></usr/local/texlive/2017/texmf-dist/fonts/type1/public/cm-super/sfbx2074.pfb></usr/local/texlive/2017/texmf-dist/fonts/type1/public/cm-super/sfbx2488.pfb></usr/local/texlive/2017/texmf-dist/fonts/type1/public/cm-super/sform10.pfb></usr/local/texlive/2017/texmf-dist/fonts/type1/public/cm-super/sform7.pfb></usr/local/texlive/2017/texmf-dist/fonts/type1/public/cm-super/sfosl10.pfb></usr/local/texlive/2017/texmf-dist/fonts/type1/public/cm-super/sfoti10.pfb>
Output written on latex_dictionary.pdf (181 pages, 893149 bytes).
PDF statistics:
 626 PDF objects out of 1000 (max. 8388607)
 429 compressed objects within 5 object streams
 0 named destinations out of 1000 (max. 500000)
 16385 words of extra memory for PDF output out of 17280 (max. 10000000)

